{"C:\\Users\\ved\\OneDrive\\Desktop\\sepro\\Shabd-Setu-A-blogging-platform\\api\\controllers\\Auth.controller.js": {"path":"C:\\Users\\ved\\OneDrive\\Desktop\\sepro\\Shabd-Setu-A-blogging-platform\\api\\controllers\\Auth.controller.js","statementMap":{"0":{"start":{"line":9,"column":27},"end":{"line":9,"column":70}},"1":{"start":{"line":10,"column":32},"end":{"line":10,"column":84}},"2":{"start":{"line":13,"column":20},"end":{"line":13,"column":44}},"3":{"start":{"line":13,"column":28},"end":{"line":13,"column":44}},"4":{"start":{"line":15,"column":24},"end":{"line":57,"column":1}},"5":{"start":{"line":16,"column":4},"end":{"line":56,"column":5}},"6":{"start":{"line":17,"column":42},"end":{"line":17,"column":50}},"7":{"start":{"line":19,"column":8},"end":{"line":21,"column":9}},"8":{"start":{"line":20,"column":12},"end":{"line":20,"column":84}},"9":{"start":{"line":23,"column":32},"end":{"line":23,"column":58}},"10":{"start":{"line":25,"column":29},"end":{"line":25,"column":75}},"11":{"start":{"line":26,"column":8},"end":{"line":28,"column":9}},"12":{"start":{"line":27,"column":12},"end":{"line":27,"column":70}},"13":{"start":{"line":30,"column":31},"end":{"line":30,"column":58}},"14":{"start":{"line":32,"column":8},"end":{"line":42,"column":11}},"15":{"start":{"line":40,"column":16},"end":{"line":40,"column":73}},"16":{"start":{"line":44,"column":8},"end":{"line":52,"column":11}},"17":{"start":{"line":55,"column":8},"end":{"line":55,"column":53}},"18":{"start":{"line":59,"column":25},"end":{"line":100,"column":1}},"19":{"start":{"line":60,"column":4},"end":{"line":99,"column":5}},"20":{"start":{"line":61,"column":31},"end":{"line":61,"column":39}},"21":{"start":{"line":62,"column":8},"end":{"line":64,"column":9}},"22":{"start":{"line":63,"column":12},"end":{"line":63,"column":73}},"23":{"start":{"line":66,"column":32},"end":{"line":66,"column":58}},"24":{"start":{"line":68,"column":28},"end":{"line":68,"column":86}},"25":{"start":{"line":70,"column":8},"end":{"line":72,"column":9}},"26":{"start":{"line":71,"column":12},"end":{"line":71,"column":99}},"27":{"start":{"line":74,"column":29},"end":{"line":74,"column":75}},"28":{"start":{"line":75,"column":8},"end":{"line":77,"column":9}},"29":{"start":{"line":76,"column":12},"end":{"line":76,"column":111}},"30":{"start":{"line":79,"column":8},"end":{"line":81,"column":9}},"31":{"start":{"line":80,"column":12},"end":{"line":80,"column":109}},"32":{"start":{"line":83,"column":24},"end":{"line":89,"column":10}},"33":{"start":{"line":91,"column":8},"end":{"line":91,"column":29}},"34":{"start":{"line":93,"column":8},"end":{"line":93,"column":106}},"35":{"start":{"line":95,"column":8},"end":{"line":97,"column":9}},"36":{"start":{"line":96,"column":12},"end":{"line":96,"column":57}},"37":{"start":{"line":98,"column":8},"end":{"line":98,"column":53}},"38":{"start":{"line":102,"column":25},"end":{"line":146,"column":1}},"39":{"start":{"line":103,"column":4},"end":{"line":145,"column":5}},"40":{"start":{"line":104,"column":26},"end":{"line":104,"column":34}},"41":{"start":{"line":105,"column":8},"end":{"line":107,"column":9}},"42":{"start":{"line":106,"column":12},"end":{"line":106,"column":64}},"43":{"start":{"line":109,"column":32},"end":{"line":109,"column":58}},"44":{"start":{"line":111,"column":8},"end":{"line":141,"column":9}},"45":{"start":{"line":112,"column":27},"end":{"line":117,"column":14}},"46":{"start":{"line":115,"column":20},"end":{"line":115,"column":77}},"47":{"start":{"line":119,"column":34},"end":{"line":119,"column":110}},"48":{"start":{"line":121,"column":12},"end":{"line":130,"column":15}},"49":{"start":{"line":133,"column":12},"end":{"line":136,"column":13}},"50":{"start":{"line":134,"column":36},"end":{"line":134,"column":83}},"51":{"start":{"line":135,"column":16},"end":{"line":135,"column":96}},"52":{"start":{"line":137,"column":12},"end":{"line":139,"column":13}},"53":{"start":{"line":138,"column":16},"end":{"line":138,"column":59}},"54":{"start":{"line":140,"column":12},"end":{"line":140,"column":55}},"55":{"start":{"line":144,"column":8},"end":{"line":144,"column":46}},"56":{"start":{"line":150,"column":21},"end":{"line":187,"column":1}},"57":{"start":{"line":151,"column":4},"end":{"line":186,"column":5}},"58":{"start":{"line":152,"column":36},"end":{"line":152,"column":44}},"59":{"start":{"line":153,"column":21},"end":{"line":153,"column":50}},"60":{"start":{"line":154,"column":8},"end":{"line":156,"column":9}},"61":{"start":{"line":155,"column":12},"end":{"line":155,"column":83}},"62":{"start":{"line":157,"column":32},"end":{"line":157,"column":79}},"63":{"start":{"line":158,"column":8},"end":{"line":160,"column":9}},"64":{"start":{"line":159,"column":12},"end":{"line":159,"column":83}},"65":{"start":{"line":162,"column":22},"end":{"line":167,"column":34}},"66":{"start":{"line":169,"column":8},"end":{"line":174,"column":10}},"67":{"start":{"line":176,"column":24},"end":{"line":176,"column":56}},"68":{"start":{"line":177,"column":8},"end":{"line":177,"column":31}},"69":{"start":{"line":178,"column":8},"end":{"line":182,"column":10}},"70":{"start":{"line":185,"column":8},"end":{"line":185,"column":57}},"71":{"start":{"line":189,"column":27},"end":{"line":237,"column":1}},"72":{"start":{"line":190,"column":4},"end":{"line":236,"column":5}},"73":{"start":{"line":191,"column":40},"end":{"line":191,"column":48}},"74":{"start":{"line":192,"column":32},"end":{"line":192,"column":59}},"75":{"start":{"line":194,"column":8},"end":{"line":194,"column":61}},"76":{"start":{"line":195,"column":8},"end":{"line":208,"column":9}},"77":{"start":{"line":197,"column":29},"end":{"line":197,"column":53}},"78":{"start":{"line":198,"column":35},"end":{"line":198,"column":62}},"79":{"start":{"line":199,"column":28},"end":{"line":204,"column":14}},"80":{"start":{"line":206,"column":12},"end":{"line":206,"column":39}},"81":{"start":{"line":211,"column":22},"end":{"line":216,"column":34}},"82":{"start":{"line":219,"column":8},"end":{"line":224,"column":10}},"83":{"start":{"line":226,"column":24},"end":{"line":226,"column":56}},"84":{"start":{"line":227,"column":8},"end":{"line":227,"column":31}},"85":{"start":{"line":228,"column":8},"end":{"line":232,"column":10}},"86":{"start":{"line":235,"column":8},"end":{"line":235,"column":45}},"87":{"start":{"line":239,"column":22},"end":{"line":257,"column":1}},"88":{"start":{"line":240,"column":4},"end":{"line":256,"column":5}},"89":{"start":{"line":242,"column":8},"end":{"line":247,"column":10}},"90":{"start":{"line":249,"column":8},"end":{"line":252,"column":10}},"91":{"start":{"line":255,"column":8},"end":{"line":255,"column":45}}},"fnMap":{"0":{"name":"(anonymous_0)","decl":{"start":{"line":13,"column":20},"end":{"line":13,"column":21}},"loc":{"start":{"line":13,"column":28},"end":{"line":13,"column":44}},"line":13},"1":{"name":"(anonymous_1)","decl":{"start":{"line":15,"column":24},"end":{"line":15,"column":25}},"loc":{"start":{"line":15,"column":50},"end":{"line":57,"column":1}},"line":15},"2":{"name":"(anonymous_2)","decl":{"start":{"line":39,"column":25},"end":{"line":39,"column":26}},"loc":{"start":{"line":39,"column":76},"end":{"line":41,"column":13}},"line":39},"3":{"name":"(anonymous_3)","decl":{"start":{"line":59,"column":25},"end":{"line":59,"column":26}},"loc":{"start":{"line":59,"column":51},"end":{"line":100,"column":1}},"line":59},"4":{"name":"(anonymous_4)","decl":{"start":{"line":102,"column":25},"end":{"line":102,"column":26}},"loc":{"start":{"line":102,"column":51},"end":{"line":146,"column":1}},"line":102},"5":{"name":"(anonymous_5)","decl":{"start":{"line":114,"column":29},"end":{"line":114,"column":30}},"loc":{"start":{"line":114,"column":80},"end":{"line":116,"column":17}},"line":114},"6":{"name":"(anonymous_6)","decl":{"start":{"line":150,"column":21},"end":{"line":150,"column":22}},"loc":{"start":{"line":150,"column":41},"end":{"line":187,"column":1}},"line":150},"7":{"name":"(anonymous_7)","decl":{"start":{"line":189,"column":27},"end":{"line":189,"column":28}},"loc":{"start":{"line":189,"column":53},"end":{"line":237,"column":1}},"line":189},"8":{"name":"(anonymous_8)","decl":{"start":{"line":239,"column":22},"end":{"line":239,"column":23}},"loc":{"start":{"line":239,"column":48},"end":{"line":257,"column":1}},"line":239}},"branchMap":{"0":{"loc":{"start":{"line":9,"column":34},"end":{"line":9,"column":69}},"type":"binary-expr","locations":[{"start":{"line":9,"column":34},"end":{"line":9,"column":64}},{"start":{"line":9,"column":68},"end":{"line":9,"column":69}}],"line":9},"1":{"loc":{"start":{"line":10,"column":39},"end":{"line":10,"column":83}},"type":"binary-expr","locations":[{"start":{"line":10,"column":39},"end":{"line":10,"column":78}},{"start":{"line":10,"column":82},"end":{"line":10,"column":83}}],"line":10},"2":{"loc":{"start":{"line":19,"column":8},"end":{"line":21,"column":9}},"type":"if","locations":[{"start":{"line":19,"column":8},"end":{"line":21,"column":9}},{"start":{},"end":{}}],"line":19},"3":{"loc":{"start":{"line":19,"column":12},"end":{"line":19,"column":40}},"type":"binary-expr","locations":[{"start":{"line":19,"column":12},"end":{"line":19,"column":17}},{"start":{"line":19,"column":21},"end":{"line":19,"column":27}},{"start":{"line":19,"column":31},"end":{"line":19,"column":40}}],"line":19},"4":{"loc":{"start":{"line":26,"column":8},"end":{"line":28,"column":9}},"type":"if","locations":[{"start":{"line":26,"column":8},"end":{"line":28,"column":9}},{"start":{},"end":{}}],"line":26},"5":{"loc":{"start":{"line":62,"column":8},"end":{"line":64,"column":9}},"type":"if","locations":[{"start":{"line":62,"column":8},"end":{"line":64,"column":9}},{"start":{},"end":{}}],"line":62},"6":{"loc":{"start":{"line":62,"column":12},"end":{"line":62,"column":26}},"type":"binary-expr","locations":[{"start":{"line":62,"column":12},"end":{"line":62,"column":18}},{"start":{"line":62,"column":22},"end":{"line":62,"column":26}}],"line":62},"7":{"loc":{"start":{"line":70,"column":8},"end":{"line":72,"column":9}},"type":"if","locations":[{"start":{"line":70,"column":8},"end":{"line":72,"column":9}},{"start":{},"end":{}}],"line":70},"8":{"loc":{"start":{"line":75,"column":8},"end":{"line":77,"column":9}},"type":"if","locations":[{"start":{"line":75,"column":8},"end":{"line":77,"column":9}},{"start":{},"end":{}}],"line":75},"9":{"loc":{"start":{"line":79,"column":8},"end":{"line":81,"column":9}},"type":"if","locations":[{"start":{"line":79,"column":8},"end":{"line":81,"column":9}},{"start":{},"end":{}}],"line":79},"10":{"loc":{"start":{"line":79,"column":12},"end":{"line":79,"column":58}},"type":"binary-expr","locations":[{"start":{"line":79,"column":12},"end":{"line":79,"column":37}},{"start":{"line":79,"column":41},"end":{"line":79,"column":58}}],"line":79},"11":{"loc":{"start":{"line":87,"column":18},"end":{"line":87,"column":44}},"type":"binary-expr","locations":[{"start":{"line":87,"column":18},"end":{"line":87,"column":34}},{"start":{"line":87,"column":38},"end":{"line":87,"column":44}}],"line":87},"12":{"loc":{"start":{"line":95,"column":8},"end":{"line":97,"column":9}},"type":"if","locations":[{"start":{"line":95,"column":8},"end":{"line":97,"column":9}},{"start":{},"end":{}}],"line":95},"13":{"loc":{"start":{"line":95,"column":12},"end":{"line":95,"column":106}},"type":"binary-expr","locations":[{"start":{"line":95,"column":12},"end":{"line":95,"column":42}},{"start":{"line":95,"column":46},"end":{"line":95,"column":74}},{"start":{"line":95,"column":78},"end":{"line":95,"column":106}}],"line":95},"14":{"loc":{"start":{"line":105,"column":8},"end":{"line":107,"column":9}},"type":"if","locations":[{"start":{"line":105,"column":8},"end":{"line":107,"column":9}},{"start":{},"end":{}}],"line":105},"15":{"loc":{"start":{"line":133,"column":12},"end":{"line":136,"column":13}},"type":"if","locations":[{"start":{"line":133,"column":12},"end":{"line":136,"column":13}},{"start":{},"end":{}}],"line":133},"16":{"loc":{"start":{"line":134,"column":36},"end":{"line":134,"column":83}},"type":"binary-expr","locations":[{"start":{"line":134,"column":36},"end":{"line":134,"column":51}},{"start":{"line":134,"column":55},"end":{"line":134,"column":83}}],"line":134},"17":{"loc":{"start":{"line":137,"column":12},"end":{"line":139,"column":13}},"type":"if","locations":[{"start":{"line":137,"column":12},"end":{"line":139,"column":13}},{"start":{},"end":{}}],"line":137},"18":{"loc":{"start":{"line":154,"column":8},"end":{"line":156,"column":9}},"type":"if","locations":[{"start":{"line":154,"column":8},"end":{"line":156,"column":9}},{"start":{},"end":{}}],"line":154},"19":{"loc":{"start":{"line":158,"column":8},"end":{"line":160,"column":9}},"type":"if","locations":[{"start":{"line":158,"column":8},"end":{"line":160,"column":9}},{"start":{},"end":{}}],"line":158},"20":{"loc":{"start":{"line":172,"column":22},"end":{"line":172,"column":79}},"type":"cond-expr","locations":[{"start":{"line":172,"column":62},"end":{"line":172,"column":68}},{"start":{"line":172,"column":71},"end":{"line":172,"column":79}}],"line":172},"21":{"loc":{"start":{"line":195,"column":8},"end":{"line":208,"column":9}},"type":"if","locations":[{"start":{"line":195,"column":8},"end":{"line":208,"column":9}},{"start":{},"end":{}}],"line":195},"22":{"loc":{"start":{"line":222,"column":22},"end":{"line":222,"column":79}},"type":"cond-expr","locations":[{"start":{"line":222,"column":62},"end":{"line":222,"column":68}},{"start":{"line":222,"column":71},"end":{"line":222,"column":79}}],"line":222},"23":{"loc":{"start":{"line":245,"column":22},"end":{"line":245,"column":79}},"type":"cond-expr","locations":[{"start":{"line":245,"column":62},"end":{"line":245,"column":68}},{"start":{"line":245,"column":71},"end":{"line":245,"column":79}}],"line":245}},"s":{"0":6,"1":6,"2":6,"3":2,"4":6,"5":6,"6":6,"7":6,"8":1,"9":5,"10":5,"11":5,"12":1,"13":4,"14":4,"15":3,"16":3,"17":1,"18":6,"19":15,"20":15,"21":15,"22":1,"23":14,"24":14,"25":11,"26":1,"27":10,"28":9,"29":1,"30":8,"31":2,"32":6,"33":6,"34":6,"35":4,"36":3,"37":1,"38":6,"39":8,"40":8,"41":7,"42":1,"43":6,"44":6,"45":6,"46":2,"47":2,"48":2,"49":4,"50":2,"51":2,"52":2,"53":1,"54":1,"55":1,"56":6,"57":7,"58":7,"59":7,"60":6,"61":1,"62":5,"63":5,"64":1,"65":4,"66":4,"67":4,"68":4,"69":4,"70":1,"71":6,"72":6,"73":6,"74":6,"75":6,"76":5,"77":4,"78":4,"79":4,"80":4,"81":5,"82":5,"83":5,"84":5,"85":5,"86":1,"87":6,"88":4,"89":4,"90":3,"91":1},"f":{"0":2,"1":6,"2":3,"3":15,"4":8,"5":2,"6":7,"7":6,"8":4},"b":{"0":[6,1],"1":[6,1],"2":[1,5],"3":[6,5,5],"4":[1,4],"5":[1,14],"6":[15,15],"7":[1,10],"8":[1,8],"9":[2,6],"10":[8,7],"11":[6,2],"12":[3,1],"13":[4,3,2],"14":[1,6],"15":[2,2],"16":[2,1],"17":[1,1],"18":[1,5],"19":[1,4],"20":[1,3],"21":[4,1],"22":[1,4],"23":[1,3]},"inputSourceMap":null,"_coverageSchema":"1a1c01bbd47fc00a2c39e90264f33305004495a9","hash":"f4302f8b5a2044f58758d5e6bb545cd11ae2a79c"}
,"C:\\Users\\ved\\OneDrive\\Desktop\\sepro\\Shabd-Setu-A-blogging-platform\\api\\controllers\\BlogLike.controller.js": {"path":"C:\\Users\\ved\\OneDrive\\Desktop\\sepro\\Shabd-Setu-A-blogging-platform\\api\\controllers\\BlogLike.controller.js","statementMap":{"0":{"start":{"line":7,"column":22},"end":{"line":45,"column":1}},"1":{"start":{"line":8,"column":4},"end":{"line":44,"column":5}},"2":{"start":{"line":9,"column":27},"end":{"line":9,"column":35}},"3":{"start":{"line":10,"column":27},"end":{"line":10,"column":52}},"4":{"start":{"line":11,"column":31},"end":{"line":11,"column":44}},"5":{"start":{"line":12,"column":23},"end":{"line":12,"column":51}},"6":{"start":{"line":14,"column":8},"end":{"line":16,"column":9}},"7":{"start":{"line":15,"column":12},"end":{"line":15,"column":84}},"8":{"start":{"line":18,"column":19},"end":{"line":18,"column":67}},"9":{"start":{"line":19,"column":29},"end":{"line":19,"column":34}},"10":{"start":{"line":21,"column":8},"end":{"line":26,"column":9}},"11":{"start":{"line":22,"column":12},"end":{"line":22,"column":66}},"12":{"start":{"line":23,"column":12},"end":{"line":23,"column":33}},"13":{"start":{"line":25,"column":12},"end":{"line":25,"column":54}},"14":{"start":{"line":28,"column":26},"end":{"line":28,"column":67}},"15":{"start":{"line":30,"column":8},"end":{"line":36,"column":9}},"16":{"start":{"line":31,"column":12},"end":{"line":35,"column":13}},"17":{"start":{"line":32,"column":16},"end":{"line":32,"column":69}},"18":{"start":{"line":34,"column":16},"end":{"line":34,"column":87}},"19":{"start":{"line":38,"column":8},"end":{"line":40,"column":10}},"20":{"start":{"line":43,"column":8},"end":{"line":43,"column":45}},"21":{"start":{"line":46,"column":25},"end":{"line":67,"column":1}},"22":{"start":{"line":47,"column":4},"end":{"line":66,"column":5}},"23":{"start":{"line":48,"column":35},"end":{"line":48,"column":45}},"24":{"start":{"line":49,"column":26},"end":{"line":49,"column":67}},"25":{"start":{"line":51,"column":26},"end":{"line":51,"column":31}},"26":{"start":{"line":52,"column":8},"end":{"line":57,"column":9}},"27":{"start":{"line":53,"column":32},"end":{"line":53,"column":87}},"28":{"start":{"line":54,"column":12},"end":{"line":56,"column":13}},"29":{"start":{"line":55,"column":16},"end":{"line":55,"column":34}},"30":{"start":{"line":60,"column":8},"end":{"line":63,"column":10}},"31":{"start":{"line":65,"column":8},"end":{"line":65,"column":45}},"32":{"start":{"line":69,"column":24},"end":{"line":100,"column":1}},"33":{"start":{"line":70,"column":2},"end":{"line":99,"column":3}},"34":{"start":{"line":71,"column":23},"end":{"line":71,"column":33}},"35":{"start":{"line":72,"column":23},"end":{"line":72,"column":36}},"36":{"start":{"line":74,"column":8},"end":{"line":76,"column":9}},"37":{"start":{"line":75,"column":12},"end":{"line":75,"column":67}},"38":{"start":{"line":78,"column":29},"end":{"line":78,"column":85}},"39":{"start":{"line":80,"column":4},"end":{"line":83,"column":5}},"40":{"start":{"line":81,"column":6},"end":{"line":81,"column":57}},"41":{"start":{"line":82,"column":6},"end":{"line":82,"column":40}},"42":{"start":{"line":85,"column":8},"end":{"line":85,"column":64}},"43":{"start":{"line":87,"column":17},"end":{"line":87,"column":63}},"44":{"start":{"line":88,"column":4},"end":{"line":93,"column":5}},"45":{"start":{"line":89,"column":6},"end":{"line":92,"column":9}},"46":{"start":{"line":95,"column":4},"end":{"line":95,"column":42}},"47":{"start":{"line":97,"column":4},"end":{"line":97,"column":23}},"48":{"start":{"line":98,"column":4},"end":{"line":98,"column":59}}},"fnMap":{"0":{"name":"(anonymous_0)","decl":{"start":{"line":7,"column":22},"end":{"line":7,"column":23}},"loc":{"start":{"line":7,"column":48},"end":{"line":45,"column":1}},"line":7},"1":{"name":"(anonymous_1)","decl":{"start":{"line":46,"column":25},"end":{"line":46,"column":26}},"loc":{"start":{"line":46,"column":51},"end":{"line":67,"column":1}},"line":46},"2":{"name":"(anonymous_2)","decl":{"start":{"line":69,"column":24},"end":{"line":69,"column":25}},"loc":{"start":{"line":69,"column":44},"end":{"line":100,"column":1}},"line":69}},"branchMap":{"0":{"loc":{"start":{"line":12,"column":23},"end":{"line":12,"column":51}},"type":"binary-expr","locations":[{"start":{"line":12,"column":23},"end":{"line":12,"column":33}},{"start":{"line":12,"column":37},"end":{"line":12,"column":51}}],"line":12},"1":{"loc":{"start":{"line":14,"column":8},"end":{"line":16,"column":9}},"type":"if","locations":[{"start":{"line":14,"column":8},"end":{"line":16,"column":9}},{"start":{},"end":{}}],"line":14},"2":{"loc":{"start":{"line":21,"column":8},"end":{"line":26,"column":9}},"type":"if","locations":[{"start":{"line":21,"column":8},"end":{"line":26,"column":9}},{"start":{"line":24,"column":15},"end":{"line":26,"column":9}}],"line":21},"3":{"loc":{"start":{"line":30,"column":8},"end":{"line":36,"column":9}},"type":"if","locations":[{"start":{"line":30,"column":8},"end":{"line":36,"column":9}},{"start":{},"end":{}}],"line":30},"4":{"loc":{"start":{"line":30,"column":12},"end":{"line":30,"column":36}},"type":"binary-expr","locations":[{"start":{"line":30,"column":12},"end":{"line":30,"column":26}},{"start":{"line":30,"column":30},"end":{"line":30,"column":36}}],"line":30},"5":{"loc":{"start":{"line":52,"column":8},"end":{"line":57,"column":9}},"type":"if","locations":[{"start":{"line":52,"column":8},"end":{"line":57,"column":9}},{"start":{},"end":{}}],"line":52},"6":{"loc":{"start":{"line":54,"column":12},"end":{"line":56,"column":13}},"type":"if","locations":[{"start":{"line":54,"column":12},"end":{"line":56,"column":13}},{"start":{},"end":{}}],"line":54},"7":{"loc":{"start":{"line":74,"column":8},"end":{"line":76,"column":9}},"type":"if","locations":[{"start":{"line":74,"column":8},"end":{"line":76,"column":9}},{"start":{},"end":{}}],"line":74},"8":{"loc":{"start":{"line":80,"column":4},"end":{"line":83,"column":5}},"type":"if","locations":[{"start":{"line":80,"column":4},"end":{"line":83,"column":5}},{"start":{},"end":{}}],"line":80},"9":{"loc":{"start":{"line":88,"column":4},"end":{"line":93,"column":5}},"type":"if","locations":[{"start":{"line":88,"column":4},"end":{"line":93,"column":5}},{"start":{},"end":{}}],"line":88},"10":{"loc":{"start":{"line":88,"column":8},"end":{"line":88,"column":58}},"type":"binary-expr","locations":[{"start":{"line":88,"column":8},"end":{"line":88,"column":12}},{"start":{"line":88,"column":16},"end":{"line":88,"column":58}}],"line":88}},"s":{"0":2,"1":7,"2":7,"3":7,"4":7,"5":7,"6":7,"7":1,"8":6,"9":5,"10":5,"11":4,"12":4,"13":1,"14":5,"15":5,"16":4,"17":4,"18":1,"19":5,"20":1,"21":2,"22":9,"23":9,"24":9,"25":7,"26":7,"27":4,"28":4,"29":2,"30":7,"31":2,"32":2,"33":6,"34":6,"35":6,"36":6,"37":1,"38":5,"39":4,"40":1,"41":1,"42":3,"43":3,"44":3,"45":1,"46":3,"47":1,"48":1},"f":{"0":7,"1":9,"2":6},"b":{"0":[7,2],"1":[1,6],"2":[4,1],"3":[4,1],"4":[5,4],"5":[4,3],"6":[2,2],"7":[1,5],"8":[1,3],"9":[1,2],"10":[3,3]},"inputSourceMap":null,"_coverageSchema":"1a1c01bbd47fc00a2c39e90264f33305004495a9","hash":"4c0fda1808e004491eae881dc11cbba334866e6a"}
,"C:\\Users\\ved\\OneDrive\\Desktop\\sepro\\Shabd-Setu-A-blogging-platform\\api\\controllers\\Category.controller.js": {"path":"C:\\Users\\ved\\OneDrive\\Desktop\\sepro\\Shabd-Setu-A-blogging-platform\\api\\controllers\\Category.controller.js","statementMap":{"0":{"start":{"line":4,"column":27},"end":{"line":27,"column":1}},"1":{"start":{"line":5,"column":4},"end":{"line":26,"column":5}},"2":{"start":{"line":6,"column":31},"end":{"line":6,"column":39}},"3":{"start":{"line":7,"column":25},"end":{"line":7,"column":57}},"4":{"start":{"line":8,"column":8},"end":{"line":10,"column":9}},"5":{"start":{"line":9,"column":12},"end":{"line":9,"column":74}},"6":{"start":{"line":12,"column":25},"end":{"line":12,"column":53}},"7":{"start":{"line":13,"column":8},"end":{"line":13,"column":29}},"8":{"start":{"line":15,"column":8},"end":{"line":18,"column":10}},"9":{"start":{"line":21,"column":8},"end":{"line":21,"column":59}},"10":{"start":{"line":22,"column":8},"end":{"line":24,"column":9}},"11":{"start":{"line":23,"column":12},"end":{"line":23,"column":74}},"12":{"start":{"line":25,"column":8},"end":{"line":25,"column":45}},"13":{"start":{"line":28,"column":28},"end":{"line":42,"column":1}},"14":{"start":{"line":29,"column":4},"end":{"line":41,"column":5}},"15":{"start":{"line":30,"column":31},"end":{"line":30,"column":41}},"16":{"start":{"line":31,"column":25},"end":{"line":31,"column":60}},"17":{"start":{"line":32,"column":8},"end":{"line":34,"column":9}},"18":{"start":{"line":33,"column":12},"end":{"line":33,"column":53}},"19":{"start":{"line":35,"column":8},"end":{"line":37,"column":10}},"20":{"start":{"line":39,"column":8},"end":{"line":39,"column":60}},"21":{"start":{"line":40,"column":8},"end":{"line":40,"column":45}},"22":{"start":{"line":43,"column":30},"end":{"line":60,"column":1}},"23":{"start":{"line":44,"column":4},"end":{"line":59,"column":5}},"24":{"start":{"line":45,"column":31},"end":{"line":45,"column":39}},"25":{"start":{"line":46,"column":31},"end":{"line":46,"column":41}},"26":{"start":{"line":47,"column":25},"end":{"line":49,"column":25}},"27":{"start":{"line":51,"column":8},"end":{"line":55,"column":10}},"28":{"start":{"line":57,"column":8},"end":{"line":57,"column":62}},"29":{"start":{"line":58,"column":8},"end":{"line":58,"column":45}},"30":{"start":{"line":61,"column":30},"end":{"line":73,"column":1}},"31":{"start":{"line":62,"column":4},"end":{"line":72,"column":5}},"32":{"start":{"line":63,"column":31},"end":{"line":63,"column":41}},"33":{"start":{"line":64,"column":8},"end":{"line":64,"column":52}},"34":{"start":{"line":65,"column":8},"end":{"line":68,"column":10}},"35":{"start":{"line":70,"column":8},"end":{"line":70,"column":62}},"36":{"start":{"line":71,"column":8},"end":{"line":71,"column":45}},"37":{"start":{"line":74,"column":30},"end":{"line":84,"column":1}},"38":{"start":{"line":75,"column":4},"end":{"line":83,"column":5}},"39":{"start":{"line":76,"column":25},"end":{"line":76,"column":78}},"40":{"start":{"line":77,"column":8},"end":{"line":79,"column":10}},"41":{"start":{"line":81,"column":8},"end":{"line":81,"column":62}},"42":{"start":{"line":82,"column":8},"end":{"line":82,"column":45}}},"fnMap":{"0":{"name":"(anonymous_0)","decl":{"start":{"line":4,"column":27},"end":{"line":4,"column":28}},"loc":{"start":{"line":4,"column":53},"end":{"line":27,"column":1}},"line":4},"1":{"name":"(anonymous_1)","decl":{"start":{"line":28,"column":28},"end":{"line":28,"column":29}},"loc":{"start":{"line":28,"column":54},"end":{"line":42,"column":1}},"line":28},"2":{"name":"(anonymous_2)","decl":{"start":{"line":43,"column":30},"end":{"line":43,"column":31}},"loc":{"start":{"line":43,"column":56},"end":{"line":60,"column":1}},"line":43},"3":{"name":"(anonymous_3)","decl":{"start":{"line":61,"column":30},"end":{"line":61,"column":31}},"loc":{"start":{"line":61,"column":56},"end":{"line":73,"column":1}},"line":61},"4":{"name":"(anonymous_4)","decl":{"start":{"line":74,"column":30},"end":{"line":74,"column":31}},"loc":{"start":{"line":74,"column":56},"end":{"line":84,"column":1}},"line":74}},"branchMap":{"0":{"loc":{"start":{"line":8,"column":8},"end":{"line":10,"column":9}},"type":"if","locations":[{"start":{"line":8,"column":8},"end":{"line":10,"column":9}},{"start":{},"end":{}}],"line":8},"1":{"loc":{"start":{"line":22,"column":8},"end":{"line":24,"column":9}},"type":"if","locations":[{"start":{"line":22,"column":8},"end":{"line":24,"column":9}},{"start":{},"end":{}}],"line":22},"2":{"loc":{"start":{"line":22,"column":12},"end":{"line":22,"column":85}},"type":"binary-expr","locations":[{"start":{"line":22,"column":12},"end":{"line":22,"column":17}},{"start":{"line":22,"column":22},"end":{"line":22,"column":42}},{"start":{"line":22,"column":46},"end":{"line":22,"column":84}}],"line":22},"3":{"loc":{"start":{"line":22,"column":64},"end":{"line":22,"column":83}},"type":"binary-expr","locations":[{"start":{"line":22,"column":64},"end":{"line":22,"column":77}},{"start":{"line":22,"column":81},"end":{"line":22,"column":83}}],"line":22},"4":{"loc":{"start":{"line":32,"column":8},"end":{"line":34,"column":9}},"type":"if","locations":[{"start":{"line":32,"column":8},"end":{"line":34,"column":9}},{"start":{},"end":{}}],"line":32}},"s":{"0":2,"1":5,"2":5,"3":5,"4":5,"5":1,"6":4,"7":4,"8":1,"9":3,"10":3,"11":1,"12":2,"13":2,"14":3,"15":3,"16":3,"17":2,"18":1,"19":2,"20":1,"21":1,"22":2,"23":2,"24":2,"25":2,"26":2,"27":1,"28":1,"29":1,"30":2,"31":2,"32":2,"33":2,"34":1,"35":1,"36":1,"37":2,"38":4,"39":4,"40":3,"41":1,"42":1},"f":{"0":5,"1":3,"2":2,"3":2,"4":4},"b":{"0":[1,4],"1":[1,2],"2":[3,3,2],"3":[2,1],"4":[1,1]},"inputSourceMap":null,"_coverageSchema":"1a1c01bbd47fc00a2c39e90264f33305004495a9","hash":"e756e364ada80263c6118134de2f47a7f59d971f"}
,"C:\\Users\\ved\\OneDrive\\Desktop\\sepro\\Shabd-Setu-A-blogging-platform\\api\\controllers\\Comment.controller.js": {"path":"C:\\Users\\ved\\OneDrive\\Desktop\\sepro\\Shabd-Setu-A-blogging-platform\\api\\controllers\\Comment.controller.js","statementMap":{"0":{"start":{"line":8,"column":26},"end":{"line":47,"column":1}},"1":{"start":{"line":9,"column":4},"end":{"line":46,"column":5}},"2":{"start":{"line":10,"column":36},"end":{"line":10,"column":44}},"3":{"start":{"line":12,"column":8},"end":{"line":14,"column":9}},"4":{"start":{"line":13,"column":12},"end":{"line":13,"column":77}},"5":{"start":{"line":16,"column":8},"end":{"line":18,"column":9}},"6":{"start":{"line":17,"column":12},"end":{"line":17,"column":60}},"7":{"start":{"line":20,"column":27},"end":{"line":24,"column":10}},"8":{"start":{"line":26,"column":8},"end":{"line":26,"column":31}},"9":{"start":{"line":29,"column":8},"end":{"line":29,"column":56}},"10":{"start":{"line":32,"column":8},"end":{"line":36,"column":9}},"11":{"start":{"line":33,"column":12},"end":{"line":33,"column":78}},"12":{"start":{"line":35,"column":12},"end":{"line":35,"column":86}},"13":{"start":{"line":38,"column":8},"end":{"line":42,"column":10}},"14":{"start":{"line":45,"column":8},"end":{"line":45,"column":45}},"15":{"start":{"line":49,"column":27},"end":{"line":60,"column":1}},"16":{"start":{"line":50,"column":4},"end":{"line":59,"column":5}},"17":{"start":{"line":51,"column":27},"end":{"line":51,"column":37}},"18":{"start":{"line":52,"column":25},"end":{"line":52,"column":125}},"19":{"start":{"line":54,"column":8},"end":{"line":56,"column":10}},"20":{"start":{"line":58,"column":8},"end":{"line":58,"column":45}},"21":{"start":{"line":63,"column":28},"end":{"line":74,"column":1}},"22":{"start":{"line":64,"column":4},"end":{"line":73,"column":5}},"23":{"start":{"line":65,"column":27},"end":{"line":65,"column":37}},"24":{"start":{"line":66,"column":29},"end":{"line":66,"column":69}},"25":{"start":{"line":68,"column":8},"end":{"line":70,"column":10}},"26":{"start":{"line":72,"column":8},"end":{"line":72,"column":45}},"27":{"start":{"line":76,"column":30},"end":{"line":116,"column":1}},"28":{"start":{"line":77,"column":4},"end":{"line":115,"column":5}},"29":{"start":{"line":78,"column":21},"end":{"line":78,"column":29}},"30":{"start":{"line":80,"column":8},"end":{"line":108,"column":9}},"31":{"start":{"line":81,"column":12},"end":{"line":93,"column":23}},"32":{"start":{"line":95,"column":12},"end":{"line":107,"column":23}},"33":{"start":{"line":110,"column":8},"end":{"line":112,"column":10}},"34":{"start":{"line":114,"column":8},"end":{"line":114,"column":45}},"35":{"start":{"line":119,"column":29},"end":{"line":131,"column":1}},"36":{"start":{"line":120,"column":4},"end":{"line":130,"column":5}},"37":{"start":{"line":121,"column":30},"end":{"line":121,"column":40}},"38":{"start":{"line":122,"column":8},"end":{"line":122,"column":50}},"39":{"start":{"line":124,"column":8},"end":{"line":127,"column":10}},"40":{"start":{"line":129,"column":8},"end":{"line":129,"column":45}},"41":{"start":{"line":133,"column":26},"end":{"line":162,"column":1}},"42":{"start":{"line":134,"column":2},"end":{"line":161,"column":3}},"43":{"start":{"line":135,"column":23},"end":{"line":135,"column":33}},"44":{"start":{"line":136,"column":21},"end":{"line":136,"column":29}},"45":{"start":{"line":137,"column":23},"end":{"line":137,"column":36}},"46":{"start":{"line":139,"column":8},"end":{"line":141,"column":9}},"47":{"start":{"line":140,"column":12},"end":{"line":140,"column":67}},"48":{"start":{"line":143,"column":24},"end":{"line":147,"column":10}},"49":{"start":{"line":149,"column":21},"end":{"line":149,"column":67}},"50":{"start":{"line":150,"column":8},"end":{"line":155,"column":9}},"51":{"start":{"line":151,"column":12},"end":{"line":154,"column":15}},"52":{"start":{"line":157,"column":8},"end":{"line":157,"column":38}},"53":{"start":{"line":159,"column":4},"end":{"line":159,"column":23}},"54":{"start":{"line":160,"column":4},"end":{"line":160,"column":61}},"55":{"start":{"line":165,"column":30},"end":{"line":195,"column":1}},"56":{"start":{"line":166,"column":2},"end":{"line":194,"column":3}},"57":{"start":{"line":167,"column":34},"end":{"line":167,"column":44}},"58":{"start":{"line":168,"column":21},"end":{"line":168,"column":29}},"59":{"start":{"line":169,"column":23},"end":{"line":169,"column":36}},"60":{"start":{"line":171,"column":26},"end":{"line":171,"column":59}},"61":{"start":{"line":172,"column":4},"end":{"line":172,"column":84}},"62":{"start":{"line":172,"column":24},"end":{"line":172,"column":84}},"63":{"start":{"line":174,"column":18},"end":{"line":179,"column":6}},"64":{"start":{"line":182,"column":8},"end":{"line":188,"column":5}},"65":{"start":{"line":183,"column":6},"end":{"line":187,"column":9}},"66":{"start":{"line":190,"column":4},"end":{"line":190,"column":32}},"67":{"start":{"line":192,"column":4},"end":{"line":192,"column":23}},"68":{"start":{"line":193,"column":4},"end":{"line":193,"column":55}}},"fnMap":{"0":{"name":"(anonymous_0)","decl":{"start":{"line":8,"column":26},"end":{"line":8,"column":27}},"loc":{"start":{"line":8,"column":52},"end":{"line":47,"column":1}},"line":8},"1":{"name":"(anonymous_1)","decl":{"start":{"line":49,"column":27},"end":{"line":49,"column":28}},"loc":{"start":{"line":49,"column":53},"end":{"line":60,"column":1}},"line":49},"2":{"name":"(anonymous_2)","decl":{"start":{"line":63,"column":28},"end":{"line":63,"column":29}},"loc":{"start":{"line":63,"column":54},"end":{"line":74,"column":1}},"line":63},"3":{"name":"(anonymous_3)","decl":{"start":{"line":76,"column":30},"end":{"line":76,"column":31}},"loc":{"start":{"line":76,"column":56},"end":{"line":116,"column":1}},"line":76},"4":{"name":"(anonymous_4)","decl":{"start":{"line":119,"column":29},"end":{"line":119,"column":30}},"loc":{"start":{"line":119,"column":55},"end":{"line":131,"column":1}},"line":119},"5":{"name":"(anonymous_5)","decl":{"start":{"line":133,"column":26},"end":{"line":133,"column":27}},"loc":{"start":{"line":133,"column":46},"end":{"line":162,"column":1}},"line":133},"6":{"name":"(anonymous_6)","decl":{"start":{"line":165,"column":30},"end":{"line":165,"column":31}},"loc":{"start":{"line":165,"column":50},"end":{"line":195,"column":1}},"line":165}},"branchMap":{"0":{"loc":{"start":{"line":12,"column":8},"end":{"line":14,"column":9}},"type":"if","locations":[{"start":{"line":12,"column":8},"end":{"line":14,"column":9}},{"start":{},"end":{}}],"line":12},"1":{"loc":{"start":{"line":12,"column":12},"end":{"line":12,"column":31}},"type":"binary-expr","locations":[{"start":{"line":12,"column":12},"end":{"line":12,"column":19}},{"start":{"line":12,"column":23},"end":{"line":12,"column":31}}],"line":12},"2":{"loc":{"start":{"line":16,"column":8},"end":{"line":18,"column":9}},"type":"if","locations":[{"start":{"line":16,"column":8},"end":{"line":18,"column":9}},{"start":{},"end":{}}],"line":16},"3":{"loc":{"start":{"line":80,"column":8},"end":{"line":108,"column":9}},"type":"if","locations":[{"start":{"line":80,"column":8},"end":{"line":108,"column":9}},{"start":{"line":94,"column":15},"end":{"line":108,"column":9}}],"line":80},"4":{"loc":{"start":{"line":139,"column":8},"end":{"line":141,"column":9}},"type":"if","locations":[{"start":{"line":139,"column":8},"end":{"line":141,"column":9}},{"start":{},"end":{}}],"line":139},"5":{"loc":{"start":{"line":150,"column":8},"end":{"line":155,"column":9}},"type":"if","locations":[{"start":{"line":150,"column":8},"end":{"line":155,"column":9}},{"start":{},"end":{}}],"line":150},"6":{"loc":{"start":{"line":150,"column":12},"end":{"line":150,"column":62}},"type":"binary-expr","locations":[{"start":{"line":150,"column":12},"end":{"line":150,"column":16}},{"start":{"line":150,"column":20},"end":{"line":150,"column":62}}],"line":150},"7":{"loc":{"start":{"line":172,"column":4},"end":{"line":172,"column":84}},"type":"if","locations":[{"start":{"line":172,"column":4},"end":{"line":172,"column":84}},{"start":{},"end":{}}],"line":172},"8":{"loc":{"start":{"line":182,"column":8},"end":{"line":188,"column":5}},"type":"if","locations":[{"start":{"line":182,"column":8},"end":{"line":188,"column":5}},{"start":{},"end":{}}],"line":182}},"s":{"0":2,"1":7,"2":7,"3":7,"4":1,"5":6,"6":1,"7":5,"8":5,"9":4,"10":4,"11":4,"12":2,"13":4,"14":1,"15":2,"16":3,"17":3,"18":3,"19":2,"20":1,"21":2,"22":3,"23":3,"24":3,"25":2,"26":1,"27":2,"28":3,"29":3,"30":3,"31":2,"32":1,"33":2,"34":1,"35":2,"36":2,"37":2,"38":2,"39":1,"40":1,"41":2,"42":5,"43":5,"44":5,"45":5,"46":5,"47":1,"48":4,"49":3,"50":3,"51":1,"52":3,"53":1,"54":1,"55":2,"56":5,"57":5,"58":5,"59":5,"60":5,"61":4,"62":1,"63":3,"64":3,"65":2,"66":3,"67":1,"68":1},"f":{"0":7,"1":3,"2":3,"3":3,"4":2,"5":5,"6":5},"b":{"0":[1,6],"1":[7,6],"2":[1,5],"3":[2,1],"4":[1,4],"5":[1,2],"6":[3,3],"7":[1,3],"8":[2,1]},"inputSourceMap":null,"_coverageSchema":"1a1c01bbd47fc00a2c39e90264f33305004495a9","hash":"76dab64bc087033a392485630a08accfa2a3242b"}
,"C:\\Users\\ved\\OneDrive\\Desktop\\sepro\\Shabd-Setu-A-blogging-platform\\api\\controllers\\User.controller.js": {"path":"C:\\Users\\ved\\OneDrive\\Desktop\\sepro\\Shabd-Setu-A-blogging-platform\\api\\controllers\\User.controller.js","statementMap":{"0":{"start":{"line":10,"column":23},"end":{"line":25,"column":1}},"1":{"start":{"line":11,"column":4},"end":{"line":24,"column":5}},"2":{"start":{"line":12,"column":27},"end":{"line":12,"column":37}},"3":{"start":{"line":13,"column":21},"end":{"line":13,"column":70}},"4":{"start":{"line":14,"column":8},"end":{"line":16,"column":9}},"5":{"start":{"line":15,"column":12},"end":{"line":15,"column":53}},"6":{"start":{"line":17,"column":8},"end":{"line":21,"column":10}},"7":{"start":{"line":23,"column":8},"end":{"line":23,"column":45}},"8":{"start":{"line":28,"column":26},"end":{"line":69,"column":1}},"9":{"start":{"line":29,"column":4},"end":{"line":68,"column":5}},"10":{"start":{"line":30,"column":21},"end":{"line":30,"column":46}},"11":{"start":{"line":31,"column":27},"end":{"line":31,"column":37}},"12":{"start":{"line":33,"column":21},"end":{"line":33,"column":48}},"13":{"start":{"line":34,"column":8},"end":{"line":34,"column":29}},"14":{"start":{"line":35,"column":8},"end":{"line":35,"column":31}},"15":{"start":{"line":36,"column":8},"end":{"line":36,"column":27}},"16":{"start":{"line":38,"column":8},"end":{"line":41,"column":9}},"17":{"start":{"line":39,"column":35},"end":{"line":39,"column":67}},"18":{"start":{"line":40,"column":12},"end":{"line":40,"column":42}},"19":{"start":{"line":43,"column":8},"end":{"line":55,"column":9}},"20":{"start":{"line":45,"column":33},"end":{"line":52,"column":18}},"21":{"start":{"line":51,"column":20},"end":{"line":51,"column":57}},"22":{"start":{"line":54,"column":12},"end":{"line":54,"column":49}},"23":{"start":{"line":57,"column":8},"end":{"line":57,"column":25}},"24":{"start":{"line":59,"column":24},"end":{"line":59,"column":56}},"25":{"start":{"line":60,"column":8},"end":{"line":60,"column":31}},"26":{"start":{"line":61,"column":8},"end":{"line":65,"column":10}},"27":{"start":{"line":67,"column":8},"end":{"line":67,"column":45}},"28":{"start":{"line":72,"column":26},"end":{"line":86,"column":1}},"29":{"start":{"line":73,"column":4},"end":{"line":85,"column":5}},"30":{"start":{"line":74,"column":8},"end":{"line":76,"column":9}},"31":{"start":{"line":75,"column":12},"end":{"line":75,"column":82}},"32":{"start":{"line":78,"column":21},"end":{"line":78,"column":62}},"33":{"start":{"line":79,"column":8},"end":{"line":82,"column":10}},"34":{"start":{"line":84,"column":8},"end":{"line":84,"column":45}},"35":{"start":{"line":87,"column":26},"end":{"line":102,"column":1}},"36":{"start":{"line":88,"column":4},"end":{"line":101,"column":5}},"37":{"start":{"line":89,"column":8},"end":{"line":91,"column":9}},"38":{"start":{"line":90,"column":12},"end":{"line":90,"column":82}},"39":{"start":{"line":93,"column":23},"end":{"line":93,"column":33}},"40":{"start":{"line":94,"column":21},"end":{"line":94,"column":53}},"41":{"start":{"line":95,"column":8},"end":{"line":98,"column":10}},"42":{"start":{"line":100,"column":8},"end":{"line":100,"column":45}},"43":{"start":{"line":104,"column":43},"end":{"line":197,"column":1}},"44":{"start":{"line":105,"column":4},"end":{"line":196,"column":5}},"45":{"start":{"line":106,"column":27},"end":{"line":106,"column":37}},"46":{"start":{"line":108,"column":8},"end":{"line":110,"column":9}},"47":{"start":{"line":109,"column":12},"end":{"line":109,"column":65}},"48":{"start":{"line":112,"column":8},"end":{"line":114,"column":9}},"49":{"start":{"line":113,"column":12},"end":{"line":113,"column":61}},"50":{"start":{"line":116,"column":27},"end":{"line":116,"column":62}},"51":{"start":{"line":117,"column":21},"end":{"line":119,"column":17}},"52":{"start":{"line":121,"column":25},"end":{"line":121,"column":30}},"53":{"start":{"line":123,"column":24},"end":{"line":123,"column":34}},"54":{"start":{"line":124,"column":8},"end":{"line":124,"column":44}},"55":{"start":{"line":126,"column":26},"end":{"line":126,"column":43}},"56":{"start":{"line":127,"column":8},"end":{"line":127,"column":63}},"57":{"start":{"line":128,"column":8},"end":{"line":128,"column":41}},"58":{"start":{"line":130,"column":28},"end":{"line":162,"column":10}},"59":{"start":{"line":164,"column":28},"end":{"line":167,"column":14}},"60":{"start":{"line":165,"column":12},"end":{"line":165,"column":39}},"61":{"start":{"line":166,"column":12},"end":{"line":166,"column":22}},"62":{"start":{"line":169,"column":31},"end":{"line":169,"column":33}},"63":{"start":{"line":170,"column":28},"end":{"line":170,"column":47}},"64":{"start":{"line":172,"column":8},"end":{"line":179,"column":9}},"65":{"start":{"line":173,"column":28},"end":{"line":173,"column":67}},"66":{"start":{"line":174,"column":12},"end":{"line":177,"column":14}},"67":{"start":{"line":178,"column":12},"end":{"line":178,"column":64}},"68":{"start":{"line":181,"column":27},"end":{"line":181,"column":86}},"69":{"start":{"line":181,"column":65},"end":{"line":181,"column":82}},"70":{"start":{"line":183,"column":8},"end":{"line":193,"column":10}},"71":{"start":{"line":195,"column":8},"end":{"line":195,"column":45}},"72":{"start":{"line":199,"column":38},"end":{"line":368,"column":1}},"73":{"start":{"line":200,"column":4},"end":{"line":367,"column":5}},"74":{"start":{"line":201,"column":27},"end":{"line":201,"column":37}},"75":{"start":{"line":203,"column":8},"end":{"line":205,"column":9}},"76":{"start":{"line":204,"column":12},"end":{"line":204,"column":65}},"77":{"start":{"line":207,"column":8},"end":{"line":209,"column":9}},"78":{"start":{"line":208,"column":12},"end":{"line":208,"column":61}},"79":{"start":{"line":211,"column":29},"end":{"line":211,"column":64}},"80":{"start":{"line":213,"column":33},"end":{"line":224,"column":10}},"81":{"start":{"line":226,"column":8},"end":{"line":228,"column":9}},"82":{"start":{"line":227,"column":12},"end":{"line":227,"column":60}},"83":{"start":{"line":230,"column":27},"end":{"line":230,"column":39}},"84":{"start":{"line":231,"column":27},"end":{"line":231,"column":83}},"85":{"start":{"line":231,"column":55},"end":{"line":231,"column":79}},"86":{"start":{"line":232,"column":36},"end":{"line":232,"column":92}},"87":{"start":{"line":234,"column":24},"end":{"line":234,"column":70}},"88":{"start":{"line":234,"column":44},"end":{"line":234,"column":53}},"89":{"start":{"line":236,"column":25},"end":{"line":236,"column":26}},"90":{"start":{"line":237,"column":33},"end":{"line":237,"column":35}},"91":{"start":{"line":239,"column":8},"end":{"line":262,"column":9}},"92":{"start":{"line":240,"column":31},"end":{"line":252,"column":14}},"93":{"start":{"line":254,"column":12},"end":{"line":261,"column":14}},"94":{"start":{"line":255,"column":16},"end":{"line":257,"column":17}},"95":{"start":{"line":256,"column":20},"end":{"line":256,"column":26}},"96":{"start":{"line":258,"column":28},"end":{"line":258,"column":48}},"97":{"start":{"line":259,"column":16},"end":{"line":259,"column":56}},"98":{"start":{"line":260,"column":16},"end":{"line":260,"column":46}},"99":{"start":{"line":264,"column":49},"end":{"line":267,"column":10}},"100":{"start":{"line":269,"column":33},"end":{"line":269,"column":42}},"101":{"start":{"line":271,"column":8},"end":{"line":293,"column":10}},"102":{"start":{"line":272,"column":31},"end":{"line":272,"column":47}},"103":{"start":{"line":273,"column":12},"end":{"line":275,"column":13}},"104":{"start":{"line":274,"column":16},"end":{"line":274,"column":22}},"105":{"start":{"line":278,"column":12},"end":{"line":292,"column":14}},"106":{"start":{"line":279,"column":28},"end":{"line":279,"column":67}},"107":{"start":{"line":280,"column":16},"end":{"line":282,"column":17}},"108":{"start":{"line":281,"column":20},"end":{"line":281,"column":26}},"109":{"start":{"line":284,"column":33},"end":{"line":288,"column":17}},"110":{"start":{"line":290,"column":16},"end":{"line":290,"column":35}},"111":{"start":{"line":291,"column":16},"end":{"line":291,"column":51}},"112":{"start":{"line":295,"column":30},"end":{"line":303,"column":15}},"113":{"start":{"line":296,"column":28},"end":{"line":296,"column":45}},"114":{"start":{"line":298,"column":32},"end":{"line":303,"column":13}},"115":{"start":{"line":305,"column":28},"end":{"line":322,"column":10}},"116":{"start":{"line":306,"column":24},"end":{"line":306,"column":51}},"117":{"start":{"line":308,"column":12},"end":{"line":321,"column":13}},"118":{"start":{"line":316,"column":75},"end":{"line":319,"column":17}},"119":{"start":{"line":324,"column":30},"end":{"line":324,"column":96}},"120":{"start":{"line":324,"column":59},"end":{"line":324,"column":92}},"121":{"start":{"line":326,"column":24},"end":{"line":338,"column":16}},"122":{"start":{"line":334,"column":89},"end":{"line":337,"column":13}},"123":{"start":{"line":340,"column":8},"end":{"line":364,"column":10}},"124":{"start":{"line":366,"column":8},"end":{"line":366,"column":45}},"125":{"start":{"line":370,"column":41},"end":{"line":411,"column":1}},"126":{"start":{"line":371,"column":4},"end":{"line":410,"column":5}},"127":{"start":{"line":372,"column":8},"end":{"line":374,"column":9}},"128":{"start":{"line":373,"column":12},"end":{"line":373,"column":82}},"129":{"start":{"line":376,"column":27},"end":{"line":376,"column":37}},"130":{"start":{"line":377,"column":34},"end":{"line":377,"column":42}},"131":{"start":{"line":379,"column":8},"end":{"line":381,"column":9}},"132":{"start":{"line":380,"column":12},"end":{"line":380,"column":89}},"133":{"start":{"line":383,"column":8},"end":{"line":385,"column":9}},"134":{"start":{"line":384,"column":12},"end":{"line":384,"column":101}},"135":{"start":{"line":387,"column":27},"end":{"line":387,"column":54}},"136":{"start":{"line":389,"column":8},"end":{"line":391,"column":9}},"137":{"start":{"line":390,"column":12},"end":{"line":390,"column":60}},"138":{"start":{"line":393,"column":8},"end":{"line":395,"column":9}},"139":{"start":{"line":394,"column":12},"end":{"line":394,"column":82}},"140":{"start":{"line":397,"column":8},"end":{"line":397,"column":48}},"141":{"start":{"line":398,"column":8},"end":{"line":398,"column":31}},"142":{"start":{"line":400,"column":29},"end":{"line":400,"column":67}},"143":{"start":{"line":401,"column":8},"end":{"line":401,"column":36}},"144":{"start":{"line":403,"column":8},"end":{"line":407,"column":10}},"145":{"start":{"line":409,"column":8},"end":{"line":409,"column":45}}},"fnMap":{"0":{"name":"(anonymous_0)","decl":{"start":{"line":10,"column":23},"end":{"line":10,"column":24}},"loc":{"start":{"line":10,"column":49},"end":{"line":25,"column":1}},"line":10},"1":{"name":"(anonymous_1)","decl":{"start":{"line":28,"column":26},"end":{"line":28,"column":27}},"loc":{"start":{"line":28,"column":52},"end":{"line":69,"column":1}},"line":28},"2":{"name":"(anonymous_2)","decl":{"start":{"line":50,"column":23},"end":{"line":50,"column":24}},"loc":{"start":{"line":50,"column":34},"end":{"line":52,"column":17}},"line":50},"3":{"name":"(anonymous_3)","decl":{"start":{"line":72,"column":26},"end":{"line":72,"column":27}},"loc":{"start":{"line":72,"column":52},"end":{"line":86,"column":1}},"line":72},"4":{"name":"(anonymous_4)","decl":{"start":{"line":87,"column":26},"end":{"line":87,"column":27}},"loc":{"start":{"line":87,"column":52},"end":{"line":102,"column":1}},"line":87},"5":{"name":"(anonymous_5)","decl":{"start":{"line":104,"column":43},"end":{"line":104,"column":44}},"loc":{"start":{"line":104,"column":69},"end":{"line":197,"column":1}},"line":104},"6":{"name":"(anonymous_6)","decl":{"start":{"line":164,"column":47},"end":{"line":164,"column":48}},"loc":{"start":{"line":164,"column":62},"end":{"line":167,"column":9}},"line":164},"7":{"name":"(anonymous_7)","decl":{"start":{"line":181,"column":49},"end":{"line":181,"column":50}},"loc":{"start":{"line":181,"column":65},"end":{"line":181,"column":82}},"line":181},"8":{"name":"(anonymous_8)","decl":{"start":{"line":199,"column":38},"end":{"line":199,"column":39}},"loc":{"start":{"line":199,"column":64},"end":{"line":368,"column":1}},"line":199},"9":{"name":"(anonymous_9)","decl":{"start":{"line":231,"column":40},"end":{"line":231,"column":41}},"loc":{"start":{"line":231,"column":55},"end":{"line":231,"column":79}},"line":231},"10":{"name":"(anonymous_10)","decl":{"start":{"line":234,"column":34},"end":{"line":234,"column":35}},"loc":{"start":{"line":234,"column":44},"end":{"line":234,"column":53}},"line":234},"11":{"name":"(anonymous_11)","decl":{"start":{"line":254,"column":31},"end":{"line":254,"column":32}},"loc":{"start":{"line":254,"column":42},"end":{"line":261,"column":13}},"line":254},"12":{"name":"(anonymous_12)","decl":{"start":{"line":271,"column":22},"end":{"line":271,"column":23}},"loc":{"start":{"line":271,"column":32},"end":{"line":293,"column":9}},"line":271},"13":{"name":"(anonymous_13)","decl":{"start":{"line":278,"column":31},"end":{"line":278,"column":32}},"loc":{"start":{"line":278,"column":45},"end":{"line":292,"column":13}},"line":278},"14":{"name":"(anonymous_14)","decl":{"start":{"line":296,"column":18},"end":{"line":296,"column":19}},"loc":{"start":{"line":296,"column":28},"end":{"line":296,"column":45}},"line":296},"15":{"name":"(anonymous_15)","decl":{"start":{"line":298,"column":17},"end":{"line":298,"column":18}},"loc":{"start":{"line":298,"column":32},"end":{"line":303,"column":13}},"line":298},"16":{"name":"(anonymous_16)","decl":{"start":{"line":305,"column":50},"end":{"line":305,"column":51}},"loc":{"start":{"line":305,"column":60},"end":{"line":322,"column":9}},"line":305},"17":{"name":"(anonymous_17)","decl":{"start":{"line":316,"column":67},"end":{"line":316,"column":68}},"loc":{"start":{"line":316,"column":75},"end":{"line":319,"column":17}},"line":316},"18":{"name":"(anonymous_18)","decl":{"start":{"line":324,"column":49},"end":{"line":324,"column":50}},"loc":{"start":{"line":324,"column":59},"end":{"line":324,"column":92}},"line":324},"19":{"name":"(anonymous_19)","decl":{"start":{"line":334,"column":81},"end":{"line":334,"column":82}},"loc":{"start":{"line":334,"column":89},"end":{"line":337,"column":13}},"line":334},"20":{"name":"(anonymous_20)","decl":{"start":{"line":370,"column":41},"end":{"line":370,"column":42}},"loc":{"start":{"line":370,"column":67},"end":{"line":411,"column":1}},"line":370}},"branchMap":{"0":{"loc":{"start":{"line":14,"column":8},"end":{"line":16,"column":9}},"type":"if","locations":[{"start":{"line":14,"column":8},"end":{"line":16,"column":9}},{"start":{},"end":{}}],"line":14},"1":{"loc":{"start":{"line":38,"column":8},"end":{"line":41,"column":9}},"type":"if","locations":[{"start":{"line":38,"column":8},"end":{"line":41,"column":9}},{"start":{},"end":{}}],"line":38},"2":{"loc":{"start":{"line":38,"column":12},"end":{"line":38,"column":54}},"type":"binary-expr","locations":[{"start":{"line":38,"column":12},"end":{"line":38,"column":25}},{"start":{"line":38,"column":29},"end":{"line":38,"column":54}}],"line":38},"3":{"loc":{"start":{"line":43,"column":8},"end":{"line":55,"column":9}},"type":"if","locations":[{"start":{"line":43,"column":8},"end":{"line":55,"column":9}},{"start":{},"end":{}}],"line":43},"4":{"loc":{"start":{"line":74,"column":8},"end":{"line":76,"column":9}},"type":"if","locations":[{"start":{"line":74,"column":8},"end":{"line":76,"column":9}},{"start":{},"end":{}}],"line":74},"5":{"loc":{"start":{"line":74,"column":12},"end":{"line":74,"column":50}},"type":"binary-expr","locations":[{"start":{"line":74,"column":12},"end":{"line":74,"column":21}},{"start":{"line":74,"column":25},"end":{"line":74,"column":50}}],"line":74},"6":{"loc":{"start":{"line":89,"column":8},"end":{"line":91,"column":9}},"type":"if","locations":[{"start":{"line":89,"column":8},"end":{"line":91,"column":9}},{"start":{},"end":{}}],"line":89},"7":{"loc":{"start":{"line":89,"column":12},"end":{"line":89,"column":50}},"type":"binary-expr","locations":[{"start":{"line":89,"column":12},"end":{"line":89,"column":21}},{"start":{"line":89,"column":25},"end":{"line":89,"column":50}}],"line":89},"8":{"loc":{"start":{"line":108,"column":8},"end":{"line":110,"column":9}},"type":"if","locations":[{"start":{"line":108,"column":8},"end":{"line":110,"column":9}},{"start":{},"end":{}}],"line":108},"9":{"loc":{"start":{"line":112,"column":8},"end":{"line":114,"column":9}},"type":"if","locations":[{"start":{"line":112,"column":8},"end":{"line":114,"column":9}},{"start":{},"end":{}}],"line":112},"10":{"loc":{"start":{"line":117,"column":21},"end":{"line":119,"column":17}},"type":"cond-expr","locations":[{"start":{"line":118,"column":14},"end":{"line":118,"column":39}},{"start":{"line":119,"column":14},"end":{"line":119,"column":17}}],"line":117},"11":{"loc":{"start":{"line":117,"column":21},"end":{"line":117,"column":66}},"type":"binary-expr","locations":[{"start":{"line":117,"column":21},"end":{"line":117,"column":48}},{"start":{"line":117,"column":52},"end":{"line":117,"column":66}}],"line":117},"12":{"loc":{"start":{"line":176,"column":23},"end":{"line":176,"column":48}},"type":"binary-expr","locations":[{"start":{"line":176,"column":23},"end":{"line":176,"column":43}},{"start":{"line":176,"column":47},"end":{"line":176,"column":48}}],"line":176},"13":{"loc":{"start":{"line":203,"column":8},"end":{"line":205,"column":9}},"type":"if","locations":[{"start":{"line":203,"column":8},"end":{"line":205,"column":9}},{"start":{},"end":{}}],"line":203},"14":{"loc":{"start":{"line":207,"column":8},"end":{"line":209,"column":9}},"type":"if","locations":[{"start":{"line":207,"column":8},"end":{"line":209,"column":9}},{"start":{},"end":{}}],"line":207},"15":{"loc":{"start":{"line":226,"column":8},"end":{"line":228,"column":9}},"type":"if","locations":[{"start":{"line":226,"column":8},"end":{"line":228,"column":9}},{"start":{},"end":{}}],"line":226},"16":{"loc":{"start":{"line":231,"column":62},"end":{"line":231,"column":78}},"type":"binary-expr","locations":[{"start":{"line":231,"column":62},"end":{"line":231,"column":73}},{"start":{"line":231,"column":77},"end":{"line":231,"column":78}}],"line":231},"17":{"loc":{"start":{"line":232,"column":36},"end":{"line":232,"column":92}},"type":"cond-expr","locations":[{"start":{"line":232,"column":53},"end":{"line":232,"column":88}},{"start":{"line":232,"column":91},"end":{"line":232,"column":92}}],"line":232},"18":{"loc":{"start":{"line":239,"column":8},"end":{"line":262,"column":9}},"type":"if","locations":[{"start":{"line":239,"column":8},"end":{"line":262,"column":9}},{"start":{},"end":{}}],"line":239},"19":{"loc":{"start":{"line":255,"column":16},"end":{"line":257,"column":17}},"type":"if","locations":[{"start":{"line":255,"column":16},"end":{"line":257,"column":17}},{"start":{},"end":{}}],"line":255},"20":{"loc":{"start":{"line":259,"column":40},"end":{"line":259,"column":56}},"type":"binary-expr","locations":[{"start":{"line":259,"column":40},"end":{"line":259,"column":51}},{"start":{"line":259,"column":55},"end":{"line":259,"column":56}}],"line":259},"21":{"loc":{"start":{"line":260,"column":30},"end":{"line":260,"column":46}},"type":"binary-expr","locations":[{"start":{"line":260,"column":30},"end":{"line":260,"column":41}},{"start":{"line":260,"column":45},"end":{"line":260,"column":46}}],"line":260},"22":{"loc":{"start":{"line":273,"column":12},"end":{"line":275,"column":13}},"type":"if","locations":[{"start":{"line":273,"column":12},"end":{"line":275,"column":13}},{"start":{},"end":{}}],"line":273},"23":{"loc":{"start":{"line":273,"column":16},"end":{"line":273,"column":84}},"type":"binary-expr","locations":[{"start":{"line":273,"column":16},"end":{"line":273,"column":27}},{"start":{"line":273,"column":31},"end":{"line":273,"column":57}},{"start":{"line":273,"column":61},"end":{"line":273,"column":84}}],"line":273},"24":{"loc":{"start":{"line":279,"column":29},"end":{"line":279,"column":54}},"type":"binary-expr","locations":[{"start":{"line":279,"column":29},"end":{"line":279,"column":42}},{"start":{"line":279,"column":46},"end":{"line":279,"column":54}}],"line":279},"25":{"loc":{"start":{"line":280,"column":16},"end":{"line":282,"column":17}},"type":"if","locations":[{"start":{"line":280,"column":16},"end":{"line":282,"column":17}},{"start":{},"end":{}}],"line":280},"26":{"loc":{"start":{"line":284,"column":33},"end":{"line":288,"column":17}},"type":"binary-expr","locations":[{"start":{"line":284,"column":33},"end":{"line":284,"column":58}},{"start":{"line":284,"column":62},"end":{"line":288,"column":17}}],"line":284},"27":{"loc":{"start":{"line":285,"column":26},"end":{"line":285,"column":59}},"type":"binary-expr","locations":[{"start":{"line":285,"column":26},"end":{"line":285,"column":40}},{"start":{"line":285,"column":44},"end":{"line":285,"column":59}}],"line":285},"28":{"loc":{"start":{"line":286,"column":26},"end":{"line":286,"column":46}},"type":"binary-expr","locations":[{"start":{"line":286,"column":26},"end":{"line":286,"column":40}},{"start":{"line":286,"column":44},"end":{"line":286,"column":46}}],"line":286},"29":{"loc":{"start":{"line":302,"column":28},"end":{"line":302,"column":96}},"type":"cond-expr","locations":[{"start":{"line":302,"column":45},"end":{"line":302,"column":92}},{"start":{"line":302,"column":95},"end":{"line":302,"column":96}}],"line":302},"30":{"loc":{"start":{"line":306,"column":24},"end":{"line":306,"column":51}},"type":"binary-expr","locations":[{"start":{"line":306,"column":24},"end":{"line":306,"column":45}},{"start":{"line":306,"column":49},"end":{"line":306,"column":51}}],"line":306},"31":{"loc":{"start":{"line":313,"column":23},"end":{"line":313,"column":39}},"type":"binary-expr","locations":[{"start":{"line":313,"column":23},"end":{"line":313,"column":34}},{"start":{"line":313,"column":38},"end":{"line":313,"column":39}}],"line":313},"32":{"loc":{"start":{"line":314,"column":27},"end":{"line":314,"column":53}},"type":"binary-expr","locations":[{"start":{"line":314,"column":27},"end":{"line":314,"column":48}},{"start":{"line":314,"column":52},"end":{"line":314,"column":53}}],"line":314},"33":{"loc":{"start":{"line":315,"column":31},"end":{"line":315,"column":56}},"type":"binary-expr","locations":[{"start":{"line":315,"column":31},"end":{"line":315,"column":50}},{"start":{"line":315,"column":54},"end":{"line":315,"column":56}}],"line":315},"34":{"loc":{"start":{"line":316,"column":28},"end":{"line":319,"column":24}},"type":"cond-expr","locations":[{"start":{"line":316,"column":47},"end":{"line":319,"column":19}},{"start":{"line":319,"column":22},"end":{"line":319,"column":24}}],"line":316},"35":{"loc":{"start":{"line":320,"column":25},"end":{"line":320,"column":44}},"type":"binary-expr","locations":[{"start":{"line":320,"column":25},"end":{"line":320,"column":38}},{"start":{"line":320,"column":42},"end":{"line":320,"column":44}}],"line":320},"36":{"loc":{"start":{"line":324,"column":60},"end":{"line":324,"column":73}},"type":"binary-expr","locations":[{"start":{"line":324,"column":60},"end":{"line":324,"column":68}},{"start":{"line":324,"column":72},"end":{"line":324,"column":73}}],"line":324},"37":{"loc":{"start":{"line":324,"column":78},"end":{"line":324,"column":91}},"type":"binary-expr","locations":[{"start":{"line":324,"column":78},"end":{"line":324,"column":86}},{"start":{"line":324,"column":90},"end":{"line":324,"column":91}}],"line":324},"38":{"loc":{"start":{"line":326,"column":24},"end":{"line":338,"column":16}},"type":"cond-expr","locations":[{"start":{"line":326,"column":40},"end":{"line":338,"column":9}},{"start":{"line":338,"column":12},"end":{"line":338,"column":16}}],"line":326},"39":{"loc":{"start":{"line":330,"column":19},"end":{"line":330,"column":44}},"type":"binary-expr","locations":[{"start":{"line":330,"column":19},"end":{"line":330,"column":39}},{"start":{"line":330,"column":43},"end":{"line":330,"column":44}}],"line":330},"40":{"loc":{"start":{"line":331,"column":23},"end":{"line":331,"column":76}},"type":"binary-expr","locations":[{"start":{"line":331,"column":23},"end":{"line":331,"column":71}},{"start":{"line":331,"column":75},"end":{"line":331,"column":76}}],"line":331},"41":{"loc":{"start":{"line":333,"column":27},"end":{"line":333,"column":61}},"type":"binary-expr","locations":[{"start":{"line":333,"column":27},"end":{"line":333,"column":55}},{"start":{"line":333,"column":59},"end":{"line":333,"column":61}}],"line":333},"42":{"loc":{"start":{"line":334,"column":24},"end":{"line":337,"column":20}},"type":"cond-expr","locations":[{"start":{"line":334,"column":52},"end":{"line":337,"column":15}},{"start":{"line":337,"column":18},"end":{"line":337,"column":20}}],"line":334},"43":{"loc":{"start":{"line":372,"column":8},"end":{"line":374,"column":9}},"type":"if","locations":[{"start":{"line":372,"column":8},"end":{"line":374,"column":9}},{"start":{},"end":{}}],"line":372},"44":{"loc":{"start":{"line":372,"column":12},"end":{"line":372,"column":50}},"type":"binary-expr","locations":[{"start":{"line":372,"column":12},"end":{"line":372,"column":21}},{"start":{"line":372,"column":25},"end":{"line":372,"column":50}}],"line":372},"45":{"loc":{"start":{"line":379,"column":8},"end":{"line":381,"column":9}},"type":"if","locations":[{"start":{"line":379,"column":8},"end":{"line":381,"column":9}},{"start":{},"end":{}}],"line":379},"46":{"loc":{"start":{"line":383,"column":8},"end":{"line":385,"column":9}},"type":"if","locations":[{"start":{"line":383,"column":8},"end":{"line":385,"column":9}},{"start":{},"end":{}}],"line":383},"47":{"loc":{"start":{"line":389,"column":8},"end":{"line":391,"column":9}},"type":"if","locations":[{"start":{"line":389,"column":8},"end":{"line":391,"column":9}},{"start":{},"end":{}}],"line":389},"48":{"loc":{"start":{"line":393,"column":8},"end":{"line":395,"column":9}},"type":"if","locations":[{"start":{"line":393,"column":8},"end":{"line":395,"column":9}},{"start":{},"end":{}}],"line":393},"49":{"loc":{"start":{"line":393,"column":12},"end":{"line":393,"column":56}},"type":"binary-expr","locations":[{"start":{"line":393,"column":12},"end":{"line":393,"column":39}},{"start":{"line":393,"column":43},"end":{"line":393,"column":56}}],"line":393},"50":{"loc":{"start":{"line":405,"column":29},"end":{"line":405,"column":85}},"type":"cond-expr","locations":[{"start":{"line":405,"column":45},"end":{"line":405,"column":58}},{"start":{"line":405,"column":61},"end":{"line":405,"column":85}}],"line":405}},"s":{"0":2,"1":3,"2":3,"3":3,"4":2,"5":1,"6":2,"7":1,"8":2,"9":6,"10":6,"11":6,"12":6,"13":5,"14":5,"15":5,"16":5,"17":1,"18":1,"19":5,"20":2,"21":1,"22":2,"23":4,"24":4,"25":4,"26":4,"27":2,"28":2,"29":5,"30":5,"31":2,"32":3,"33":2,"34":1,"35":2,"36":3,"37":3,"38":1,"39":2,"40":2,"41":1,"42":1,"43":2,"44":8,"45":8,"46":8,"47":1,"48":7,"49":1,"50":6,"51":6,"52":6,"53":6,"54":6,"55":6,"56":6,"57":6,"58":6,"59":5,"60":1,"61":1,"62":5,"63":5,"64":5,"65":1467,"66":1467,"67":1467,"68":5,"69":1467,"70":5,"71":1,"72":2,"73":24,"74":24,"75":24,"76":1,"77":23,"78":1,"79":22,"80":22,"81":21,"82":1,"83":20,"84":20,"85":32,"86":20,"87":20,"88":33,"89":20,"90":20,"91":20,"92":17,"93":17,"94":4,"95":1,"96":3,"97":3,"98":3,"99":20,"100":20,"101":20,"102":33,"103":33,"104":22,"105":11,"106":13,"107":13,"108":2,"109":11,"110":11,"111":11,"112":20,"113":4,"114":9,"115":20,"116":27,"117":27,"118":12,"119":20,"120":15,"121":20,"122":7,"123":20,"124":1,"125":2,"126":8,"127":8,"128":1,"129":7,"130":7,"131":7,"132":1,"133":6,"134":1,"135":5,"136":4,"137":1,"138":3,"139":1,"140":2,"141":2,"142":2,"143":2,"144":2,"145":1},"f":{"0":3,"1":6,"2":1,"3":5,"4":3,"5":8,"6":1,"7":1467,"8":24,"9":32,"10":33,"11":4,"12":33,"13":13,"14":4,"15":9,"16":27,"17":12,"18":15,"19":7,"20":8},"b":{"0":[1,1],"1":[1,4],"2":[5,2],"3":[2,3],"4":[2,3],"5":[5,4],"6":[1,2],"7":[3,3],"8":[1,7],"9":[1,6],"10":[2,4],"11":[6,3],"12":[1467,1466],"13":[1,23],"14":[1,22],"15":[1,20],"16":[32,26],"17":[17,3],"18":[17,3],"19":[1,3],"20":[3,1],"21":[3,1],"22":[22,11],"23":[33,31,31],"24":[13,1],"25":[2,11],"26":[11,10],"27":[10,2],"28":[10,2],"29":[8,1],"30":[27,1],"31":[27,21],"32":[27,25],"33":[27,2],"34":[25,2],"35":[27,27],"36":[15,14],"37":[15,14],"38":[17,3],"39":[17,12],"40":[17,15],"41":[17,2],"42":[15,2],"43":[1,7],"44":[8,8],"45":[1,6],"46":[1,5],"47":[1,3],"48":[1,2],"49":[3,1],"50":[1,1]},"inputSourceMap":null,"_coverageSchema":"1a1c01bbd47fc00a2c39e90264f33305004495a9","hash":"13a78292de01e2b85eac7f0695d0c4715dd19975"}
,"C:\\Users\\ved\\OneDrive\\Desktop\\sepro\\Shabd-Setu-A-blogging-platform\\api\\controllers\\blog.controller.js": {"path":"C:\\Users\\ved\\OneDrive\\Desktop\\sepro\\Shabd-Setu-A-blogging-platform\\api\\controllers\\blog.controller.js","statementMap":{"0":{"start":{"line":9,"column":27},"end":{"line":9,"column":87}},"1":{"start":{"line":9,"column":43},"end":{"line":9,"column":87}},"2":{"start":{"line":10,"column":23},"end":{"line":65,"column":1}},"3":{"start":{"line":11,"column":4},"end":{"line":64,"column":5}},"4":{"start":{"line":12,"column":21},"end":{"line":12,"column":46}},"5":{"start":{"line":13,"column":28},"end":{"line":13,"column":30}},"6":{"start":{"line":14,"column":8},"end":{"line":24,"column":9}},"7":{"start":{"line":15,"column":12},"end":{"line":23,"column":13}},"8":{"start":{"line":16,"column":37},"end":{"line":19,"column":17}},"9":{"start":{"line":20,"column":16},"end":{"line":20,"column":55}},"10":{"start":{"line":22,"column":16},"end":{"line":22,"column":60}},"11":{"start":{"line":26,"column":35},"end":{"line":30,"column":20}},"12":{"start":{"line":32,"column":27},"end":{"line":32,"column":75}},"13":{"start":{"line":34,"column":8},"end":{"line":36,"column":9}},"14":{"start":{"line":35,"column":12},"end":{"line":35,"column":79}},"15":{"start":{"line":38,"column":21},"end":{"line":46,"column":10}},"16":{"start":{"line":48,"column":8},"end":{"line":48,"column":25}},"17":{"start":{"line":51,"column":8},"end":{"line":55,"column":9}},"18":{"start":{"line":52,"column":12},"end":{"line":52,"column":88}},"19":{"start":{"line":54,"column":12},"end":{"line":54,"column":70}},"20":{"start":{"line":57,"column":8},"end":{"line":60,"column":10}},"21":{"start":{"line":63,"column":8},"end":{"line":63,"column":45}},"22":{"start":{"line":66,"column":24},"end":{"line":79,"column":1}},"23":{"start":{"line":67,"column":4},"end":{"line":78,"column":5}},"24":{"start":{"line":68,"column":27},"end":{"line":68,"column":37}},"25":{"start":{"line":69,"column":25},"end":{"line":69,"column":88}},"26":{"start":{"line":70,"column":8},"end":{"line":72,"column":9}},"27":{"start":{"line":71,"column":12},"end":{"line":71,"column":53}},"28":{"start":{"line":73,"column":8},"end":{"line":75,"column":10}},"29":{"start":{"line":77,"column":8},"end":{"line":77,"column":45}},"30":{"start":{"line":80,"column":26},"end":{"line":131,"column":1}},"31":{"start":{"line":81,"column":4},"end":{"line":130,"column":5}},"32":{"start":{"line":82,"column":27},"end":{"line":82,"column":37}},"33":{"start":{"line":83,"column":21},"end":{"line":83,"column":46}},"34":{"start":{"line":85,"column":21},"end":{"line":85,"column":48}},"35":{"start":{"line":87,"column":35},"end":{"line":91,"column":20}},"36":{"start":{"line":93,"column":27},"end":{"line":93,"column":75}},"37":{"start":{"line":95,"column":8},"end":{"line":97,"column":9}},"38":{"start":{"line":96,"column":12},"end":{"line":96,"column":79}},"39":{"start":{"line":99,"column":12},"end":{"line":99,"column":40}},"40":{"start":{"line":100,"column":8},"end":{"line":100,"column":31}},"41":{"start":{"line":101,"column":8},"end":{"line":101,"column":29}},"42":{"start":{"line":102,"column":8},"end":{"line":102,"column":51}},"43":{"start":{"line":104,"column":28},"end":{"line":104,"column":46}},"44":{"start":{"line":106,"column":8},"end":{"line":116,"column":9}},"45":{"start":{"line":107,"column":12},"end":{"line":115,"column":13}},"46":{"start":{"line":108,"column":37},"end":{"line":111,"column":17}},"47":{"start":{"line":112,"column":16},"end":{"line":112,"column":55}},"48":{"start":{"line":114,"column":16},"end":{"line":114,"column":60}},"49":{"start":{"line":118,"column":8},"end":{"line":118,"column":42}},"50":{"start":{"line":120,"column":8},"end":{"line":120,"column":25}},"51":{"start":{"line":123,"column":8},"end":{"line":126,"column":10}},"52":{"start":{"line":129,"column":8},"end":{"line":129,"column":45}},"53":{"start":{"line":132,"column":26},"end":{"line":143,"column":1}},"54":{"start":{"line":133,"column":4},"end":{"line":142,"column":5}},"55":{"start":{"line":134,"column":27},"end":{"line":134,"column":37}},"56":{"start":{"line":135,"column":8},"end":{"line":135,"column":44}},"57":{"start":{"line":136,"column":8},"end":{"line":139,"column":10}},"58":{"start":{"line":141,"column":8},"end":{"line":141,"column":45}},"59":{"start":{"line":144,"column":27},"end":{"line":159,"column":1}},"60":{"start":{"line":145,"column":4},"end":{"line":158,"column":5}},"61":{"start":{"line":146,"column":21},"end":{"line":146,"column":29}},"62":{"start":{"line":148,"column":8},"end":{"line":152,"column":9}},"63":{"start":{"line":149,"column":16},"end":{"line":149,"column":153}},"64":{"start":{"line":151,"column":16},"end":{"line":151,"column":173}},"65":{"start":{"line":153,"column":8},"end":{"line":155,"column":10}},"66":{"start":{"line":157,"column":8},"end":{"line":157,"column":45}},"67":{"start":{"line":161,"column":23},"end":{"line":171,"column":1}},"68":{"start":{"line":162,"column":4},"end":{"line":170,"column":5}},"69":{"start":{"line":163,"column":25},"end":{"line":163,"column":35}},"70":{"start":{"line":164,"column":17},"end":{"line":164,"column":134}},"71":{"start":{"line":165,"column":8},"end":{"line":167,"column":10}},"72":{"start":{"line":169,"column":8},"end":{"line":169,"column":45}},"73":{"start":{"line":173,"column":30},"end":{"line":193,"column":1}},"74":{"start":{"line":174,"column":4},"end":{"line":192,"column":5}},"75":{"start":{"line":175,"column":35},"end":{"line":175,"column":45}},"76":{"start":{"line":177,"column":29},"end":{"line":177,"column":71}},"77":{"start":{"line":178,"column":8},"end":{"line":180,"column":9}},"78":{"start":{"line":179,"column":12},"end":{"line":179,"column":56}},"79":{"start":{"line":181,"column":27},"end":{"line":181,"column":43}},"80":{"start":{"line":182,"column":28},"end":{"line":186,"column":19}},"81":{"start":{"line":187,"column":8},"end":{"line":189,"column":10}},"82":{"start":{"line":191,"column":8},"end":{"line":191,"column":45}},"83":{"start":{"line":195,"column":32},"end":{"line":212,"column":1}},"84":{"start":{"line":196,"column":4},"end":{"line":211,"column":5}},"85":{"start":{"line":197,"column":29},"end":{"line":197,"column":39}},"86":{"start":{"line":199,"column":22},"end":{"line":204,"column":19}},"87":{"start":{"line":206,"column":8},"end":{"line":208,"column":10}},"88":{"start":{"line":210,"column":8},"end":{"line":210,"column":45}},"89":{"start":{"line":214,"column":33},"end":{"line":231,"column":1}},"90":{"start":{"line":215,"column":4},"end":{"line":230,"column":5}},"91":{"start":{"line":216,"column":29},"end":{"line":216,"column":39}},"92":{"start":{"line":218,"column":29},"end":{"line":218,"column":71}},"93":{"start":{"line":219,"column":8},"end":{"line":221,"column":9}},"94":{"start":{"line":220,"column":12},"end":{"line":220,"column":56}},"95":{"start":{"line":222,"column":27},"end":{"line":222,"column":43}},"96":{"start":{"line":223,"column":25},"end":{"line":223,"column":157}},"97":{"start":{"line":224,"column":8},"end":{"line":227,"column":10}},"98":{"start":{"line":229,"column":8},"end":{"line":229,"column":45}},"99":{"start":{"line":233,"column":22},"end":{"line":274,"column":1}},"100":{"start":{"line":234,"column":4},"end":{"line":273,"column":5}},"101":{"start":{"line":235,"column":25},"end":{"line":235,"column":42}},"102":{"start":{"line":236,"column":22},"end":{"line":236,"column":37}},"103":{"start":{"line":238,"column":8},"end":{"line":243,"column":9}},"104":{"start":{"line":239,"column":12},"end":{"line":242,"column":14}},"105":{"start":{"line":245,"column":22},"end":{"line":245,"column":57}},"106":{"start":{"line":247,"column":21},"end":{"line":256,"column":19}},"107":{"start":{"line":258,"column":24},"end":{"line":265,"column":19}},"108":{"start":{"line":267,"column":8},"end":{"line":270,"column":10}},"109":{"start":{"line":272,"column":8},"end":{"line":272,"column":45}},"110":{"start":{"line":276,"column":27},"end":{"line":286,"column":1}},"111":{"start":{"line":277,"column":4},"end":{"line":285,"column":5}},"112":{"start":{"line":278,"column":21},"end":{"line":278,"column":29}},"113":{"start":{"line":279,"column":17},"end":{"line":279,"column":147}},"114":{"start":{"line":280,"column":8},"end":{"line":282,"column":10}},"115":{"start":{"line":284,"column":8},"end":{"line":284,"column":45}}},"fnMap":{"0":{"name":"(anonymous_0)","decl":{"start":{"line":9,"column":27},"end":{"line":9,"column":28}},"loc":{"start":{"line":9,"column":43},"end":{"line":9,"column":87}},"line":9},"1":{"name":"(anonymous_1)","decl":{"start":{"line":10,"column":23},"end":{"line":10,"column":24}},"loc":{"start":{"line":10,"column":49},"end":{"line":65,"column":1}},"line":10},"2":{"name":"(anonymous_2)","decl":{"start":{"line":66,"column":24},"end":{"line":66,"column":25}},"loc":{"start":{"line":66,"column":50},"end":{"line":79,"column":1}},"line":66},"3":{"name":"(anonymous_3)","decl":{"start":{"line":80,"column":26},"end":{"line":80,"column":27}},"loc":{"start":{"line":80,"column":52},"end":{"line":131,"column":1}},"line":80},"4":{"name":"(anonymous_4)","decl":{"start":{"line":132,"column":26},"end":{"line":132,"column":27}},"loc":{"start":{"line":132,"column":52},"end":{"line":143,"column":1}},"line":132},"5":{"name":"(anonymous_5)","decl":{"start":{"line":144,"column":27},"end":{"line":144,"column":28}},"loc":{"start":{"line":144,"column":53},"end":{"line":159,"column":1}},"line":144},"6":{"name":"(anonymous_6)","decl":{"start":{"line":161,"column":23},"end":{"line":161,"column":24}},"loc":{"start":{"line":161,"column":49},"end":{"line":171,"column":1}},"line":161},"7":{"name":"(anonymous_7)","decl":{"start":{"line":173,"column":30},"end":{"line":173,"column":31}},"loc":{"start":{"line":173,"column":56},"end":{"line":193,"column":1}},"line":173},"8":{"name":"(anonymous_8)","decl":{"start":{"line":195,"column":32},"end":{"line":195,"column":33}},"loc":{"start":{"line":195,"column":58},"end":{"line":212,"column":1}},"line":195},"9":{"name":"(anonymous_9)","decl":{"start":{"line":214,"column":33},"end":{"line":214,"column":34}},"loc":{"start":{"line":214,"column":59},"end":{"line":231,"column":1}},"line":214},"10":{"name":"(anonymous_10)","decl":{"start":{"line":233,"column":22},"end":{"line":233,"column":23}},"loc":{"start":{"line":233,"column":48},"end":{"line":274,"column":1}},"line":233},"11":{"name":"(anonymous_11)","decl":{"start":{"line":276,"column":27},"end":{"line":276,"column":28}},"loc":{"start":{"line":276,"column":53},"end":{"line":286,"column":1}},"line":276}},"branchMap":{"0":{"loc":{"start":{"line":9,"column":28},"end":{"line":9,"column":38}},"type":"default-arg","locations":[{"start":{"line":9,"column":36},"end":{"line":9,"column":38}}],"line":9},"1":{"loc":{"start":{"line":14,"column":8},"end":{"line":24,"column":9}},"type":"if","locations":[{"start":{"line":14,"column":8},"end":{"line":24,"column":9}},{"start":{},"end":{}}],"line":14},"2":{"loc":{"start":{"line":26,"column":35},"end":{"line":30,"column":20}},"type":"cond-expr","locations":[{"start":{"line":27,"column":14},"end":{"line":27,"column":29}},{"start":{"line":28,"column":14},"end":{"line":30,"column":20}}],"line":26},"3":{"loc":{"start":{"line":28,"column":14},"end":{"line":30,"column":20}},"type":"cond-expr","locations":[{"start":{"line":29,"column":18},"end":{"line":29,"column":33}},{"start":{"line":30,"column":18},"end":{"line":30,"column":20}}],"line":28},"4":{"loc":{"start":{"line":34,"column":8},"end":{"line":36,"column":9}},"type":"if","locations":[{"start":{"line":34,"column":8},"end":{"line":36,"column":9}},{"start":{},"end":{}}],"line":34},"5":{"loc":{"start":{"line":40,"column":20},"end":{"line":40,"column":48}},"type":"binary-expr","locations":[{"start":{"line":40,"column":20},"end":{"line":40,"column":33}},{"start":{"line":40,"column":37},"end":{"line":40,"column":48}}],"line":40},"6":{"loc":{"start":{"line":70,"column":8},"end":{"line":72,"column":9}},"type":"if","locations":[{"start":{"line":70,"column":8},"end":{"line":72,"column":9}},{"start":{},"end":{}}],"line":70},"7":{"loc":{"start":{"line":87,"column":35},"end":{"line":91,"column":20}},"type":"cond-expr","locations":[{"start":{"line":88,"column":14},"end":{"line":88,"column":29}},{"start":{"line":89,"column":14},"end":{"line":91,"column":20}}],"line":87},"8":{"loc":{"start":{"line":89,"column":14},"end":{"line":91,"column":20}},"type":"cond-expr","locations":[{"start":{"line":90,"column":18},"end":{"line":90,"column":33}},{"start":{"line":91,"column":18},"end":{"line":91,"column":20}}],"line":89},"9":{"loc":{"start":{"line":95,"column":8},"end":{"line":97,"column":9}},"type":"if","locations":[{"start":{"line":95,"column":8},"end":{"line":97,"column":9}},{"start":{},"end":{}}],"line":95},"10":{"loc":{"start":{"line":106,"column":8},"end":{"line":116,"column":9}},"type":"if","locations":[{"start":{"line":106,"column":8},"end":{"line":116,"column":9}},{"start":{},"end":{}}],"line":106},"11":{"loc":{"start":{"line":148,"column":8},"end":{"line":152,"column":9}},"type":"if","locations":[{"start":{"line":148,"column":8},"end":{"line":152,"column":9}},{"start":{"line":150,"column":15},"end":{"line":152,"column":9}}],"line":148},"12":{"loc":{"start":{"line":178,"column":8},"end":{"line":180,"column":9}},"type":"if","locations":[{"start":{"line":178,"column":8},"end":{"line":180,"column":9}},{"start":{},"end":{}}],"line":178},"13":{"loc":{"start":{"line":219,"column":8},"end":{"line":221,"column":9}},"type":"if","locations":[{"start":{"line":219,"column":8},"end":{"line":221,"column":9}},{"start":{},"end":{}}],"line":219},"14":{"loc":{"start":{"line":235,"column":25},"end":{"line":235,"column":42}},"type":"binary-expr","locations":[{"start":{"line":235,"column":25},"end":{"line":235,"column":36}},{"start":{"line":235,"column":40},"end":{"line":235,"column":42}}],"line":235},"15":{"loc":{"start":{"line":238,"column":8},"end":{"line":243,"column":9}},"type":"if","locations":[{"start":{"line":238,"column":8},"end":{"line":243,"column":9}},{"start":{},"end":{}}],"line":238}},"s":{"0":2,"1":4,"2":2,"3":8,"4":8,"5":7,"6":7,"7":5,"8":5,"9":4,"10":1,"11":6,"12":6,"13":6,"14":2,"15":4,"16":4,"17":4,"18":4,"19":1,"20":4,"21":1,"22":2,"23":3,"24":3,"25":3,"26":2,"27":1,"28":2,"29":1,"30":2,"31":8,"32":8,"33":8,"34":8,"35":7,"36":7,"37":7,"38":2,"39":5,"40":5,"41":5,"42":5,"43":5,"44":5,"45":3,"46":3,"47":1,"48":2,"49":3,"50":3,"51":3,"52":1,"53":2,"54":2,"55":2,"56":2,"57":1,"58":1,"59":2,"60":3,"61":3,"62":3,"63":2,"64":1,"65":2,"66":1,"67":2,"68":2,"69":2,"70":2,"71":1,"72":1,"73":2,"74":3,"75":3,"76":3,"77":2,"78":1,"79":1,"80":1,"81":1,"82":1,"83":2,"84":2,"85":2,"86":2,"87":1,"88":1,"89":2,"90":3,"91":3,"92":3,"93":2,"94":1,"95":1,"96":1,"97":1,"98":1,"99":2,"100":7,"101":7,"102":7,"103":7,"104":4,"105":3,"106":3,"107":2,"108":2,"109":1,"110":2,"111":2,"112
[...]
ne":80,"column":2},"end":{"line":80,"column":53}},"55":{"start":{"line":82,"column":2},"end":{"line":82,"column":22}},"56":{"start":{"line":84,"column":2},"end":{"line":86,"column":3}},"57":{"start":{"line":85,"column":4},"end":{"line":85,"column":50}},"58":{"start":{"line":88,"column":2},"end":{"line":88,"column":16}},"59":{"start":{"line":91,"column":25},"end":{"line":119,"column":1}},"60":{"start":{"line":92,"column":17},"end":{"line":92,"column":49}},"61":{"start":{"line":93,"column":2},"end":{"line":97,"column":3}},"62":{"start":{"line":94,"column":16},"end":{"line":94,"column":54}},"63":{"start":{"line":95,"column":4},"end":{"line":95,"column":31}},"64":{"start":{"line":96,"column":4},"end":{"line":96,"column":14}},"65":{"start":{"line":99,"column":2},"end":{"line":104,"column":3}},"66":{"start":{"line":100,"column":4},"end":{"line":100,"column":40}},"67":{"start":{"line":101,"column":16},"end":{"line":101,"column":67}},"68":{"start":{"line":102,"column":4},"end":{"line":102,"column":29}},"69":{"start":{"line":103,"column":4},"end":{"line":103,"column":14}},"70":{"start":{"line":106,"column":2},"end":{"line":112,"column":3}},"71":{"start":{"line":107,"column":4},"end":{"line":107,"column":49}},"72":{"start":{"line":108,"column":4},"end":{"line":108,"column":24}},"73":{"start":{"line":109,"column":16},"end":{"line":109,"column":46}},"74":{"start":{"line":110,"column":4},"end":{"line":110,"column":29}},"75":{"start":{"line":111,"column":4},"end":{"line":111,"column":14}},"76":{"start":{"line":114,"column":22},"end":{"line":114,"column":40}},"77":{"start":{"line":116,"column":2},"end":{"line":116,"column":38}},"78":{"start":{"line":118,"column":2},"end":{"line":118,"column":21}}},"fnMap":{"0":{"name":"(anonymous_0)","decl":{"start":{"line":6,"column":20},"end":{"line":6,"column":21}},"loc":{"start":{"line":6,"column":28},"end":{"line":6,"column":44}},"line":6},"1":{"name":"(anonymous_1)","decl":{"start":{"line":8,"column":27},"end":{"line":8,"column":28}},"loc":{"start":{"line":8,"column":33},"end":{"line":10,"column":1}},"line":8},"2":{"name":"(anonymous_2)","decl":{"start":{"line":12,"column":32},"end":{"line":12,"column":33}},"loc":{"start":{"line":12,"column":79},"end":{"line":46,"column":1}},"line":12},"3":{"name":"(anonymous_3)","decl":{"start":{"line":48,"column":28},"end":{"line":48,"column":29}},"loc":{"start":{"line":48,"column":40},"end":{"line":53,"column":1}},"line":48},"4":{"name":"(anonymous_4)","decl":{"start":{"line":55,"column":25},"end":{"line":55,"column":26}},"loc":{"start":{"line":55,"column":59},"end":{"line":89,"column":1}},"line":55},"5":{"name":"(anonymous_5)","decl":{"start":{"line":91,"column":25},"end":{"line":91,"column":26}},"loc":{"start":{"line":91,"column":52},"end":{"line":119,"column":1}},"line":91}},"branchMap":{"0":{"loc":{"start":{"line":3,"column":34},"end":{"line":3,"column":69}},"type":"binary-expr","locations":[{"start":{"line":3,"column":34},"end":{"line":3,"column":64}},{"start":{"line":3,"column":68},"end":{"line":3,"column":69}}],"line":3},"1":{"loc":{"start":{"line":4,"column":39},"end":{"line":4,"column":83}},"type":"binary-expr","locations":[{"start":{"line":4,"column":39},"end":{"line":4,"column":78}},{"start":{"line":4,"column":82},"end":{"line":4,"column":83}}],"line":4},"2":{"loc":{"start":{"line":13,"column":2},"end":{"line":15,"column":3}},"type":"if","locations":[{"start":{"line":13,"column":2},"end":{"line":15,"column":3}},{"start":{},"end":{}}],"line":13},"3":{"loc":{"start":{"line":17,"column":2},"end":{"line":19,"column":3}},"type":"if","locations":[{"start":{"line":17,"column":2},"end":{"line":19,"column":3}},{"start":{},"end":{}}],"line":17},"4":{"loc":{"start":{"line":27,"column":2},"end":{"line":29,"column":3}},"type":"if","locations":[{"start":{"line":27,"column":2},"end":{"line":29,"column":3}},{"start":{},"end":{}}],"line":27},"5":{"loc":{"start":{"line":41,"column":2},"end":{"line":43,"column":3}},"type":"if","locations":[{"start":{"line":41,"column":2},"end":{"line":43,"column":3}},{"start":{},"end":{}}],"line":41},"6":{"loc":{"start":{"line":49,"column":2},"end":{"line":49,"column":27}},"type":"if","locations":[{"start":{"line":49,"column":2},"end":{"line":49,"column":27}},{"start":{},"end":{}}],"line":49},"7":{"loc":{"start":{"line":59,"column":2},"end":{"line":63,"column":3}},"type":"if","locations":[{"start":{"line":59,"column":2},"end":{"line":63,"column":3}},{"start":{},"end":{}}],"line":59},"8":{"loc":{"start":{"line":65,"column":2},"end":{"line":72,"column":3}},"type":"if","locations":[{"start":{"line":65,"column":2},"end":{"line":72,"column":3}},{"start":{},"end":{}}],"line":65},"9":{"loc":{"start":{"line":80,"column":24},"end":{"line":80,"column":47}},"type":"binary-expr","locations":[{"start":{"line":80,"column":24},"end":{"line":80,"column":42}},{"start":{"line":80,"column":46},"end":{"line":80,"column":47}}],"line":80},"10":{"loc":{"start":{"line":84,"column":2},"end":{"line":86,"column":3}},"type":"if","locations":[{"start":{"line":84,"column":2},"end":{"line":86,"column":3}},{"start":{},"end":{}}],"line":84},"11":{"loc":{"start":{"line":93,"column":2},"end":{"line":97,"column":3}},"type":"if","locations":[{"start":{"line":93,"column":2},"end":{"line":97,"column":3}},{"start":{},"end":{}}],"line":93},"12":{"loc":{"start":{"line":99,"column":2},"end":{"line":104,"column":3}},"type":"if","locations":[{"start":{"line":99,"column":2},"end":{"line":104,"column":3}},{"start":{},"end":{}}],"line":99},"13":{"loc":{"start":{"line":106,"column":2},"end":{"line":112,"column":3}},"type":"if","locations":[{"start":{"line":106,"column":2},"end":{"line":112,"column":3}},{"start":{},"end":{}}],"line":106},"14":{"loc":{"start":{"line":107,"column":23},"end":{"line":107,"column":43}},"type":"binary-expr","locations":[{"start":{"line":107,"column":23},"end":{"line":107,"column":38}},{"start":{"line":107,"column":42},"end":{"line":107,"column":43}}],"line":107}},"s":{"0":3,"1":3,"2":3,"3":34,"4":3,"5":26,"6":3,"7":21,"8":2,"9":19,"10":1,"11":18,"12":18,"13":18,"14":18,"15":18,"16":16,"17":18,"18":18,"19":18,"20":18,"21":18,"22":18,"23":18,"24":18,"25":17,"26":9,"27":17,"28":3,"29":11,"30":2,"31":9,"32":9,"33":9,"34":3,"35":9,"36":9,"37":9,"38":2,"39":2,"40":2,"41":7,"42":2,"43":2,"44":2,"45":2,"46":2,"47":2,"48":5,"49":5,"50":5,"51":5,"52":5,"53":5,"54":5,"55":5,"56":5,"57":3,"58":5,"59":3,"60":19,"61":19,"62":2,"63":2,"64":2,"65":17,"66":2,"67":2,"68":2,"69":2,"70":15,"71":2,"72":2,"73":2,"74":2,"75":2,"76":13,"77":13,"78":13},"f":{"0":34,"1":26,"2":21,"3":11,"4":9,"5":19},"b":{"0":[3,1],"1":[3,1],"2":[2,19],"3":[1,18],"4":[16,2],"5":[9,8],"6":[2,9],"7":[2,7],"8":[2,5],"9":[5,5],"10":[3,2],"11":[2,17],"12":[2,15],"13":[2,13],"14":[2,2]},"inputSourceMap":null,"_coverageSchema":"1a1c01bbd47fc00a2c39e90264f33305004495a9","hash":"62a319fc2391cee08a6034f49c7583251563acac"}
,"C:\\Users\\ved\\OneDrive\\Desktop\\sepro\\Shabd-Setu-A-blogging-platform\\api\\utils\\createNotification.js": {"path":"C:\\Users\\ved\\OneDrive\\Desktop\\sepro\\Shabd-Setu-A-blogging-platform\\api\\utils\\createNotification.js","statementMap":{"0":{"start":{"line":6,"column":2},"end":{"line":6,"column":18}},"1":{"start":{"line":10,"column":16},"end":{"line":10,"column":18}},"2":{"start":{"line":12,"column":2},"end":{"line":30,"column":3}},"3":{"start":{"line":14,"column":6},"end":{"line":14,"column":75}},"4":{"start":{"line":15,"column":6},"end":{"line":15,"column":12}},"5":{"start":{"line":17,"column":6},"end":{"line":17,"column":82}},"6":{"start":{"line":18,"column":6},"end":{"line":18,"column":12}},"7":{"start":{"line":20,"column":6},"end":{"line":20,"column":62}},"8":{"start":{"line":21,"column":6},"end":{"line":21,"column":12}},"9":{"start":{"line":23,"column":6},"end":{"line":23,"column":60}},"10":{"start":{"line":24,"column":6},"end":{"line":24,"column":12}},"11":{"start":{"line":26,"column":6},"end":{"line":26,"column":78}},"12":{"start":{"line":27,"column":6},"end":{"line":27,"column":12}},"13":{"start":{"line":29,"column":6},"end":{"line":29,"column":46}},"14":{"start":{"line":32,"column":14},"end":{"line":38,"column":4}},"15":{"start":{"line":41,"column":2},"end":{"line":43,"column":3}},"16":{"start":{"line":42,"column":4},"end":{"line":42,"column":61}},"17":{"start":{"line":45,"column":2},"end":{"line":45,"column":13}}},"fnMap":{"0":{"name":"initNotificationIO","decl":{"start":{"line":5,"column":16},"end":{"line":5,"column":34}},"loc":{"start":{"line":5,"column":47},"end":{"line":7,"column":1}},"line":5},"1":{"name":"createNotification","decl":{"start":{"line":9,"column":22},"end":{"line":9,"column":40}},"loc":{"start":{"line":9,"column":92},"end":{"line":46,"column":1}},"line":9}},"branchMap":{"0":{"loc":{"start":{"line":9,"column":78},"end":{"line":9,"column":88}},"type":"default-arg","locations":[{"start":{"line":9,"column":86},"end":{"line":9,"column":88}}],"line":9},"1":{"loc":{"start":{"line":12,"column":2},"end":{"line":30,"column":3}},"type":"switch","locations":[{"start":{"line":13,"column":4},"end":{"line":15,"column":12}},{"start":{"line":16,"column":4},"end":{"line":18,"column":12}},{"start":{"line":19,"column":4},"end":{"line":21,"column":12}},{"start":{"line":22,"column":4},"end":{"line":24,"column":12}},{"start":{"line":25,"column":4},"end":{"line":27,"column":12}},{"start":{"line":28,"column":4},"end":{"line":29,"column":46}}],"line":12},"2":{"loc":{"start":{"line":41,"column":2},"end":{"line":43,"column":3}},"type":"if","locations":[{"start":{"line":41,"column":2},"end":{"line":43,"column":3}},{"start":{},"end":{}}],"line":41},"3":{"loc":{"start":{"line":41,"column":6},"end":{"line":41,"column":23}},"type":"binary-expr","locations":[{"start":{"line":41,"column":6},"end":{"line":41,"column":8}},{"start":{"line":41,"column":12},"end":{"line":41,"column":23}}],"line":41}},"s":{"0":15,"1":12,"2":12,"3":7,"4":7,"5":1,"6":1,"7":1,"8":1,"9":1,"10":1,"11":1,"12":1,"13":1,"14":12,"15":11,"16":3,"17":11},"f":{"0":15,"1":12},"b":{"0":[1],"1":[7,1,1,1,1,1],"2":[3,8],"3":[11,3]},"inputSourceMap":null,"_coverageSchema":"1a1c01bbd47fc00a2c39e90264f33305004495a9","hash":"0ec9abbed358d310e43ed9232003d677f82ed926"}
,"C:\\Users\\ved\\OneDrive\\Desktop\\sepro\\Shabd-Setu-A-blogging-platform\\api\\utils\\mailer.js": {"path":"C:\\Users\\ved\\OneDrive\\Desktop\\sepro\\Shabd-Setu-A-blogging-platform\\api\\utils\\mailer.js","statementMap":{"0":{"start":{"line":2,"column":0},"end":{"line":2,"column":16}},"1":{"start":{"line":6,"column":20},"end":{"line":11,"column":2}},"2":{"start":{"line":13,"column":28},"end":{"line":22,"column":1}},"3":{"start":{"line":14,"column":22},"end":{"line":19,"column":3}},"4":{"start":{"line":21,"column":2},"end":{"line":21,"column":43}}},"fnMap":{"0":{"name":"(anonymous_0)","decl":{"start":{"line":13,"column":28},"end":{"line":13,"column":29}},"loc":{"start":{"line":13,"column":63},"end":{"line":22,"column":1}},"line":13}},"branchMap":{"0":{"loc":{"start":{"line":8,"column":15},"end":{"line":8,"column":43}},"type":"binary-expr","locations":[{"start":{"line":8,"column":15},"end":{"line":8,"column":36}},{"start":{"line":8,"column":40},"end":{"line":8,"column":43}}],"line":8}},"s":{"0":3,"1":3,"2":3,"3":8,"4":8},"f":{"0":8},"b":{"0":[3,1]},"inputSourceMap":null,"_coverageSchema":"1a1c01bbd47fc00a2c39e90264f33305004495a9","hash":"25a8210ec7eeea18ea8a487b8079c0771c6f1d49"}
,"C:\\Users\\ved\\OneDrive\\Desktop\\sepro\\Shabd-Setu-A-blogging-platform\\api\\utils\\notifyTriggers.js": {"path":"C:\\Users\\ved\\OneDrive\\Desktop\\sepro\\Shabd-Setu-A-blogging-platform\\api\\utils\\notifyTriggers.js","statementMap":{"0":{"start":{"line":7,"column":22},"end":{"line":20,"column":1}},"1":{"start":{"line":8,"column":2},"end":{"line":10,"column":3}},"2":{"start":{"line":9,"column":4},"end":{"line":9,"column":15}},"3":{"start":{"line":12,"column":21},"end":{"line":12,"column":74}},"4":{"start":{"line":13,"column":26},"end":{"line":13,"column":80}},"5":{"start":{"line":13,"column":56},"end":{"line":13,"column":79}},"6":{"start":{"line":15,"column":2},"end":{"line":17,"column":3}},"7":{"start":{"line":16,"column":4},"end":{"line":16,"column":56}},"8":{"start":{"line":19,"column":2},"end":{"line":19,"column":30}},"9":{"start":{"line":23,"column":15},"end":{"line":26,"column":4}},"10":{"start":{"line":27,"column":2},"end":{"line":27,"column":20}},"11":{"start":{"line":27,"column":13},"end":{"line":27,"column":20}},"12":{"start":{"line":28,"column":2},"end":{"line":28,"column":58}},"13":{"start":{"line":28,"column":51},"end":{"line":28,"column":58}},"14":{"start":{"line":30,"column":17},"end":{"line":30,"column":45}},"15":{"start":{"line":31,"column":2},"end":{"line":37,"column":5}},"16":{"start":{"line":41,"column":15},"end":{"line":44,"column":4}},"17":{"start":{"line":45,"column":2},"end":{"line":45,"column":20}},"18":{"start":{"line":45,"column":13},"end":{"line":45,"column":20}},"19":{"start":{"line":46,"column":2},"end":{"line":46,"column":62}},"20":{"start":{"line":46,"column":55},"end":{"line":46,"column":62}},"21":{"start":{"line":48,"column":17},"end":{"line":48,"column":49}},"22":{"start":{"line":49,"column":2},"end":{"line":55,"column":5}},"23":{"start":{"line":59,"column":2},"end":{"line":59,"column":66}},"24":{"start":{"line":59,"column":59},"end":{"line":59,"column":66}},"25":{"start":{"line":60,"column":17},"end":{"line":60,"column":47}},"26":{"start":{"line":61,"column":15},"end":{"line":63,"column":4}},"27":{"start":{"line":64,"column":2},"end":{"line":70,"column":5}},"28":{"start":{"line":74,"column":2},"end":{"line":74,"column":58}},"29":{"start":{"line":74,"column":51},"end":{"line":74,"column":58}},"30":{"start":{"line":75,"column":17},"end":{"line":75,"column":48}},"31":{"start":{"line":76,"column":2},"end":{"line":82,"column":5}},"32":{"start":{"line":86,"column":17},"end":{"line":86,"column":46}},"33":{"start":{"line":87,"column":15},"end":{"line":89,"column":4}},"34":{"start":{"line":90,"column":2},"end":{"line":90,"column":31}},"35":{"start":{"line":90,"column":24},"end":{"line":90,"column":31}},"36":{"start":{"line":92,"column":18},"end":{"line":92,"column":60}},"37":{"start":{"line":93,"column":22},"end":{"line":93,"column":60}},"38":{"start":{"line":93,"column":44},"end":{"line":93,"column":59}},"39":{"start":{"line":95,"column":2},"end":{"line":103,"column":3}},"40":{"start":{"line":96,"column":4},"end":{"line":102,"column":7}}},"fnMap":{"0":{"name":"(anonymous_0)","decl":{"start":{"line":7,"column":22},"end":{"line":7,"column":23}},"loc":{"start":{"line":7,"column":32},"end":{"line":20,"column":1}},"line":7},"1":{"name":"(anonymous_1)","decl":{"start":{"line":13,"column":42},"end":{"line":13,"column":43}},"loc":{"start":{"line":13,"column":56},"end":{"line":13,"column":79}},"line":13},"2":{"name":"notifyLike","decl":{"start":{"line":22,"column":22},"end":{"line":22,"column":32}},"loc":{"start":{"line":22,"column":54},"end":{"line":38,"column":1}},"line":22},"3":{"name":"notifyComment","decl":{"start":{"line":40,"column":22},"end":{"line":40,"column":35}},"loc":{"start":{"line":40,"column":61},"end":{"line":56,"column":1}},"line":40},"4":{"name":"notifyReply","decl":{"start":{"line":58,"column":22},"end":{"line":58,"column":33}},"loc":{"start":{"line":58,"column":80},"end":{"line":71,"column":1}},"line":58},"5":{"name":"notifyFollow","decl":{"start":{"line":73,"column":22},"end":{"line":73,"column":34}},"loc":{"start":{"line":73,"column":65},"end":{"line":83,"column":1}},"line":73},"6":{"name":"notifyFollowersNewPost","decl":{"start":{"line":85,"column":22},"end":{"line":85,"column":44}},"loc":{"start":{"line":85,"column":67},"end":{"line":104,"column":1}},"line":85},"7":{"name":"(anonymous_7)","decl":{"start":{"line":93,"column":34},"end":{"line":93,"column":35}},"loc":{"start":{"line":93,"column":44},"end":{"line":93,"column":59}},"line":93}},"branchMap":{"0":{"loc":{"start":{"line":8,"column":2},"end":{"line":10,"column":3}},"type":"if","locations":[{"start":{"line":8,"column":2},"end":{"line":10,"column":3}},{"start":{},"end":{}}],"line":8},"1":{"loc":{"start":{"line":12,"column":21},"end":{"line":12,"column":74}},"type":"cond-expr","locations":[{"start":{"line":12,"column":54},"end":{"line":12,"column":69}},{"start":{"line":12,"column":72},"end":{"line":12,"column":74}}],"line":12},"2":{"loc":{"start":{"line":15,"column":2},"end":{"line":17,"column":3}},"type":"if","locations":[{"start":{"line":15,"column":2},"end":{"line":17,"column":3}},{"start":{},"end":{}}],"line":15},"3":{"loc":{"start":{"line":27,"column":2},"end":{"line":27,"column":20}},"type":"if","locations":[{"start":{"line":27,"column":2},"end":{"line":27,"column":20}},{"start":{},"end":{}}],"line":27},"4":{"loc":{"start":{"line":28,"column":2},"end":{"line":28,"column":58}},"type":"if","locations":[{"start":{"line":28,"column":2},"end":{"line":28,"column":58}},{"start":{},"end":{}}],"line":28},"5":{"loc":{"start":{"line":36,"column":25},"end":{"line":36,"column":50}},"type":"binary-expr","locations":[{"start":{"line":36,"column":25},"end":{"line":36,"column":37}},{"start":{"line":36,"column":41},"end":{"line":36,"column":50}}],"line":36},"6":{"loc":{"start":{"line":45,"column":2},"end":{"line":45,"column":20}},"type":"if","locations":[{"start":{"line":45,"column":2},"end":{"line":45,"column":20}},{"start":{},"end":{}}],"line":45},"7":{"loc":{"start":{"line":46,"column":2},"end":{"line":46,"column":62}},"type":"if","locations":[{"start":{"line":46,"column":2},"end":{"line":46,"column":62}},{"start":{},"end":{}}],"line":46},"8":{"loc":{"start":{"line":54,"column":25},"end":{"line":54,"column":50}},"type":"binary-expr","locations":[{"start":{"line":54,"column":25},"end":{"line":54,"column":37}},{"start":{"line":54,"column":41},"end":{"line":54,"column":50}}],"line":54},"9":{"loc":{"start":{"line":59,"column":2},"end":{"line":59,"column":66}},"type":"if","locations":[{"start":{"line":59,"column":2},"end":{"line":59,"column":66}},{"start":{},"end":{}}],"line":59},"10":{"loc":{"start":{"line":69,"column":25},"end":{"line":69,"column":50}},"type":"binary-expr","locations":[{"start":{"line":69,"column":25},"end":{"line":69,"column":37}},{"start":{"line":69,"column":41},"end":{"line":69,"column":50}}],"line":69},"11":{"loc":{"start":{"line":74,"column":2},"end":{"line":74,"column":58}},"type":"if","locations":[{"start":{"line":74,"column":2},"end":{"line":74,"column":58}},{"start":{},"end":{}}],"line":74},"12":{"loc":{"start":{"line":81,"column":25},"end":{"line":81,"column":50}},"type":"binary-expr","locations":[{"start":{"line":81,"column":25},"end":{"line":81,"column":37}},{"start":{"line":81,"column":41},"end":{"line":81,"column":50}}],"line":81},"13":{"loc":{"start":{"line":90,"column":2},"end":{"line":90,"column":31}},"type":"if","locations":[{"start":{"line":90,"column":2},"end":{"line":90,"column":31}},{"start":{},"end":{}}],"line":90},"14":{"loc":{"start":{"line":90,"column":6},"end":{"line":90,"column":22}},"type":"binary-expr","locations":[{"start":{"line":90,"column":6},"end":{"line":90,"column":13}},{"start":{"line":90,"column":17},"end":{"line":90,"column":22}}],"line":90},"15":{"loc":{"start":{"line":101,"column":27},"end":{"line":101,"column":51}},"type":"binary-expr","locations":[{"start":{"line":101,"column":27},"end":{"line":101,"column":38}},{"start":{"line":101,"column":42},"end":{"line":101,"column":51}}],"line":101}},"s":{"0":5,"1":16,"2":1,"3":15,"4":15,"5":3,"6":15,"7":1,"8":14,"9":10,"10":10,"11":1,"12":9,"13":1,"14":8,"15":8,"16":4,"17":4,"18":1,"19":3,"20":1,"21":2,"22":2,"23":4,"24":1,"25":3,"26":3,"27":3,"28":3,"29":1,"30":2,"31":2,"32":5,"33":5,"34":5,"35":2,"36":3,"37":3,"38":3,"39":3,"40":3},"f":{"0":16,"1":3,"2":10,"3":4,"4":4,"5":3,"6":5,"7":3},"b":{"0":[1,15],"1":[14,1],"2":[1,14],"3":[1,9],"4":[1,8],"5":[8,2],"6":[1,3],"7":[1,2],"8":[2,1],"9":[1,3],"10":[3,1],"11":[1,2],"12":[2,1],"13":[2,3],"14":[5,4],"15":[3,1]},"inputSourceMap":null,"_coverageSchema":"1a1c01bbd47fc00a2c39e90264f33305004495a9","hash":"971aee3accb4c8ac4b32daed13ce123f0244d6d6"}
}
