{"total": {"lines":{"total":91,"covered":91,"skipped":0,"pct":100},"statements":{"total":92,"covered":92,"skipped":0,"pct":100},"functions":{"total":9,"covered":9,"skipped":0,"pct":100},"branches":{"total":50,"covered":47,"skipped":0,"pct":94},"branchesTrue":{"total":0,"covered":0,"skipped":0,"pct":"Unknown"}}
,"C:\\Users\\ved\\OneDrive\\Desktop\\sepro\\Shabd-Setu-A-blogging-platform\\api\\controllers\\Auth.controller.js": {"lines":{"total":91,"covered":91,"skipped":0,"pct":100},"functions":{"total":9,"covered":9,"skipped":0,"pct":100},"statements":{"total":92,"covered":92,"skipped":0,"pct":100},"branches":{"total":50,"covered":47,"skipped":0,"pct":94}}
}
