{"C:\\Users\\ved\\OneDrive\\Desktop\\sepro\\Shabd-Setu-A-blogging-platform\\api\\controllers\\Auth.controller.js": {"path":"C:\\Users\\ved\\OneDrive\\Desktop\\sepro\\Shabd-Setu-A-blogging-platform\\api\\controllers\\Auth.controller.js","statementMap":{"0":{"start":{"line":9,"column":27},"end":{"line":9,"column":70}},"1":{"start":{"line":10,"column":32},"end":{"line":10,"column":84}},"2":{"start":{"line":13,"column":20},"end":{"line":13,"column":44}},"3":{"start":{"line":13,"column":28},"end":{"line":13,"column":44}},"4":{"start":{"line":15,"column":24},"end":{"line":57,"column":1}},"5":{"start":{"line":16,"column":4},"end":{"line":56,"column":5}},"6":{"start":{"line":17,"column":42},"end":{"line":17,"column":50}},"7":{"start":{"line":19,"column":8},"end":{"line":21,"column":9}},"8":{"start":{"line":20,"column":12},"end":{"line":20,"column":84}},"9":{"start":{"line":23,"column":32},"end":{"line":23,"column":58}},"10":{"start":{"line":25,"column":29},"end":{"line":25,"column":75}},"11":{"start":{"line":26,"column":8},"end":{"line":28,"column":9}},"12":{"start":{"line":27,"column":12},"end":{"line":27,"column":70}},"13":{"start":{"line":30,"column":31},"end":{"line":30,"column":58}},"14":{"start":{"line":32,"column":8},"end":{"line":42,"column":11}},"15":{"start":{"line":40,"column":16},"end":{"line":40,"column":73}},"16":{"start":{"line":44,"column":8},"end":{"line":52,"column":11}},"17":{"start":{"line":55,"column":8},"end":{"line":55,"column":53}},"18":{"start":{"line":59,"column":25},"end":{"line":100,"column":1}},"19":{"start":{"line":60,"column":4},"end":{"line":99,"column":5}},"20":{"start":{"line":61,"column":31},"end":{"line":61,"column":39}},"21":{"start":{"line":62,"column":8},"end":{"line":64,"column":9}},"22":{"start":{"line":63,"column":12},"end":{"line":63,"column":73}},"23":{"start":{"line":66,"column":32},"end":{"line":66,"column":58}},"24":{"start":{"line":68,"column":28},"end":{"line":68,"column":86}},"25":{"start":{"line":70,"column":8},"end":{"line":72,"column":9}},"26":{"start":{"line":71,"column":12},"end":{"line":71,"column":99}},"27":{"start":{"line":74,"column":29},"end":{"line":74,"column":75}},"28":{"start":{"line":75,"column":8},"end":{"line":77,"column":9}},"29":{"start":{"line":76,"column":12},"end":{"line":76,"column":111}},"30":{"start":{"line":79,"column":8},"end":{"line":81,"column":9}},"31":{"start":{"line":80,"column":12},"end":{"line":80,"column":109}},"32":{"start":{"line":83,"column":24},"end":{"line":89,"column":10}},"33":{"start":{"line":91,"column":8},"end":{"line":91,"column":29}},"34":{"start":{"line":93,"column":8},"end":{"line":93,"column":106}},"35":{"start":{"line":95,"column":8},"end":{"line":97,"column":9}},"36":{"start":{"line":96,"column":12},"end":{"line":96,"column":57}},"37":{"start":{"line":98,"column":8},"end":{"line":98,"column":53}},"38":{"start":{"line":102,"column":25},"end":{"line":146,"column":1}},"39":{"start":{"line":103,"column":4},"end":{"line":145,"column":5}},"40":{"start":{"line":104,"column":26},"end":{"line":104,"column":34}},"41":{"start":{"line":105,"column":8},"end":{"line":107,"column":9}},"42":{"start":{"line":106,"column":12},"end":{"line":106,"column":64}},"43":{"start":{"line":109,"column":32},"end":{"line":109,"column":58}},"44":{"start":{"line":111,"column":8},"end":{"line":141,"column":9}},"45":{"start":{"line":112,"column":27},"end":{"line":117,"column":14}},"46":{"start":{"line":115,"column":20},"end":{"line":115,"column":77}},"47":{"start":{"line":119,"column":34},"end":{"line":119,"column":110}},"48":{"start":{"line":121,"column":12},"end":{"line":130,"column":15}},"49":{"start":{"line":133,"column":12},"end":{"line":136,"column":13}},"50":{"start":{"line":134,"column":36},"end":{"line":134,"column":83}},"51":{"start":{"line":135,"column":16},"end":{"line":135,"column":96}},"52":{"start":{"line":137,"column":12},"end":{"line":139,"column":13}},"53":{"start":{"line":138,"column":16},"end":{"line":138,"column":59}},"54":{"start":{"line":140,"column":12},"end":{"line":140,"column":55}},"55":{"start":{"line":144,"column":8},"end":{"line":144,"column":46}},"56":{"start":{"line":150,"column":21},"end":{"line":187,"column":1}},"57":{"start":{"line":151,"column":4},"end":{"line":186,"column":5}},"58":{"start":{"line":152,"column":36},"end":{"line":152,"column":44}},"59":{"start":{"line":153,"column":21},"end":{"line":153,"column":50}},"60":{"start":{"line":154,"column":8},"end":{"line":156,"column":9}},"61":{"start":{"line":155,"column":12},"end":{"line":155,"column":83}},"62":{"start":{"line":157,"column":32},"end":{"line":157,"column":79}},"63":{"start":{"line":158,"column":8},"end":{"line":160,"column":9}},"64":{"start":{"line":159,"column":12},"end":{"line":159,"column":83}},"65":{"start":{"line":162,"column":22},"end":{"line":167,"column":34}},"66":{"start":{"line":169,"column":8},"end":{"line":174,"column":10}},"67":{"start":{"line":176,"column":24},"end":{"line":176,"column":56}},"68":{"start":{"line":177,"column":8},"end":{"line":177,"column":31}},"69":{"start":{"line":178,"column":8},"end":{"line":182,"column":10}},"70":{"start":{"line":185,"column":8},"end":{"line":185,"column":57}},"71":{"start":{"line":189,"column":27},"end":{"line":237,"column":1}},"72":{"start":{"line":190,"column":4},"end":{"line":236,"column":5}},"73":{"start":{"line":191,"column":40},"end":{"line":191,"column":48}},"74":{"start":{"line":192,"column":32},"end":{"line":192,"column":59}},"75":{"start":{"line":194,"column":8},"end":{"line":194,"column":61}},"76":{"start":{"line":195,"column":8},"end":{"line":208,"column":9}},"77":{"start":{"line":197,"column":29},"end":{"line":197,"column":53}},"78":{"start":{"line":198,"column":35},"end":{"line":198,"column":62}},"79":{"start":{"line":199,"column":28},"end":{"line":204,"column":14}},"80":{"start":{"line":206,"column":12},"end":{"line":206,"column":39}},"81":{"start":{"line":211,"column":22},"end":{"line":216,"column":34}},"82":{"start":{"line":219,"column":8},"end":{"line":224,"column":10}},"83":{"start":{"line":226,"column":24},"end":{"line":226,"column":56}},"84":{"start":{"line":227,"column":8},"end":{"line":227,"column":31}},"85":{"start":{"line":228,"column":8},"end":{"line":232,"column":10}},"86":{"start":{"line":235,"column":8},"end":{"line":235,"column":45}},"87":{"start":{"line":239,"column":22},"end":{"line":257,"column":1}},"88":{"start":{"line":240,"column":4},"end":{"line":256,"column":5}},"89":{"start":{"line":242,"column":8},"end":{"line":247,"column":10}},"90":{"start":{"line":249,"column":8},"end":{"line":252,"column":10}},"91":{"start":{"line":255,"column":8},"end":{"line":255,"column":45}}},"fnMap":{"0":{"name":"(anonymous_0)","decl":{"start":{"line":13,"column":20},"end":{"line":13,"column":21}},"loc":{"start":{"line":13,"column":28},"end":{"line":13,"column":44}},"line":13},"1":{"name":"(anonymous_1)","decl":{"start":{"line":15,"column":24},"end":{"line":15,"column":25}},"loc":{"start":{"line":15,"column":50},"end":{"line":57,"column":1}},"line":15},"2":{"name":"(anonymous_2)","decl":{"start":{"line":39,"column":25},"end":{"line":39,"column":26}},"loc":{"start":{"line":39,"column":76},"end":{"line":41,"column":13}},"line":39},"3":{"name":"(anonymous_3)","decl":{"start":{"line":59,"column":25},"end":{"line":59,"column":26}},"loc":{"start":{"line":59,"column":51},"end":{"line":100,"column":1}},"line":59},"4":{"name":"(anonymous_4)","decl":{"start":{"line":102,"column":25},"end":{"line":102,"column":26}},"loc":{"start":{"line":102,"column":51},"end":{"line":146,"column":1}},"line":102},"5":{"name":"(anonymous_5)","decl":{"start":{"line":114,"column":29},"end":{"line":114,"column":30}},"loc":{"start":{"line":114,"column":80},"end":{"line":116,"column":17}},"line":114},"6":{"name":"(anonymous_6)","decl":{"start":{"line":150,"column":21},"end":{"line":150,"column":22}},"loc":{"start":{"line":150,"column":41},"end":{"line":187,"column":1}},"line":150},"7":{"name":"(anonymous_7)","decl":{"start":{"line":189,"column":27},"end":{"line":189,"column":28}},"loc":{"start":{"line":189,"column":53},"end":{"line":237,"column":1}},"line":189},"8":{"name":"(anonymous_8)","decl":{"start":{"line":239,"column":22},"end":{"line":239,"column":23}},"loc":{"start":{"line":239,"column":48},"end":{"line":257,"column":1}},"line":239}},"branchMap":{"0":{"loc":{"start":{"line":9,"column":34},"end":{"line":9,"column":69}},"type":"binary-expr","locations":[{"start":{"line":9,"column":34},"end":{"line":9,"column":64}},{"start":{"line":9,"column":68},"end":{"line":9,"column":69}}],"line":9},"1":{"loc":{"start":{"line":10,"column":39},"end":{"line":10,"column":83}},"type":"binary-expr","locations":[{"start":{"line":10,"column":39},"end":{"line":10,"column":78}},{"start":{"line":10,"column":82},"end":{"line":10,"column":83}}],"line":10},"2":{"loc":{"start":{"line":19,"column":8},"end":{"line":21,"column":9}},"type":"if","locations":[{"start":{"line":19,"column":8},"end":{"line":21,"column":9}},{"start":{},"end":{}}],"line":19},"3":{"loc":{"start":{"line":19,"column":12},"end":{"line":19,"column":40}},"type":"binary-expr","locations":[{"start":{"line":19,"column":12},"end":{"line":19,"column":17}},{"start":{"line":19,"column":21},"end":{"line":19,"column":27}},{"start":{"line":19,"column":31},"end":{"line":19,"column":40}}],"line":19},"4":{"loc":{"start":{"line":26,"column":8},"end":{"line":28,"column":9}},"type":"if","locations":[{"start":{"line":26,"column":8},"end":{"line":28,"column":9}},{"start":{},"end":{}}],"line":26},"5":{"loc":{"start":{"line":62,"column":8},"end":{"line":64,"column":9}},"type":"if","locations":[{"start":{"line":62,"column":8},"end":{"line":64,"column":9}},{"start":{},"end":{}}],"line":62},"6":{"loc":{"start":{"line":62,"column":12},"end":{"line":62,"column":26}},"type":"binary-expr","locations":[{"start":{"line":62,"column":12},"end":{"line":62,"column":18}},{"start":{"line":62,"column":22},"end":{"line":62,"column":26}}],"line":62},"7":{"loc":{"start":{"line":70,"column":8},"end":{"line":72,"column":9}},"type":"if","locations":[{"start":{"line":70,"column":8},"end":{"line":72,"column":9}},{"start":{},"end":{}}],"line":70},"8":{"loc":{"start":{"line":75,"column":8},"end":{"line":77,"column":9}},"type":"if","locations":[{"start":{"line":75,"column":8},"end":{"line":77,"column":9}},{"start":{},"end":{}}],"line":75},"9":{"loc":{"start":{"line":79,"column":8},"end":{"line":81,"column":9}},"type":"if","locations":[{"start":{"line":79,"column":8},"end":{"line":81,"column":9}},{"start":{},"end":{}}],"line":79},"10":{"loc":{"start":{"line":79,"column":12},"end":{"line":79,"column":58}},"type":"binary-expr","locations":[{"start":{"line":79,"column":12},"end":{"line":79,"column":37}},{"start":{"line":79,"column":41},"end":{"line":79,"column":58}}],"line":79},"11":{"loc":{"start":{"line":87,"column":18},"end":{"line":87,"column":44}},"type":"binary-expr","locations":[{"start":{"line":87,"column":18},"end":{"line":87,"column":34}},{"start":{"line":87,"column":38},"end":{"line":87,"column":44}}],"line":87},"12":{"loc":{"start":{"line":95,"column":8},"end":{"line":97,"column":9}},"type":"if","locations":[{"start":{"line":95,"column":8},"end":{"line":97,"column":9}},{"start":{},"end":{}}],"line":95},"13":{"loc":{"start":{"line":95,"column":12},"end":{"line":95,"column":106}},"type":"binary-expr","locations":[{"start":{"line":95,"column":12},"end":{"line":95,"column":42}},{"start":{"line":95,"column":46},"end":{"line":95,"column":74}},{"start":{"line":95,"column":78},"end":{"line":95,"column":106}}],"line":95},"14":{"loc":{"start":{"line":105,"column":8},"end":{"line":107,"column":9}},"type":"if","locations":[{"start":{"line":105,"column":8},"end":{"line":107,"column":9}},{"start":{},"end":{}}],"line":105},"15":{"loc":{"start":{"line":133,"column":12},"end":{"line":136,"column":13}},"type":"if","locations":[{"start":{"line":133,"column":12},"end":{"line":136,"column":13}},{"start":{},"end":{}}],"line":133},"16":{"loc":{"start":{"line":134,"column":36},"end":{"line":134,"column":83}},"type":"binary-expr","locations":[{"start":{"line":134,"column":36},"end":{"line":134,"column":51}},{"start":{"line":134,"column":55},"end":{"line":134,"column":83}}],"line":134},"17":{"loc":{"start":{"line":137,"column":12},"end":{"line":139,"column":13}},"type":"if","locations":[{"start":{"line":137,"column":12},"end":{"line":139,"column":13}},{"start":{},"end":{}}],"line":137},"18":{"loc":{"start":{"line":154,"column":8},"end":{"line":156,"column":9}},"type":"if","locations":[{"start":{"line":154,"column":8},"end":{"line":156,"column":9}},{"start":{},"end":{}}],"line":154},"19":{"loc":{"start":{"line":158,"column":8},"end":{"line":160,"column":9}},"type":"if","locations":[{"start":{"line":158,"column":8},"end":{"line":160,"column":9}},{"start":{},"end":{}}],"line":158},"20":{"loc":{"start":{"line":172,"column":22},"end":{"line":172,"column":79}},"type":"cond-expr","locations":[{"start":{"line":172,"column":62},"end":{"line":172,"column":68}},{"start":{"line":172,"column":71},"end":{"line":172,"column":79}}],"line":172},"21":{"loc":{"start":{"line":195,"column":8},"end":{"line":208,"column":9}},"type":"if","locations":[{"start":{"line":195,"column":8},"end":{"line":208,"column":9}},{"start":{},"end":{}}],"line":195},"22":{"loc":{"start":{"line":222,"column":22},"end":{"line":222,"column":79}},"type":"cond-expr","locations":[{"start":{"line":222,"column":62},"end":{"line":222,"column":68}},{"start":{"line":222,"column":71},"end":{"line":222,"column":79}}],"line":222},"23":{"loc":{"start":{"line":245,"column":22},"end":{"line":245,"column":79}},"type":"cond-expr","locations":[{"start":{"line":245,"column":62},"end":{"line":245,"column":68}},{"start":{"line":245,"column":71},"end":{"line":245,"column":79}}],"line":245}},"s":{"0":1,"1":1,"2":1,"3":2,"4":1,"5":6,"6":6,"7":6,"8":1,"9":5,"10":5,"11":5,"12":1,"13":4,"14":4,"15":3,"16":3,"17":1,"18":1,"19":7,"20":7,"21":7,"22":1,"23":6,"24":6,"25":3,"26":0,"27":3,"28":3,"29":1,"30":2,"31":1,"32":1,"33":1,"34":1,"35":3,"36":3,"37":0,"38":1,"39":5,"40":5,"41":5,"42":1,"43":4,"44":4,"45":4,"46":2,"47":2,"48":2,"49":2,"50":1,"51":1,"52":1,"53":1,"54":0,"55":0,"56":1,"57":5,"58":5,"59":5,"60":5,"61":1,"62":4,"63":4,"64":1,"65":3,"66":3,"67":3,"68":3,"69":3,"70":0,"71":1,"72":4,"73":4,"74":4,"75":4,"76":4,"77":3,"78":3,"79":3,"80":3,"81":4,"82":4,"83":4,"84":4,"85":4,"86":0,"87":1,"88":2,"89":2,"90":2,"91":0},"f":{"0":2,"1":6,"2":3,"3":7,"4":5,"5":2,"6":5,"7":4,"8":2},"b":{"0":[1,0],"1":[1,0],"2":[1,5],"3":[6,5,5],"4":[1,4],"5":[1,6],"6":[7,7],"7":[0,3],"8":[1,2],"9":[1,1],"10":[2,1],"11":[1,0],"12":[3,0],"13":[3,2,1],"14":[1,4],"15":[1,1],"16":[1,0],"17":[1,0],"18":[1,4],"19":[1,3],"20":[0,3],"21":[3,1],"22":[0,4],"23":[0,2]},"inputSourceMap":null,"_coverageSchema":"1a1c01bbd47fc00a2c39e90264f33305004495a9","hash":"f4302f8b5a2044f58758d5e6bb545cd11ae2a79c"}
,"C:\\Users\\ved\\OneDrive\\Desktop\\sepro\\Shabd-Setu-A-blogging-platform\\api\\controllers\\BlogLike.controller.js": {"path":"C:\\Users\\ved\\OneDrive\\Desktop\\sepro\\Shabd-Setu-A-blogging-platform\\api\\controllers\\BlogLike.controller.js","statementMap":{"0":{"start":{"line":7,"column":22},"end":{"line":45,"column":1}},"1":{"start":{"line":8,"column":4},"end":{"line":44,"column":5}},"2":{"start":{"line":9,"column":27},"end":{"line":9,"column":35}},"3":{"start":{"line":10,"column":27},"end":{"line":10,"column":52}},"4":{"start":{"line":11,"column":31},"end":{"line":11,"column":44}},"5":{"start":{"line":12,"column":23},"end":{"line":12,"column":51}},"6":{"start":{"line":14,"column":8},"end":{"line":16,"column":9}},"7":{"start":{"line":15,"column":12},"end":{"line":15,"column":84}},"8":{"start":{"line":18,"column":19},"end":{"line":18,"column":67}},"9":{"start":{"line":19,"column":29},"end":{"line":19,"column":34}},"10":{"start":{"line":21,"column":8},"end":{"line":26,"column":9}},"11":{"start":{"line":22,"column":12},"end":{"line":22,"column":66}},"12":{"start":{"line":23,"column":12},"end":{"line":23,"column":33}},"13":{"start":{"line":25,"column":12},"end":{"line":25,"column":54}},"14":{"start":{"line":28,"column":26},"end":{"line":28,"column":67}},"15":{"start":{"line":30,"column":8},"end":{"line":36,"column":9}},"16":{"start":{"line":31,"column":12},"end":{"line":35,"column":13}},"17":{"start":{"line":32,"column":16},"end":{"line":32,"column":69}},"18":{"start":{"line":34,"column":16},"end":{"line":34,"column":87}},"19":{"start":{"line":38,"column":8},"end":{"line":40,"column":10}},"20":{"start":{"line":43,"column":8},"end":{"line":43,"column":45}},"21":{"start":{"line":46,"column":25},"end":{"line":67,"column":1}},"22":{"start":{"line":47,"column":4},"end":{"line":66,"column":5}},"23":{"start":{"line":48,"column":35},"end":{"line":48,"column":45}},"24":{"start":{"line":49,"column":26},"end":{"line":49,"column":67}},"25":{"start":{"line":51,"column":26},"end":{"line":51,"column":31}},"26":{"start":{"line":52,"column":8},"end":{"line":57,"column":9}},"27":{"start":{"line":53,"column":32},"end":{"line":53,"column":87}},"28":{"start":{"line":54,"column":12},"end":{"line":56,"column":13}},"29":{"start":{"line":55,"column":16},"end":{"line":55,"column":34}},"30":{"start":{"line":60,"column":8},"end":{"line":63,"column":10}},"31":{"start":{"line":65,"column":8},"end":{"line":65,"column":45}},"32":{"start":{"line":69,"column":24},"end":{"line":100,"column":1}},"33":{"start":{"line":70,"column":2},"end":{"line":99,"column":3}},"34":{"start":{"line":71,"column":23},"end":{"line":71,"column":33}},"35":{"start":{"line":72,"column":23},"end":{"line":72,"column":36}},"36":{"start":{"line":74,"column":8},"end":{"line":76,"column":9}},"37":{"start":{"line":75,"column":12},"end":{"line":75,"column":67}},"38":{"start":{"line":78,"column":29},"end":{"line":78,"column":85}},"39":{"start":{"line":80,"column":4},"end":{"line":83,"column":5}},"40":{"start":{"line":81,"column":6},"end":{"line":81,"column":57}},"41":{"start":{"line":82,"column":6},"end":{"line":82,"column":40}},"42":{"start":{"line":85,"column":8},"end":{"line":85,"column":64}},"43":{"start":{"line":87,"column":17},"end":{"line":87,"column":63}},"44":{"start":{"line":88,"column":4},"end":{"line":93,"column":5}},"45":{"start":{"line":89,"column":6},"end":{"line":92,"column":9}},"46":{"start":{"line":95,"column":4},"end":{"line":95,"column":42}},"47":{"start":{"line":97,"column":4},"end":{"line":97,"column":23}},"48":{"start":{"line":98,"column":4},"end":{"line":98,"column":59}}},"fnMap":{"0":{"name":"(anonymous_0)","decl":{"start":{"line":7,"column":22},"end":{"line":7,"column":23}},"loc":{"start":{"line":7,"column":48},"end":{"line":45,"column":1}},"line":7},"1":{"name":"(anonymous_1)","decl":{"start":{"line":46,"column":25},"end":{"line":46,"column":26}},"loc":{"start":{"line":46,"column":51},"end":{"line":67,"column":1}},"line":46},"2":{"name":"(anonymous_2)","decl":{"start":{"line":69,"column":24},"end":{"line":69,"column":25}},"loc":{"start":{"line":69,"column":44},"end":{"line":100,"column":1}},"line":69}},"branchMap":{"0":{"loc":{"start":{"line":12,"column":23},"end":{"line":12,"column":51}},"type":"binary-expr","locations":[{"start":{"line":12,"column":23},"end":{"line":12,"column":33}},{"start":{"line":12,"column":37},"end":{"line":12,"column":51}}],"line":12},"1":{"loc":{"start":{"line":14,"column":8},"end":{"line":16,"column":9}},"type":"if","locations":[{"start":{"line":14,"column":8},"end":{"line":16,"column":9}},{"start":{},"end":{}}],"line":14},"2":{"loc":{"start":{"line":21,"column":8},"end":{"line":26,"column":9}},"type":"if","locations":[{"start":{"line":21,"column":8},"end":{"line":26,"column":9}},{"start":{"line":24,"column":15},"end":{"line":26,"column":9}}],"line":21},"3":{"loc":{"start":{"line":30,"column":8},"end":{"line":36,"column":9}},"type":"if","locations":[{"start":{"line":30,"column":8},"end":{"line":36,"column":9}},{"start":{},"end":{}}],"line":30},"4":{"loc":{"start":{"line":30,"column":12},"end":{"line":30,"column":36}},"type":"binary-expr","locations":[{"start":{"line":30,"column":12},"end":{"line":30,"column":26}},{"start":{"line":30,"column":30},"end":{"line":30,"column":36}}],"line":30},"5":{"loc":{"start":{"line":52,"column":8},"end":{"line":57,"column":9}},"type":"if","locations":[{"start":{"line":52,"column":8},"end":{"line":57,"column":9}},{"start":{},"end":{}}],"line":52},"6":{"loc":{"start":{"line":54,"column":12},"end":{"line":56,"column":13}},"type":"if","locations":[{"start":{"line":54,"column":12},"end":{"line":56,"column":13}},{"start":{},"end":{}}],"line":54},"7":{"loc":{"start":{"line":74,"column":8},"end":{"line":76,"column":9}},"type":"if","locations":[{"start":{"line":74,"column":8},"end":{"line":76,"column":9}},{"start":{},"end":{}}],"line":74},"8":{"loc":{"start":{"line":80,"column":4},"end":{"line":83,"column":5}},"type":"if","locations":[{"start":{"line":80,"column":4},"end":{"line":83,"column":5}},{"start":{},"end":{}}],"line":80},"9":{"loc":{"start":{"line":88,"column":4},"end":{"line":93,"column":5}},"type":"if","locations":[{"start":{"line":88,"column":4},"end":{"line":93,"column":5}},{"start":{},"end":{}}],"line":88},"10":{"loc":{"start":{"line":88,"column":8},"end":{"line":88,"column":58}},"type":"binary-expr","locations":[{"start":{"line":88,"column":8},"end":{"line":88,"column":12}},{"start":{"line":88,"column":16},"end":{"line":88,"column":58}}],"line":88}},"s":{"0":1,"1":7,"2":7,"3":7,"4":7,"5":7,"6":7,"7":1,"8":6,"9":5,"10":5,"11":4,"12":4,"13":1,"14":5,"15":5,"16":4,"17":4,"18":1,"19":5,"20":1,"21":1,"22":9,"23":9,"24":9,"25":7,"26":7,"27":4,"28":4,"29":2,"30":7,"31":2,"32":1,"33":5,"34":5,"35":5,"36":5,"37":1,"38":4,"39":3,"40":1,"41":1,"42":2,"43":2,"44":2,"45":0,"46":2,"47":1,"48":1},"f":{"0":7,"1":9,"2":5},"b":{"0":[7,2],"1":[1,6],"2":[4,1],"3":[4,1],"4":[5,4],"5":[4,3],"6":[2,2],"7":[1,4],"8":[1,2],"9":[0,2],"10":[2,2]},"inputSourceMap":null,"_coverageSchema":"1a1c01bbd47fc00a2c39e90264f33305004495a9","hash":"4c0fda1808e004491eae881dc11cbba334866e6a"}
,"C:\\Users\\ved\\OneDrive\\Desktop\\sepro\\Shabd-Setu-A-blogging-platform\\api\\controllers\\Category.controller.js": {"path":"C:\\Users\\ved\\OneDrive\\Desktop\\sepro\\Shabd-Setu-A-blogging-platform\\api\\controllers\\Category.controller.js","statementMap":{"0":{"start":{"line":4,"column":27},"end":{"line":27,"column":1}},"1":{"start":{"line":5,"column":4},"end":{"line":26,"column":5}},"2":{"start":{"line":6,"column":31},"end":{"line":6,"column":39}},"3":{"start":{"line":7,"column":25},"end":{"line":7,"column":57}},"4":{"start":{"line":8,"column":8},"end":{"line":10,"column":9}},"5":{"start":{"line":9,"column":12},"end":{"line":9,"column":74}},"6":{"start":{"line":12,"column":25},"end":{"line":12,"column":53}},"7":{"start":{"line":13,"column":8},"end":{"line":13,"column":29}},"8":{"start":{"line":15,"column":8},"end":{"line":18,"column":10}},"9":{"start":{"line":21,"column":8},"end":{"line":21,"column":59}},"10":{"start":{"line":22,"column":8},"end":{"line":24,"column":9}},"11":{"start":{"line":23,"column":12},"end":{"line":23,"column":74}},"12":{"start":{"line":25,"column":8},"end":{"line":25,"column":45}},"13":{"start":{"line":28,"column":28},"end":{"line":42,"column":1}},"14":{"start":{"line":29,"column":4},"end":{"line":41,"column":5}},"15":{"start":{"line":30,"column":31},"end":{"line":30,"column":41}},"16":{"start":{"line":31,"column":25},"end":{"line":31,"column":60}},"17":{"start":{"line":32,"column":8},"end":{"line":34,"column":9}},"18":{"start":{"line":33,"column":12},"end":{"line":33,"column":53}},"19":{"start":{"line":35,"column":8},"end":{"line":37,"column":10}},"20":{"start":{"line":39,"column":8},"end":{"line":39,"column":60}},"21":{"start":{"line":40,"column":8},"end":{"line":40,"column":45}},"22":{"start":{"line":43,"column":30},"end":{"line":60,"column":1}},"23":{"start":{"line":44,"column":4},"end":{"line":59,"column":5}},"24":{"start":{"line":45,"column":31},"end":{"line":45,"column":39}},"25":{"start":{"line":46,"column":31},"end":{"line":46,"column":41}},"26":{"start":{"line":47,"column":25},"end":{"line":49,"column":25}},"27":{"start":{"line":51,"column":8},"end":{"line":55,"column":10}},"28":{"start":{"line":57,"column":8},"end":{"line":57,"column":62}},"29":{"start":{"line":58,"column":8},"end":{"line":58,"column":45}},"30":{"start":{"line":61,"column":30},"end":{"line":73,"column":1}},"31":{"start":{"line":62,"column":4},"end":{"line":72,"column":5}},"32":{"start":{"line":63,"column":31},"end":{"line":63,"column":41}},"33":{"start":{"line":64,"column":8},"end":{"line":64,"column":52}},"34":{"start":{"line":65,"column":8},"end":{"line":68,"column":10}},"35":{"start":{"line":70,"column":8},"end":{"line":70,"column":62}},"36":{"start":{"line":71,"column":8},"end":{"line":71,"column":45}},"37":{"start":{"line":74,"column":30},"end":{"line":84,"column":1}},"38":{"start":{"line":75,"column":4},"end":{"line":83,"column":5}},"39":{"start":{"line":76,"column":25},"end":{"line":76,"column":78}},"40":{"start":{"line":77,"column":8},"end":{"line":79,"column":10}},"41":{"start":{"line":81,"column":8},"end":{"line":81,"column":62}},"42":{"start":{"line":82,"column":8},"end":{"line":82,"column":45}}},"fnMap":{"0":{"name":"(anonymous_0)","decl":{"start":{"line":4,"column":27},"end":{"line":4,"column":28}},"loc":{"start":{"line":4,"column":53},"end":{"line":27,"column":1}},"line":4},"1":{"name":"(anonymous_1)","decl":{"start":{"line":28,"column":28},"end":{"line":28,"column":29}},"loc":{"start":{"line":28,"column":54},"end":{"line":42,"column":1}},"line":28},"2":{"name":"(anonymous_2)","decl":{"start":{"line":43,"column":30},"end":{"line":43,"column":31}},"loc":{"start":{"line":43,"column":56},"end":{"line":60,"column":1}},"line":43},"3":{"name":"(anonymous_3)","decl":{"start":{"line":61,"column":30},"end":{"line":61,"column":31}},"loc":{"start":{"line":61,"column":56},"end":{"line":73,"column":1}},"line":61},"4":{"name":"(anonymous_4)","decl":{"start":{"line":74,"column":30},"end":{"line":74,"column":31}},"loc":{"start":{"line":74,"column":56},"end":{"line":84,"column":1}},"line":74}},"branchMap":{"0":{"loc":{"start":{"line":8,"column":8},"end":{"line":10,"column":9}},"type":"if","locations":[{"start":{"line":8,"column":8},"end":{"line":10,"column":9}},{"start":{},"end":{}}],"line":8},"1":{"loc":{"start":{"line":22,"column":8},"end":{"line":24,"column":9}},"type":"if","locations":[{"start":{"line":22,"column":8},"end":{"line":24,"column":9}},{"start":{},"end":{}}],"line":22},"2":{"loc":{"start":{"line":22,"column":12},"end":{"line":22,"column":85}},"type":"binary-expr","locations":[{"start":{"line":22,"column":12},"end":{"line":22,"column":17}},{"start":{"line":22,"column":22},"end":{"line":22,"column":42}},{"start":{"line":22,"column":46},"end":{"line":22,"column":84}}],"line":22},"3":{"loc":{"start":{"line":22,"column":64},"end":{"line":22,"column":83}},"type":"binary-expr","locations":[{"start":{"line":22,"column":64},"end":{"line":22,"column":77}},{"start":{"line":22,"column":81},"end":{"line":22,"column":83}}],"line":22},"4":{"loc":{"start":{"line":32,"column":8},"end":{"line":34,"column":9}},"type":"if","locations":[{"start":{"line":32,"column":8},"end":{"line":34,"column":9}},{"start":{},"end":{}}],"line":32}},"s":{"0":1,"1":4,"2":4,"3":4,"4":4,"5":1,"6":3,"7":3,"8":1,"9":2,"10":2,"11":1,"12":1,"13":1,"14":3,"15":3,"16":3,"17":2,"18":1,"19":2,"20":1,"21":1,"22":1,"23":2,"24":2,"25":2,"26":2,"27":1,"28":1,"29":1,"30":1,"31":2,"32":2,"33":2,"34":1,"35":1,"36":1,"37":1,"38":4,"39":4,"40":3,"41":1,"42":1},"f":{"0":4,"1":3,"2":2,"3":2,"4":4},"b":{"0":[1,3],"1":[1,1],"2":[2,2,1],"3":[1,0],"4":[1,1]},"inputSourceMap":null,"_coverageSchema":"1a1c01bbd47fc00a2c39e90264f33305004495a9","hash":"e756e364ada80263c6118134de2f47a7f59d971f"}
,"C:\\Users\\ved\\OneDrive\\Desktop\\sepro\\Shabd-Setu-A-blogging-platform\\api\\controllers\\Comment.controller.js": {"path":"C:\\Users\\ved\\OneDrive\\Desktop\\sepro\\Shabd-Setu-A-blogging-platform\\api\\controllers\\Comment.controller.js","statementMap":{"0":{"start":{"line":8,"column":26},"end":{"line":48,"column":1}},"1":{"start":{"line":9,"column":4},"end":{"line":47,"column":5}},"2":{"start":{"line":10,"column":36},"end":{"line":10,"column":44}},"3":{"start":{"line":12,"column":8},"end":{"line":14,"column":9}},"4":{"start":{"line":13,"column":12},"end":{"line":13,"column":77}},"5":{"start":{"line":16,"column":8},"end":{"line":18,"column":9}},"6":{"start":{"line":17,"column":12},"end":{"line":17,"column":60}},"7":{"start":{"line":20,"column":27},"end":{"line":24,"column":10}},"8":{"start":{"line":26,"column":8},"end":{"line":26,"column":31}},"9":{"start":{"line":29,"column":8},"end":{"line":29,"column":56}},"10":{"start":{"line":31,"column":8},"end":{"line":37,"column":9}},"11":{"start":{"line":32,"column":12},"end":{"line":36,"column":13}},"12":{"start":{"line":33,"column":16},"end":{"line":33,"column":82}},"13":{"start":{"line":35,"column":16},"end":{"line":35,"column":90}},"14":{"start":{"line":39,"column":8},"end":{"line":43,"column":10}},"15":{"start":{"line":46,"column":8},"end":{"line":46,"column":45}},"16":{"start":{"line":50,"column":27},"end":{"line":61,"column":1}},"17":{"start":{"line":51,"column":4},"end":{"line":60,"column":5}},"18":{"start":{"line":52,"column":27},"end":{"line":52,"column":37}},"19":{"start":{"line":53,"column":25},"end":{"line":53,"column":125}},"20":{"start":{"line":55,"column":8},"end":{"line":57,"column":10}},"21":{"start":{"line":59,"column":8},"end":{"line":59,"column":45}},"22":{"start":{"line":64,"column":28},"end":{"line":75,"column":1}},"23":{"start":{"line":65,"column":4},"end":{"line":74,"column":5}},"24":{"start":{"line":66,"column":27},"end":{"line":66,"column":37}},"25":{"start":{"line":67,"column":29},"end":{"line":67,"column":69}},"26":{"start":{"line":69,"column":8},"end":{"line":71,"column":10}},"27":{"start":{"line":73,"column":8},"end":{"line":73,"column":45}},"28":{"start":{"line":77,"column":30},"end":{"line":117,"column":1}},"29":{"start":{"line":78,"column":4},"end":{"line":116,"column":5}},"30":{"start":{"line":79,"column":21},"end":{"line":79,"column":29}},"31":{"start":{"line":81,"column":8},"end":{"line":109,"column":9}},"32":{"start":{"line":82,"column":12},"end":{"line":94,"column":23}},"33":{"start":{"line":96,"column":12},"end":{"line":108,"column":23}},"34":{"start":{"line":111,"column":8},"end":{"line":113,"column":10}},"35":{"start":{"line":115,"column":8},"end":{"line":115,"column":45}},"36":{"start":{"line":120,"column":29},"end":{"line":132,"column":1}},"37":{"start":{"line":121,"column":4},"end":{"line":131,"column":5}},"38":{"start":{"line":122,"column":30},"end":{"line":122,"column":40}},"39":{"start":{"line":123,"column":8},"end":{"line":123,"column":50}},"40":{"start":{"line":125,"column":8},"end":{"line":128,"column":10}},"41":{"start":{"line":130,"column":8},"end":{"line":130,"column":45}},"42":{"start":{"line":134,"column":26},"end":{"line":163,"column":1}},"43":{"start":{"line":135,"column":2},"end":{"line":162,"column":3}},"44":{"start":{"line":136,"column":23},"end":{"line":136,"column":33}},"45":{"start":{"line":137,"column":21},"end":{"line":137,"column":29}},"46":{"start":{"line":138,"column":23},"end":{"line":138,"column":36}},"47":{"start":{"line":140,"column":8},"end":{"line":142,"column":9}},"48":{"start":{"line":141,"column":12},"end":{"line":141,"column":67}},"49":{"start":{"line":144,"column":24},"end":{"line":148,"column":10}},"50":{"start":{"line":150,"column":21},"end":{"line":150,"column":67}},"51":{"start":{"line":151,"column":8},"end":{"line":156,"column":9}},"52":{"start":{"line":152,"column":12},"end":{"line":155,"column":15}},"53":{"start":{"line":158,"column":8},"end":{"line":158,"column":38}},"54":{"start":{"line":160,"column":4},"end":{"line":160,"column":23}},"55":{"start":{"line":161,"column":4},"end":{"line":161,"column":61}},"56":{"start":{"line":166,"column":30},"end":{"line":196,"column":1}},"57":{"start":{"line":167,"column":2},"end":{"line":195,"column":3}},"58":{"start":{"line":168,"column":34},"end":{"line":168,"column":44}},"59":{"start":{"line":169,"column":21},"end":{"line":169,"column":29}},"60":{"start":{"line":170,"column":23},"end":{"line":170,"column":36}},"61":{"start":{"line":172,"column":26},"end":{"line":172,"column":59}},"62":{"start":{"line":173,"column":4},"end":{"line":173,"column":84}},"63":{"start":{"line":173,"column":24},"end":{"line":173,"column":84}},"64":{"start":{"line":175,"column":18},"end":{"line":180,"column":6}},"65":{"start":{"line":183,"column":8},"end":{"line":189,"column":5}},"66":{"start":{"line":184,"column":6},"end":{"line":188,"column":9}},"67":{"start":{"line":191,"column":4},"end":{"line":191,"column":32}},"68":{"start":{"line":193,"column":4},"end":{"line":193,"column":23}},"69":{"start":{"line":194,"column":4},"end":{"line":194,"column":55}}},"fnMap":{"0":{"name":"(anonymous_0)","decl":{"start":{"line":8,"column":26},"end":{"line":8,"column":27}},"loc":{"start":{"line":8,"column":52},"end":{"line":48,"column":1}},"line":8},"1":{"name":"(anonymous_1)","decl":{"start":{"line":50,"column":27},"end":{"line":50,"column":28}},"loc":{"start":{"line":50,"column":53},"end":{"line":61,"column":1}},"line":50},"2":{"name":"(anonymous_2)","decl":{"start":{"line":64,"column":28},"end":{"line":64,"column":29}},"loc":{"start":{"line":64,"column":54},"end":{"line":75,"column":1}},"line":64},"3":{"name":"(anonymous_3)","decl":{"start":{"line":77,"column":30},"end":{"line":77,"column":31}},"loc":{"start":{"line":77,"column":56},"end":{"line":117,"column":1}},"line":77},"4":{"name":"(anonymous_4)","decl":{"start":{"line":120,"column":29},"end":{"line":120,"column":30}},"loc":{"start":{"line":120,"column":55},"end":{"line":132,"column":1}},"line":120},"5":{"name":"(anonymous_5)","decl":{"start":{"line":134,"column":26},"end":{"line":134,"column":27}},"loc":{"start":{"line":134,"column":46},"end":{"line":163,"column":1}},"line":134},"6":{"name":"(anonymous_6)","decl":{"start":{"line":166,"column":30},"end":{"line":166,"column":31}},"loc":{"start":{"line":166,"column":50},"end":{"line":196,"column":1}},"line":166}},"branchMap":{"0":{"loc":{"start":{"line":12,"column":8},"end":{"line":14,"column":9}},"type":"if","locations":[{"start":{"line":12,"column":8},"end":{"line":14,"column":9}},{"start":{},"end":{}}],"line":12},"1":{"loc":{"start":{"line":12,"column":12},"end":{"line":12,"column":31}},"type":"binary-expr","locations":[{"start":{"line":12,"column":12},"end":{"line":12,"column":19}},{"start":{"line":12,"column":23},"end":{"line":12,"column":31}}],"line":12},"2":{"loc":{"start":{"line":16,"column":8},"end":{"line":18,"column":9}},"type":"if","locations":[{"start":{"line":16,"column":8},"end":{"line":18,"column":9}},{"start":{},"end":{}}],"line":16},"3":{"loc":{"start":{"line":31,"column":8},"end":{"line":37,"column":9}},"type":"if","locations":[{"start":{"line":31,"column":8},"end":{"line":37,"column":9}},{"start":{},"end":{}}],"line":31},"4":{"loc":{"start":{"line":81,"column":8},"end":{"line":109,"column":9}},"type":"if","locations":[{"start":{"line":81,"column":8},"end":{"line":109,"column":9}},{"start":{"line":95,"column":15},"end":{"line":109,"column":9}}],"line":81},"5":{"loc":{"start":{"line":140,"column":8},"end":{"line":142,"column":9}},"type":"if","locations":[{"start":{"line":140,"column":8},"end":{"line":142,"column":9}},{"start":{},"end":{}}],"line":140},"6":{"loc":{"start":{"line":151,"column":8},"end":{"line":156,"column":9}},"type":"if","locations":[{"start":{"line":151,"column":8},"end":{"line":156,"column":9}},{"start":{},"end":{}}],"line":151},"7":{"loc":{"start":{"line":151,"column":12},"end":{"line":151,"column":62}},"type":"binary-expr","locations":[{"start":{"line":151,"column":12},"end":{"line":151,"column":16}},{"start":{"line":151,"column":20},"end":{"line":151,"column":62}}],"line":151},"8":{"loc":{"start":{"line":173,"column":4},"end":{"line":173,"column":84}},"type":"if","locations":[{"start":{"line":173,"column":4},"end":{"line":173,"column":84}},{"start":{},"end":{}}],"line":173},"9":{"loc":{"start":{"line":183,"column":8},"end":{"line":189,"column":5}},"type":"if","locations":[{"start":{"line":183,"column":8},"end":{"line":189,"column":5}},{"start":{},"end":{}}],"line":183}},"s":{"0":1,"1":6,"2":6,"3":6,"4":1,"5":5,"6":1,"7":4,"8":4,"9":3,"10":3,"11":3,"12":3,"13":1,"14":3,"15":1,"16":1,"17":3,"18":3,"19":3,"20":2,"21":1,"22":1,"23":3,"24":3,"25":3,"26":2,"27":1,"28":1,"29":3,"30":3,"31":3,"32":2,"33":1,"34":2,"35":1,"36":1,"37":2,"38":2,"39":2,"40":1,"41":1,"42":1,"43":5,"44":5,"45":5,"46":5,"47":5,"48":1,"49":4,"50":3,"51":3,"52":1,"53":3,"54":1,"55":1,"56":1,"57":5,"58":5,"59":5,"60":5,"61":5,"62":4,"63":1,"64":3,"65":3,"66":2,"67":3,"68":1,"69":1},"f":{"0":6,"1":3,"2":3,"3":3,"4":2,"5":5,"6":5},"b":{"0":[1,5],"1":[6,5],"2":[1,4],"3":[3,0],"4":[2,1],"5":[1,4],"6":[1,2],"7":[3,3],"8":[1,3],"9":[2,1]},"inputSourceMap":null,"_coverageSchema":"1a1c01bbd47fc00a2c39e90264f33305004495a9","hash":"99e2f62e70c43e08851eeb445e84a44f3d8ebdb6"}
,"C:\\Users\\ved\\OneDrive\\Desktop\\sepro\\Shabd-Setu-A-blogging-platform\\api\\controllers\\User.controller.js": {"path":"C:\\Users\\ved\\OneDrive\\Desktop\\sepro\\Shabd-Setu-A-blogging-platform\\api\\controllers\\User.controller.js","statementMap":{"0":{"start":{"line":10,"column":23},"end":{"line":25,"column":1}},"1":{"start":{"line":11,"column":4},"end":{"line":24,"column":5}},"2":{"start":{"line":12,"column":27},"end":{"line":12,"column":37}},"3":{"start":{"line":13,"column":21},"end":{"line":13,"column":70}},"4":{"start":{"line":14,"column":8},"end":{"line":16,"column":9}},"5":{"start":{"line":15,"column":12},"end":{"line":15,"column":53}},"6":{"start":{"line":17,"column":8},"end":{"line":21,"column":10}},"7":{"start":{"line":23,"column":8},"end":{"line":23,"column":45}},"8":{"start":{"line":28,"column":26},"end":{"line":69,"column":1}},"9":{"start":{"line":29,"column":4},"end":{"line":68,"column":5}},"10":{"start":{"line":30,"column":21},"end":{"line":30,"column":46}},"11":{"start":{"line":31,"column":27},"end":{"line":31,"column":37}},"12":{"start":{"line":33,"column":21},"end":{"line":33,"column":48}},"13":{"start":{"line":34,"column":8},"end":{"line":34,"column":29}},"14":{"start":{"line":35,"column":8},"end":{"line":35,"column":31}},"15":{"start":{"line":36,"column":8},"end":{"line":36,"column":27}},"16":{"start":{"line":38,"column":8},"end":{"line":41,"column":9}},"17":{"start":{"line":39,"column":35},"end":{"line":39,"column":67}},"18":{"start":{"line":40,"column":12},"end":{"line":40,"column":42}},"19":{"start":{"line":43,"column":8},"end":{"line":55,"column":9}},"20":{"start":{"line":45,"column":33},"end":{"line":52,"column":18}},"21":{"start":{"line":51,"column":20},"end":{"line":51,"column":57}},"22":{"start":{"line":54,"column":12},"end":{"line":54,"column":49}},"23":{"start":{"line":57,"column":8},"end":{"line":57,"column":25}},"24":{"start":{"line":59,"column":24},"end":{"line":59,"column":56}},"25":{"start":{"line":60,"column":8},"end":{"line":60,"column":31}},"26":{"start":{"line":61,"column":8},"end":{"line":65,"column":10}},"27":{"start":{"line":67,"column":8},"end":{"line":67,"column":45}},"28":{"start":{"line":72,"column":26},"end":{"line":86,"column":1}},"29":{"start":{"line":73,"column":4},"end":{"line":85,"column":5}},"30":{"start":{"line":74,"column":8},"end":{"line":76,"column":9}},"31":{"start":{"line":75,"column":12},"end":{"line":75,"column":82}},"32":{"start":{"line":78,"column":21},"end":{"line":78,"column":62}},"33":{"start":{"line":79,"column":8},"end":{"line":82,"column":10}},"34":{"start":{"line":84,"column":8},"end":{"line":84,"column":45}},"35":{"start":{"line":87,"column":26},"end":{"line":102,"column":1}},"36":{"start":{"line":88,"column":4},"end":{"line":101,"column":5}},"37":{"start":{"line":89,"column":8},"end":{"line":91,"column":9}},"38":{"start":{"line":90,"column":12},"end":{"line":90,"column":82}},"39":{"start":{"line":93,"column":23},"end":{"line":93,"column":33}},"40":{"start":{"line":94,"column":21},"end":{"line":94,"column":53}},"41":{"start":{"line":95,"column":8},"end":{"line":98,"column":10}},"42":{"start":{"line":100,"column":8},"end":{"line":100,"column":45}},"43":{"start":{"line":104,"column":43},"end":{"line":197,"column":1}},"44":{"start":{"line":105,"column":4},"end":{"line":196,"column":5}},"45":{"start":{"line":106,"column":27},"end":{"line":106,"column":37}},"46":{"start":{"line":108,"column":8},"end":{"line":110,"column":9}},"47":{"start":{"line":109,"column":12},"end":{"line":109,"column":65}},"48":{"start":{"line":112,"column":8},"end":{"line":114,"column":9}},"49":{"start":{"line":113,"column":12},"end":{"line":113,"column":61}},"50":{"start":{"line":116,"column":27},"end":{"line":116,"column":62}},"51":{"start":{"line":117,"column":21},"end":{"line":119,"column":17}},"52":{"start":{"line":121,"column":25},"end":{"line":121,"column":30}},"53":{"start":{"line":123,"column":24},"end":{"line":123,"column":34}},"54":{"start":{"line":124,"column":8},"end":{"line":124,"column":44}},"55":{"start":{"line":126,"column":26},"end":{"line":126,"column":43}},"56":{"start":{"line":127,"column":8},"end":{"line":127,"column":63}},"57":{"start":{"line":128,"column":8},"end":{"line":128,"column":41}},"58":{"start":{"line":130,"column":28},"end":{"line":162,"column":10}},"59":{"start":{"line":164,"column":28},"end":{"line":167,"column":14}},"60":{"start":{"line":165,"column":12},"end":{"line":165,"column":39}},"61":{"start":{"line":166,"column":12},"end":{"line":166,"column":22}},"62":{"start":{"line":169,"column":31},"end":{"line":169,"column":33}},"63":{"start":{"line":170,"column":28},"end":{"line":170,"column":47}},"64":{"start":{"line":172,"column":8},"end":{"line":179,"column":9}},"65":{"start":{"line":173,"column":28},"end":{"line":173,"column":67}},"66":{"start":{"line":174,"column":12},"end":{"line":177,"column":14}},"67":{"start":{"line":178,"column":12},"end":{"line":178,"column":64}},"68":{"start":{"line":181,"column":27},"end":{"line":181,"column":86}},"69":{"start":{"line":181,"column":65},"end":{"line":181,"column":82}},"70":{"start":{"line":183,"column":8},"end":{"line":193,"column":10}},"71":{"start":{"line":195,"column":8},"end":{"line":195,"column":45}},"72":{"start":{"line":199,"column":38},"end":{"line":368,"column":1}},"73":{"start":{"line":200,"column":4},"end":{"line":367,"column":5}},"74":{"start":{"line":201,"column":27},"end":{"line":201,"column":37}},"75":{"start":{"line":203,"column":8},"end":{"line":205,"column":9}},"76":{"start":{"line":204,"column":12},"end":{"line":204,"column":65}},"77":{"start":{"line":207,"column":8},"end":{"line":209,"column":9}},"78":{"start":{"line":208,"column":12},"end":{"line":208,"column":61}},"79":{"start":{"line":211,"column":29},"end":{"line":211,"column":64}},"80":{"start":{"line":213,"column":33},"end":{"line":224,"column":10}},"81":{"start":{"line":226,"column":8},"end":{"line":228,"column":9}},"82":{"start":{"line":227,"column":12},"end":{"line":227,"column":60}},"83":{"start":{"line":230,"column":27},"end":{"line":230,"column":39}},"84":{"start":{"line":231,"column":27},"end":{"line":231,"column":83}},"85":{"start":{"line":231,"column":55},"end":{"line":231,"column":79}},"86":{"start":{"line":232,"column":36},"end":{"line":232,"column":92}},"87":{"start":{"line":234,"column":24},"end":{"line":234,"column":70}},"88":{"start":{"line":234,"column":44},"end":{"line":234,"column":53}},"89":{"start":{"line":236,"column":25},"end":{"line":236,"column":26}},"90":{"start":{"line":237,"column":33},"end":{"line":237,"column":35}},"91":{"start":{"line":239,"column":8},"end":{"line":262,"column":9}},"92":{"start":{"line":240,"column":31},"end":{"line":252,"column":14}},"93":{"start":{"line":254,"column":12},"end":{"line":261,"column":14}},"94":{"start":{"line":255,"column":16},"end":{"line":257,"column":17}},"95":{"start":{"line":256,"column":20},"end":{"line":256,"column":26}},"96":{"start":{"line":258,"column":28},"end":{"line":258,"column":48}},"97":{"start":{"line":259,"column":16},"end":{"line":259,"column":56}},"98":{"start":{"line":260,"column":16},"end":{"line":260,"column":46}},"99":{"start":{"line":264,"column":49},"end":{"line":267,"column":10}},"100":{"start":{"line":269,"column":33},"end":{"line":269,"column":42}},"101":{"start":{"line":271,"column":8},"end":{"line":293,"column":10}},"102":{"start":{"line":272,"column":31},"end":{"line":272,"column":47}},"103":{"start":{"line":273,"column":12},"end":{"line":275,"column":13}},"104":{"start":{"line":274,"column":16},"end":{"line":274,"column":22}},"105":{"start":{"line":278,"column":12},"end":{"line":292,"column":14}},"106":{"start":{"line":279,"column":28},"end":{"line":279,"column":67}},"107":{"start":{"line":280,"column":16},"end":{"line":282,"column":17}},"108":{"start":{"line":281,"column":20},"end":{"line":281,"column":26}},"109":{"start":{"line":284,"column":33},"end":{"line":288,"column":17}},"110":{"start":{"line":290,"column":16},"end":{"line":290,"column":35}},"111":{"start":{"line":291,"column":16},"end":{"line":291,"column":51}},"112":{"start":{"line":295,"column":30},"end":{"line":303,"column":15}},"113":{"start":{"line":296,"column":28},"end":{"line":296,"column":45}},"114":{"start":{"line":298,"column":32},"end":{"line":303,"column":13}},"115":{"start":{"line":305,"column":28},"end":{"line":322,"column":10}},"116":{"start":{"line":306,"column":24},"end":{"line":306,"column":51}},"117":{"start":{"line":308,"column":12},"end":{"line":321,"column":13}},"118":{"start":{"line":316,"column":75},"end":{"line":319,"column":17}},"119":{"start":{"line":324,"column":30},"end":{"line":324,"column":96}},"120":{"start":{"line":324,"column":59},"end":{"line":324,"column":92}},"121":{"start":{"line":326,"column":24},"end":{"line":338,"column":16}},"122":{"start":{"line":334,"column":89},"end":{"line":337,"column":13}},"123":{"start":{"line":340,"column":8},"end":{"line":364,"column":10}},"124":{"start":{"line":366,"column":8},"end":{"line":366,"column":45}},"125":{"start":{"line":370,"column":41},"end":{"line":411,"column":1}},"126":{"start":{"line":371,"column":4},"end":{"line":410,"column":5}},"127":{"start":{"line":372,"column":8},"end":{"line":374,"column":9}},"128":{"start":{"line":373,"column":12},"end":{"line":373,"column":82}},"129":{"start":{"line":376,"column":27},"end":{"line":376,"column":37}},"130":{"start":{"line":377,"column":34},"end":{"line":377,"column":42}},"131":{"start":{"line":379,"column":8},"end":{"line":381,"column":9}},"132":{"start":{"line":380,"column":12},"end":{"line":380,"column":89}},"133":{"start":{"line":383,"column":8},"end":{"line":385,"column":9}},"134":{"start":{"line":384,"column":12},"end":{"line":384,"column":101}},"135":{"start":{"line":387,"column":27},"end":{"line":387,"column":54}},"136":{"start":{"line":389,"column":8},"end":{"line":391,"column":9}},"137":{"start":{"line":390,"column":12},"end":{"line":390,"column":60}},"138":{"start":{"line":393,"column":8},"end":{"line":395,"column":9}},"139":{"start":{"line":394,"column":12},"end":{"line":394,"column":82}},"140":{"start":{"line":397,"column":8},"end":{"line":397,"column":48}},"141":{"start":{"line":398,"column":8},"end":{"line":398,"column":31}},"142":{"start":{"line":400,"column":29},"end":{"line":400,"column":67}},"143":{"start":{"line":401,"column":8},"end":{"line":401,"column":36}},"144":{"start":{"line":403,"column":8},"end":{"line":407,"column":10}},"145":{"start":{"line":409,"column":8},"end":{"line":409,"column":45}}},"fnMap":{"0":{"name":"(anonymous_0)","decl":{"start":{"line":10,"column":23},"end":{"line":10,"column":24}},"loc":{"start":{"line":10,"column":49},"end":{"line":25,"column":1}},"line":10},"1":{"name":"(anonymous_1)","decl":{"start":{"line":28,"column":26},"end":{"line":28,"column":27}},"loc":{"start":{"line":28,"column":52},"end":{"line":69,"column":1}},"line":28},"2":{"name":"(anonymous_2)","decl":{"start":{"line":50,"column":23},"end":{"line":50,"column":24}},"loc":{"start":{"line":50,"column":34},"end":{"line":52,"column":17}},"line":50},"3":{"name":"(anonymous_3)","decl":{"start":{"line":72,"column":26},"end":{"line":72,"column":27}},"loc":{"start":{"line":72,"column":52},"end":{"line":86,"column":1}},"line":72},"4":{"name":"(anonymous_4)","decl":{"start":{"line":87,"column":26},"end":{"line":87,"column":27}},"loc":{"start":{"line":87,"column":52},"end":{"line":102,"column":1}},"line":87},"5":{"name":"(anonymous_5)","decl":{"start":{"line":104,"column":43},"end":{"line":104,"column":44}},"loc":{"start":{"line":104,"column":69},"end":{"line":197,"column":1}},"line":104},"6":{"name":"(anonymous_6)","decl":{"start":{"line":164,"column":47},"end":{"line":164,"column":48}},"loc":{"start":{"line":164,"column":62},"end":{"line":167,"column":9}},"line":164},"7":{"name":"(anonymous_7)","decl":{"start":{"line":181,"column":49},"end":{"line":181,"column":50}},"loc":{"start":{"line":181,"column":65},"end":{"line":181,"column":82}},"line":181},"8":{"name":"(anonymous_8)","decl":{"start":{"line":199,"column":38},"end":{"line":199,"column":39}},"loc":{"start":{"line":199,"column":64},"end":{"line":368,"column":1}},"line":199},"9":{"name":"(anonymous_9)","decl":{"start":{"line":231,"column":40},"end":{"line":231,"column":41}},"loc":{"start":{"line":231,"column":55},"end":{"line":231,"column":79}},"line":231},"10":{"name":"(anonymous_10)","decl":{"start":{"line":234,"column":34},"end":{"line":234,"column":35}},"loc":{"start":{"line":234,"column":44},"end":{"line":234,"column":53}},"line":234},"11":{"name":"(anonymous_11)","decl":{"start":{"line":254,"column":31},"end":{"line":254,"column":32}},"loc":{"start":{"line":254,"column":42},"end":{"line":261,"column":13}},"line":254},"12":{"name":"(anonymous_12)","decl":{"start":{"line":271,"column":22},"end":{"line":271,"column":23}},"loc":{"start":{"line":271,"column":32},"end":{"line":293,"column":9}},"line":271},"13":{"name":"(anonymous_13)","decl":{"start":{"line":278,"column":31},"end":{"line":278,"column":32}},"loc":{"start":{"line":278,"column":45},"end":{"line":292,"column":13}},"line":278},"14":{"name":"(anonymous_14)","decl":{"start":{"line":296,"column":18},"end":{"line":296,"column":19}},"loc":{"start":{"line":296,"column":28},"end":{"line":296,"column":45}},"line":296},"15":{"name":"(anonymous_15)","decl":{"start":{"line":298,"column":17},"end":{"line":298,"column":18}},"loc":{"start":{"line":298,"column":32},"end":{"line":303,"column":13}},"line":298},"16":{"name":"(anonymous_16)","decl":{"start":{"line":305,"column":50},"end":{"line":305,"column":51}},"loc":{"start":{"line":305,"column":60},"end":{"line":322,"column":9}},"line":305},"17":{"name":"(anonymous_17)","decl":{"start":{"line":316,"column":67},"end":{"line":316,"column":68}},"loc":{"start":{"line":316,"column":75},"end":{"line":319,"column":17}},"line":316},"18":{"name":"(anonymous_18)","decl":{"start":{"line":324,"column":49},"end":{"line":324,"column":50}},"loc":{"start":{"line":324,"column":59},"end":{"line":324,"column":92}},"line":324},"19":{"name":"(anonymous_19)","decl":{"start":{"line":334,"column":81},"end":{"line":334,"column":82}},"loc":{"start":{"line":334,"column":89},"end":{"line":337,"column":13}},"line":334},"20":{"name":"(anonymous_20)","decl":{"start":{"line":370,"column":41},"end":{"line":370,"column":42}},"loc":{"start":{"line":370,"column":67},"end":{"line":411,"column":1}},"line":370}},"branchMap":{"0":{"loc":{"start":{"line":14,"column":8},"end":{"line":16,"column":9}},"type":"if","locations":[{"start":{"line":14,"column":8},"end":{"line":16,"column":9}},{"start":{},"end":{}}],"line":14},"1":{"loc":{"start":{"line":38,"column":8},"end":{"line":41,"column":9}},"type":"if","locations":[{"start":{"line":38,"column":8},"end":{"line":41,"column":9}},{"start":{},"end":{}}],"line":38},"2":{"loc":{"start":{"line":38,"column":12},"end":{"line":38,"column":54}},"type":"binary-expr","locations":[{"start":{"line":38,"column":12},"end":{"line":38,"column":25}},{"start":{"line":38,"column":29},"end":{"line":38,"column":54}}],"line":38},"3":{"loc":{"start":{"line":43,"column":8},"end":{"line":55,"column":9}},"type":"if","locations":[{"start":{"line":43,"column":8},"end":{"line":55,"column":9}},{"start":{},"end":{}}],"line":43},"4":{"loc":{"start":{"line":74,"column":8},"end":{"line":76,"column":9}},"type":"if","locations":[{"start":{"line":74,"column":8},"end":{"line":76,"column":9}},{"start":{},"end":{}}],"line":74},"5":{"loc":{"start":{"line":74,"column":12},"end":{"line":74,"column":50}},"type":"binary-expr","locations":[{"start":{"line":74,"column":12},"end":{"line":74,"column":21}},{"start":{"line":74,"column":25},"end":{"line":74,"column":50}}],"line":74},"6":{"loc":{"start":{"line":89,"column":8},"end":{"line":91,"column":9}},"type":"if","locations":[{"start":{"line":89,"column":8},"end":{"line":91,"column":9}},{"start":{},"end":{}}],"line":89},"7":{"loc":{"start":{"line":89,"column":12},"end":{"line":89,"column":50}},"type":"binary-expr","locations":[{"start":{"line":89,"column":12},"end":{"line":89,"column":21}},{"start":{"line":89,"column":25},"end":{"line":89,"column":50}}],"line":89},"8":{"loc":{"start":{"line":108,"column":8},"end":{"line":110,"column":9}},"type":"if","locations":[{"start":{"line":108,"column":8},"end":{"line":110,"column":9}},{"start":{},"end":{}}],"line":108},"9":{"loc":{"start":{"line":112,"column":8},"end":{"line":114,"column":9}},"type":"if","locations":[{"start":{"line":112,"column":8},"end":{"line":114,"column":9}},{"start":{},"end":{}}],"line":112},"10":{"loc":{"start":{"line":117,"column":21},"end":{"line":119,"column":17}},"type":"cond-expr","locations":[{"start":{"line":118,"column":14},"end":{"line":118,"column":39}},{"start":{"line":119,"column":14},"end":{"line":119,"column":17}}],"line":117},"11":{"loc":{"start":{"line":117,"column":21},"end":{"line":117,"column":66}},"type":"binary-expr","locations":[{"start":{"line":117,"column":21},"end":{"line":117,"column":48}},{"start":{"line":117,"column":52},"end":{"line":117,"column":66}}],"line":117},"12":{"loc":{"start":{"line":176,"column":23},"end":{"line":176,"column":48}},"type":"binary-expr","locations":[{"start":{"line":176,"column":23},"end":{"line":176,"column":43}},{"start":{"line":176,"column":47},"end":{"line":176,"column":48}}],"line":176},"13":{"loc":{"start":{"line":203,"column":8},"end":{"line":205,"column":9}},"type":"if","locations":[{"start":{"line":203,"column":8},"end":{"line":205,"column":9}},{"start":{},"end":{}}],"line":203},"14":{"loc":{"start":{"line":207,"column":8},"end":{"line":209,"column":9}},"type":"if","locations":[{"start":{"line":207,"column":8},"end":{"line":209,"column":9}},{"start":{},"end":{}}],"line":207},"15":{"loc":{"start":{"line":226,"column":8},"end":{"line":228,"column":9}},"type":"if","locations":[{"start":{"line":226,"column":8},"end":{"line":228,"column":9}},{"start":{},"end":{}}],"line":226},"16":{"loc":{"start":{"line":231,"column":62},"end":{"line":231,"column":78}},"type":"binary-expr","locations":[{"start":{"line":231,"column":62},"end":{"line":231,"column":73}},{"start":{"line":231,"column":77},"end":{"line":231,"column":78}}],"line":231},"17":{"loc":{"start":{"line":232,"column":36},"end":{"line":232,"column":92}},"type":"cond-expr","locations":[{"start":{"line":232,"column":53},"end":{"line":232,"column":88}},{"start":{"line":232,"column":91},"end":{"line":232,"column":92}}],"line":232},"18":{"loc":{"start":{"line":239,"column":8},"end":{"line":262,"column":9}},"type":"if","locations":[{"start":{"line":239,"column":8},"end":{"line":262,"column":9}},{"start":{},"end":{}}],"line":239},"19":{"loc":{"start":{"line":255,"column":16},"end":{"line":257,"column":17}},"type":"if","locations":[{"start":{"line":255,"column":16},"end":{"line":257,"column":17}},{"start":{},"end":{}}],"line":255},"20":{"loc":{"start":{"line":259,"column":40},"end":{"line":259,"column":56}},"type":"binary-expr","locations":[{"start":{"line":259,"column":40},"end":{"line":259,"column":51}},{"start":{"line":259,"column":55},"end":{"line":259,"column":56}}],"line":259},"21":{"loc":{"start":{"line":260,"column":30},"end":{"line":260,"column":46}},"type":"binary-expr","locations":[{"start":{"line":260,"column":30},"end":{"line":260,"column":41}},{"start":{"line":260,"column":45},"end":{"line":260,"column":46}}],"line":260},"22":{"loc":{"start":{"line":273,"column":12},"end":{"line":275,"column":13}},"type":"if","locations":[{"start":{"line":273,"column":12},"end":{"line":275,"column":13}},{"start":{},"end":{}}],"line":273},"23":{"loc":{"start":{"line":273,"column":16},"end":{"line":273,"column":84}},"type":"binary-expr","locations":[{"start":{"line":273,"column":16},"end":{"line":273,"column":27}},{"start":{"line":273,"column":31},"end":{"line":273,"column":57}},{"start":{"line":273,"column":61},"end":{"line":273,"column":84}}],"line":273},"24":{"loc":{"start":{"line":279,"column":29},"end":{"line":279,"column":54}},"type":"binary-expr","locations":[{"start":{"line":279,"column":29},"end":{"line":279,"column":42}},{"start":{"line":279,"column":46},"end":{"line":279,"column":54}}],"line":279},"25":{"loc":{"start":{"line":280,"column":16},"end":{"line":282,"column":17}},"type":"if","locations":[{"start":{"line":280,"column":16},"end":{"line":282,"column":17}},{"start":{},"end":{}}],"line":280},"26":{"loc":{"start":{"line":284,"column":33},"end":{"line":288,"column":17}},"type":"binary-expr","locations":[{"start":{"line":284,"column":33},"end":{"line":284,"column":58}},{"start":{"line":284,"column":62},"end":{"line":288,"column":17}}],"line":284},"27":{"loc":{"start":{"line":285,"column":26},"end":{"line":285,"column":59}},"type":"binary-expr","locations":[{"start":{"line":285,"column":26},"end":{"line":285,"column":40}},{"start":{"line":285,"column":44},"end":{"line":285,"column":59}}],"line":285},"28":{"loc":{"start":{"line":286,"column":26},"end":{"line":286,"column":46}},"type":"binary-expr","locations":[{"start":{"line":286,"column":26},"end":{"line":286,"column":40}},{"start":{"line":286,"column":44},"end":{"line":286,"column":46}}],"line":286},"29":{"loc":{"start":{"line":302,"column":28},"end":{"line":302,"column":96}},"type":"cond-expr","locations":[{"start":{"line":302,"column":45},"end":{"line":302,"column":92}},{"start":{"line":302,"column":95},"end":{"line":302,"column":96}}],"line":302},"30":{"loc":{"start":{"line":306,"column":24},"end":{"line":306,"column":51}},"type":"binary-expr","locations":[{"start":{"line":306,"column":24},"end":{"line":306,"column":45}},{"start":{"line":306,"column":49},"end":{"line":306,"column":51}}],"line":306},"31":{"loc":{"start":{"line":313,"column":23},"end":{"line":313,"column":39}},"type":"binary-expr","locations":[{"start":{"line":313,"column":23},"end":{"line":313,"column":34}},{"start":{"line":313,"column":38},"end":{"line":313,"column":39}}],"line":313},"32":{"loc":{"start":{"line":314,"column":27},"end":{"line":314,"column":53}},"type":"binary-expr","locations":[{"start":{"line":314,"column":27},"end":{"line":314,"column":48}},{"start":{"line":314,"column":52},"end":{"line":314,"column":53}}],"line":314},"33":{"loc":{"start":{"line":315,"column":31},"end":{"line":315,"column":56}},"type":"binary-expr","locations":[{"start":{"line":315,"column":31},"end":{"line":315,"column":50}},{"start":{"line":315,"column":54},"end":{"line":315,"column":56}}],"line":315},"34":{"loc":{"start":{"line":316,"column":28},"end":{"line":319,"column":24}},"type":"cond-expr","locations":[{"start":{"line":316,"column":47},"end":{"line":319,"column":19}},{"start":{"line":319,"column":22},"end":{"line":319,"column":24}}],"line":316},"35":{"loc":{"start":{"line":320,"column":25},"end":{"line":320,"column":44}},"type":"binary-expr","locations":[{"start":{"line":320,"column":25},"end":{"line":320,"column":38}},{"start":{"line":320,"column":42},"end":{"line":320,"column":44}}],"line":320},"36":{"loc":{"start":{"line":324,"column":60},"end":{"line":324,"column":73}},"type":"binary-expr","locations":[{"start":{"line":324,"column":60},"end":{"line":324,"column":68}},{"start":{"line":324,"column":72},"end":{"line":324,"column":73}}],"line":324},"37":{"loc":{"start":{"line":324,"column":78},"end":{"line":324,"column":91}},"type":"binary-expr","locations":[{"start":{"line":324,"column":78},"end":{"line":324,"column":86}},{"start":{"line":324,"column":90},"end":{"line":324,"column":91}}],"line":324},"38":{"loc":{"start":{"line":326,"column":24},"end":{"line":338,"column":16}},"type":"cond-expr","locations":[{"start":{"line":326,"column":40},"end":{"line":338,"column":9}},{"start":{"line":338,"column":12},"end":{"line":338,"column":16}}],"line":326},"39":{"loc":{"start":{"line":330,"column":19},"end":{"line":330,"column":44}},"type":"binary-expr","locations":[{"start":{"line":330,"column":19},"end":{"line":330,"column":39}},{"start":{"line":330,"column":43},"end":{"line":330,"column":44}}],"line":330},"40":{"loc":{"start":{"line":331,"column":23},"end":{"line":331,"column":76}},"type":"binary-expr","locations":[{"start":{"line":331,"column":23},"end":{"line":331,"column":71}},{"start":{"line":331,"column":75},"end":{"line":331,"column":76}}],"line":331},"41":{"loc":{"start":{"line":333,"column":27},"end":{"line":333,"column":61}},"type":"binary-expr","locations":[{"start":{"line":333,"column":27},"end":{"line":333,"column":55}},{"start":{"line":333,"column":59},"end":{"line":333,"column":61}}],"line":333},"42":{"loc":{"start":{"line":334,"column":24},"end":{"line":337,"column":20}},"type":"cond-expr","locations":[{"start":{"line":334,"column":52},"end":{"line":337,"column":15}},{"start":{"line":337,"column":18},"end":{"line":337,"column":20}}],"line":334},"43":{"loc":{"start":{"line":372,"column":8},"end":{"line":374,"column":9}},"type":"if","locations":[{"start":{"line":372,"column":8},"end":{"line":374,"column":9}},{"start":{},"end":{}}],"line":372},"44":{"loc":{"start":{"line":372,"column":12},"end":{"line":372,"column":50}},"type":"binary-expr","locations":[{"start":{"line":372,"column":12},"end":{"line":372,"column":21}},{"start":{"line":372,"column":25},"end":{"line":372,"column":50}}],"line":372},"45":{"loc":{"start":{"line":379,"column":8},"end":{"line":381,"column":9}},"type":"if","locations":[{"start":{"line":379,"column":8},"end":{"line":381,"column":9}},{"start":{},"end":{}}],"line":379},"46":{"loc":{"start":{"line":383,"column":8},"end":{"line":385,"column":9}},"type":"if","locations":[{"start":{"line":383,"column":8},"end":{"line":385,"column":9}},{"start":{},"end":{}}],"line":383},"47":{"loc":{"start":{"line":389,"column":8},"end":{"line":391,"column":9}},"type":"if","locations":[{"start":{"line":389,"column":8},"end":{"line":391,"column":9}},{"start":{},"end":{}}],"line":389},"48":{"loc":{"start":{"line":393,"column":8},"end":{"line":395,"column":9}},"type":"if","locations":[{"start":{"line":393,"column":8},"end":{"line":395,"column":9}},{"start":{},"end":{}}],"line":393},"49":{"loc":{"start":{"line":393,"column":12},"end":{"line":393,"column":56}},"type":"binary-expr","locations":[{"start":{"line":393,"column":12},"end":{"line":393,"column":39}},{"start":{"line":393,"column":43},"end":{"line":393,"column":56}}],"line":393},"50":{"loc":{"start":{"line":405,"column":29},"end":{"line":405,"column":85}},"type":"cond-expr","locations":[{"start":{"line":405,"column":45},"end":{"line":405,"column":58}},{"start":{"line":405,"column":61},"end":{"line":405,"column":85}}],"line":405}},"s":{"0":1,"1":3,"2":3,"3":3,"4":2,"5":1,"6":2,"7":1,"8":1,"9":4,"10":4,"11":4,"12":4,"13":3,"14":3,"15":3,"16":3,"17":1,"18":1,"19":3,"20":0,"21":0,"22":0,"23":3,"24":3,"25":3,"26":3,"27":1,"28":1,"29":4,"30":4,"31":2,"32":2,"33":2,"34":0,"35":1,"36":2,"37":2,"38":1,"39":1,"40":1,"41":1,"42":0,"43":1,"44":8,"45":8,"46":8,"47":1,"48":7,"49":1,"50":6,"51":6,"52":6,"53":6,"54":6,"55":6,"56":6,"57":6,"58":6,"59":5,"60":1,"61":1,"62":5,"63":5,"64":5,"65":1467,"66":1467,"67":1467,"68":5,"69":1467,"70":5,"71":1,"72":1,"73":14,"74":14,"75":14,"76":1,"77":13,"78":1,"79":12,"80":12,"81":11,"82":1,"83":10,"84":10,"85":23,"86":10,"87":10,"88":23,"89":10,"90":10,"91":10,"92":8,"93":8,"94":1,"95":0,"96":1,"97":1,"98":1,"99":10,"100":10,"101":10,"102":23,"103":23,"104":15,"105":8,"106":8,"107":8,"108":0,"109":8,"110":8,"111":8,"112":10,"113":4,"114":6,"115":10,"116":18,"117":18,"118":8,"119":10,"120":15,"121":10,"122":3,"123":10,"124":1,"125":1,"126":6,"127":6,"128":0,"129":6,"130":6,"131":6,"132":1,"133":5,"134":1,"135":4,"136":4,"137":1,"138":3,"139":1,"140":2,"141":2,"142":2,"143":2,"144":2,"145":0},"f":{"0":3,"1":4,"2":0,"3":4,"4":2,"5":8,"6":1,"7":1467,"8":14,"9":23,"10":23,"11":1,"12":23,"13":8,"14":4,"15":6,"16":18,"17":8,"18":15,"19":3,"20":6},"b":{"0":[1,1],"1":[1,2],"2":[3,2],"3":[0,3],"4":[2,2],"5":[4,3],"6":[1,1],"7":[2,2],"8":[1,7],"9":[1,6],"10":[2,4],"11":[6,3],"12":[1467,1466],"13":[1,13],"14":[1,12],"15":[1,10],"16":[23,19],"17":[8,2],"18":[8,2],"19":[0,1],"20":[1,0],"21":[1,0],"22":[15,8],"23":[23,23,23],"24":[8,0],"25":[0,8],"26":[8,7],"27":[7,0],"28":[7,0],"29":[6,0],"30":[18,0],"31":[18,14],"32":[18,17],"33":[18,0],"34":[18,0],"35":[18,18],"36":[15,14],"37":[15,14],"38":[8,2],"39":[8,5],"40":[8,7],"41":[8,0],"42":[8,0],"43":[0,6],"44":[6,6],"45":[1,5],"46":[1,4],"47":[1,3],"48":[1,2],"49":[3,1],"50":[1,1]},"inputSourceMap":null,"_coverageSchema":"1a1c01bbd47fc00a2c39e90264f33305004495a9","hash":"13a78292de01e2b85eac7f0695d0c4715dd19975"}
,"C:\\Users\\ved\\OneDrive\\Desktop\\sepro\\Shabd-Setu-A-blogging-platform\\api\\controllers\\blog.controller.js": {"path":"C:\\Users\\ved\\OneDrive\\Desktop\\sepro\\Shabd-Setu-A-blogging-platform\\api\\controllers\\blog.controller.js","statementMap":{"0":{"start":{"line":13,"column":20},"end":{"line":13,"column":80}},"1":{"start":{"line":13,"column":36},"end":{"line":13,"column":80}},"2":{"start":{"line":14,"column":27},"end":{"line":14,"column":32}},"3":{"start":{"line":16,"column":18},"end":{"line":16,"column":61}},"4":{"start":{"line":16,"column":34},"end":{"line":16,"column":61}},"5":{"start":{"line":18,"column":20},"end":{"line":24,"column":11}},"6":{"start":{"line":18,"column":36},"end":{"line":24,"column":11}},"7":{"start":{"line":25,"column":23},"end":{"line":84,"column":1}},"8":{"start":{"line":26,"column":4},"end":{"line":83,"column":5}},"9":{"start":{"line":27,"column":21},"end":{"line":27,"column":46}},"10":{"start":{"line":28,"column":28},"end":{"line":28,"column":30}},"11":{"start":{"line":29,"column":8},"end":{"line":41,"column":9}},"12":{"start":{"line":31,"column":33},"end":{"line":38,"column":18}},"13":{"start":{"line":37,"column":20},"end":{"line":37,"column":57}},"14":{"start":{"line":40,"column":12},"end":{"line":40,"column":51}},"15":{"start":{"line":43,"column":35},"end":{"line":47,"column":20}},"16":{"start":{"line":49,"column":27},"end":{"line":49,"column":75}},"17":{"start":{"line":51,"column":8},"end":{"line":53,"column":9}},"18":{"start":{"line":52,"column":12},"end":{"line":52,"column":79}},"19":{"start":{"line":55,"column":21},"end":{"line":65,"column":10}},"20":{"start":{"line":67,"column":8},"end":{"line":67,"column":25}},"21":{"start":{"line":70,"column":8},"end":{"line":74,"column":9}},"22":{"start":{"line":71,"column":12},"end":{"line":71,"column":88}},"23":{"start":{"line":73,"column":12},"end":{"line":73,"column":70}},"24":{"start":{"line":76,"column":8},"end":{"line":79,"column":10}},"25":{"start":{"line":82,"column":8},"end":{"line":82,"column":45}},"26":{"start":{"line":85,"column":24},"end":{"line":98,"column":1}},"27":{"start":{"line":86,"column":4},"end":{"line":97,"column":5}},"28":{"start":{"line":87,"column":27},"end":{"line":87,"column":37}},"29":{"start":{"line":88,"column":25},"end":{"line":88,"column":88}},"30":{"start":{"line":89,"column":8},"end":{"line":91,"column":9}},"31":{"start":{"line":90,"column":12},"end":{"line":90,"column":53}},"32":{"start":{"line":92,"column":8},"end":{"line":94,"column":10}},"33":{"start":{"line":96,"column":8},"end":{"line":96,"column":45}},"34":{"start":{"line":99,"column":26},"end":{"line":152,"column":1}},"35":{"start":{"line":100,"column":4},"end":{"line":151,"column":5}},"36":{"start":{"line":101,"column":27},"end":{"line":101,"column":37}},"37":{"start":{"line":102,"column":21},"end":{"line":102,"column":46}},"38":{"start":{"line":104,"column":21},"end":{"line":104,"column":48}},"39":{"start":{"line":106,"column":35},"end":{"line":110,"column":20}},"40":{"start":{"line":112,"column":27},"end":{"line":112,"column":75}},"41":{"start":{"line":114,"column":8},"end":{"line":116,"column":9}},"42":{"start":{"line":115,"column":12},"end":{"line":115,"column":79}},"43":{"start":{"line":118,"column":12},"end":{"line":118,"column":40}},"44":{"start":{"line":119,"column":8},"end":{"line":119,"column":31}},"45":{"start":{"line":120,"column":8},"end":{"line":120,"column":29}},"46":{"start":{"line":121,"column":8},"end":{"line":121,"column":51}},"47":{"start":{"line":123,"column":28},"end":{"line":123,"column":46}},"48":{"start":{"line":125,"column":8},"end":{"line":137,"column":9}},"49":{"start":{"line":127,"column":33},"end":{"line":134,"column":18}},"50":{"start":{"line":133,"column":20},"end":{"line":133,"column":57}},"51":{"start":{"line":136,"column":12},"end":{"line":136,"column":51}},"52":{"start":{"line":139,"column":8},"end":{"line":139,"column":42}},"53":{"start":{"line":141,"column":8},"end":{"line":141,"column":25}},"54":{"start":{"line":144,"column":8},"end":{"line":147,"column":10}},"55":{"start":{"line":150,"column":8},"end":{"line":150,"column":45}},"56":{"start":{"line":153,"column":26},"end":{"line":164,"column":1}},"57":{"start":{"line":154,"column":4},"end":{"line":163,"column":5}},"58":{"start":{"line":155,"column":27},"end":{"line":155,"column":37}},"59":{"start":{"line":156,"column":8},"end":{"line":156,"column":44}},"60":{"start":{"line":157,"column":8},"end":{"line":160,"column":10}},"61":{"start":{"line":162,"column":8},"end":{"line":162,"column":45}},"62":{"start":{"line":165,"column":27},"end":{"line":180,"column":1}},"63":{"start":{"line":166,"column":4},"end":{"line":179,"column":5}},"64":{"start":{"line":167,"column":21},"end":{"line":167,"column":29}},"65":{"start":{"line":169,"column":8},"end":{"line":173,"column":9}},"66":{"start":{"line":170,"column":16},"end":{"line":170,"column":153}},"67":{"start":{"line":172,"column":16},"end":{"line":172,"column":173}},"68":{"start":{"line":174,"column":8},"end":{"line":176,"column":10}},"69":{"start":{"line":178,"column":8},"end":{"line":178,"column":45}},"70":{"start":{"line":182,"column":23},"end":{"line":192,"column":1}},"71":{"start":{"line":183,"column":4},"end":{"line":191,"column":5}},"72":{"start":{"line":184,"column":25},"end":{"line":184,"column":35}},"73":{"start":{"line":185,"column":17},"end":{"line":185,"column":134}},"74":{"start":{"line":186,"column":8},"end":{"line":188,"column":10}},"75":{"start":{"line":190,"column":8},"end":{"line":190,"column":45}},"76":{"start":{"line":194,"column":26},"end":{"line":201,"column":1}},"77":{"start":{"line":195,"column":4},"end":{"line":200,"column":32}},"78":{"start":{"line":203,"column":30},"end":{"line":223,"column":1}},"79":{"start":{"line":204,"column":4},"end":{"line":222,"column":5}},"80":{"start":{"line":205,"column":35},"end":{"line":205,"column":45}},"81":{"start":{"line":207,"column":29},"end":{"line":207,"column":71}},"82":{"start":{"line":208,"column":8},"end":{"line":210,"column":9}},"83":{"start":{"line":209,"column":12},"end":{"line":209,"column":56}},"84":{"start":{"line":211,"column":27},"end":{"line":211,"column":43}},"85":{"start":{"line":212,"column":28},"end":{"line":216,"column":19}},"86":{"start":{"line":217,"column":8},"end":{"line":219,"column":10}},"87":{"start":{"line":221,"column":8},"end":{"line":221,"column":45}},"88":{"start":{"line":225,"column":33},"end":{"line":250,"column":1}},"89":{"start":{"line":226,"column":20},"end":{"line":226,"column":31}},"90":{"start":{"line":227,"column":4},"end":{"line":229,"column":5}},"91":{"start":{"line":228,"column":8},"end":{"line":228,"column":17}},"92":{"start":{"line":231,"column":18},"end":{"line":231,"column":38}},"93":{"start":{"line":232,"column":16},"end":{"line":232,"column":40}},"94":{"start":{"line":234,"column":4},"end":{"line":244,"column":5}},"95":{"start":{"line":235,"column":26},"end":{"line":235,"column":55}},"96":{"start":{"line":236,"column":8},"end":{"line":243,"column":9}},"97":{"start":{"line":237,"column":27},"end":{"line":237,"column":48}},"98":{"start":{"line":238,"column":12},"end":{"line":240,"column":13}},"99":{"start":{"line":239,"column":16},"end":{"line":239,"column":57}},"100":{"start":{"line":239,"column":44},"end":{"line":239,"column":56}},"101":{"start":{"line":246,"column":4},"end":{"line":249,"column":24}},"102":{"start":{"line":248,"column":24},"end":{"line":248,"column":64}},"103":{"start":{"line":252,"column":32},"end":{"line":269,"column":1}},"104":{"start":{"line":253,"column":4},"end":{"line":268,"column":5}},"105":{"start":{"line":254,"column":29},"end":{"line":254,"column":39}},"106":{"start":{"line":256,"column":22},"end":{"line":261,"column":19}},"107":{"start":{"line":263,"column":8},"end":{"line":265,"column":10}},"108":{"start":{"line":267,"column":8},"end":{"line":267,"column":45}},"109":{"start":{"line":271,"column":33},"end":{"line":288,"column":1}},"110":{"start":{"line":272,"column":4},"end":{"line":287,"column":5}},"111":{"start":{"line":273,"column":29},"end":{"line":273,"column":39}},"112":{"start":{"line":275,"column":29},"end":{"line":275,"column":71}},"113":{"start":{"line":276,"column":8},"end":{"line":278,"column":9}},"114":{"start":{"line":277,"column":12},"end":{"line":277,"column":56}},"115":{"start":{"line":279,"column":27},"end":{"line":279,"column":43}},"116":{"start":{"line":280,"column":25},"end":{"line":280,"column":157}},"117":{"start":{"line":281,"column":8},"end":{"line":284,"column":10}},"118":{"start":{"line":286,"column":8},"end":{"line":286,"column":45}},"119":{"start":{"line":290,"column":43},"end":{"line":446,"column":1}},"120":{"start":{"line":291,"column":4},"end":{"line":445,"column":5}},"121":{"start":{"line":292,"column":8},"end":{"line":294,"column":9}},"122":{"start":{"line":293,"column":12},"end":{"line":293,"column":78}},"123":{"start":{"line":296,"column":23},"end":{"line":296,"column":36}},"124":{"start":{"line":297,"column":8},"end":{"line":299,"column":9}},"125":{"start":{"line":298,"column":12},"end":{"line":298,"column":88}},"126":{"start":{"line":301,"column":30},"end":{"line":301,"column":92}},"127":{"start":{"line":302,"column":25},"end":{"line":302,"column":61}},"128":{"start":{"line":303,"column":27},"end":{"line":303,"column":65}},"129":{"start":{"line":305,"column":8},"end":{"line":307,"column":9}},"130":{"start":{"line":306,"column":12},"end":{"line":306,"column":89}},"131":{"start":{"line":309,"column":27},"end":{"line":309,"column":100}},"132":{"start":{"line":311,"column":8},"end":{"line":313,"column":9}},"133":{"start":{"line":312,"column":12},"end":{"line":312,"column":78}},"134":{"start":{"line":315,"column":29},"end":{"line":315,"column":52}},"135":{"start":{"line":317,"column":8},"end":{"line":319,"column":9}},"136":{"start":{"line":318,"column":12},"end":{"line":318,"column":79}},"137":{"start":{"line":321,"column":41},"end":{"line":323,"column":26}},"138":{"start":{"line":325,"column":33},"end":{"line":327,"column":23}},"139":{"start":{"line":326,"column":31},"end":{"line":326,"column":76}},"140":{"start":{"line":329,"column":23},"end":{"line":351,"column":10}},"141":{"start":{"line":353,"column":31},"end":{"line":353,"column":77}},"142":{"start":{"line":354,"column":32},"end":{"line":364,"column":27}},"143":{"start":{"line":366,"column":26},"end":{"line":366,"column":28}},"144":{"start":{"line":369,"column":8},"end":{"line":397,"column":9}},"145":{"start":{"line":370,"column":12},"end":{"line":396,"column":13}},"146":{"start":{"line":371,"column":30},"end":{"line":376,"column":18}},"147":{"start":{"line":378,"column":30},"end":{"line":378,"column":79}},"148":{"start":{"line":380,"column":16},"end":{"line":388,"column":18}},"149":{"start":{"line":390,"column":16},"end":{"line":390,"column":56}},"150":{"start":{"line":391,"column":16},"end":{"line":393,"column":17}},"151":{"start":{"line":392,"column":20},"end":{"line":392,"column":25}},"152":{"start":{"line":395,"column":16},"end":{"line":395,"column":33}},"153":{"start":{"line":399,"column":8},"end":{"line":406,"column":9}},"154":{"start":{"line":400,"column":28},"end":{"line":400,"column":78}},"155":{"start":{"line":401,"column":31},"end":{"line":401,"column":68}},"156":{"start":{"line":402,"column":12},"end":{"line":405,"column":13}},"157":{"start":{"line":408,"column":31},"end":{"line":409,"column":36}},"158":{"start":{"line":411,"column":23},"end":{"line":411,"column":32}},"159":{"start":{"line":412,"column":8},"end":{"line":415,"column":10}},"160":{"start":{"line":413,"column":12},"end":{"line":413,"column":66}},"161":{"start":{"line":414,"column":12},"end":{"line":414,"column":66}},"162":{"start":{"line":417,"column":24},"end":{"line":417,"column":26}},"163":{"start":{"line":418,"column":21},"end":{"line":418,"column":30}},"164":{"start":{"line":420,"column":8},"end":{"line":435,"column":10}},"165":{"start":{"line":421,"column":24},"end":{"line":421,"column":52}},"166":{"start":{"line":422,"column":12},"end":{"line":424,"column":13}},"167":{"start":{"line":423,"column":16},"end":{"line":423,"column":22}},"168":{"start":{"line":425,"column":29},"end":{"line":425,"column":44}},"169":{"start":{"line":426,"column":12},"end":{"line":428,"column":13}},"170":{"start":{"line":427,"column":16},"end":{"line":427,"column":22}},"171":{"start":{"line":429,"column":23},"end":{"line":429,"column":46}},"172":{"start":{"line":430,"column":12},"end":{"line":432,"column":13}},"173":{"start":{"line":431,"column":16},"end":{"line":431,"column":22}},"174":{"start":{"line":433,"column":12},"end":{"line":433,"column":24}},"175":{"start":{"line":434,"column":12},"end":{"line":434,"column":34}},"176":{"start":{"line":437,"column":8},"end":{"line":442,"column":10}},"177":{"start":{"line":444,"column":8},"end":{"line":444,"column":91}},"178":{"start":{"line":448,"column":35},"end":{"line":684,"column":1}},"179":{"start":{"line":449,"column":4},"end":{"line":683,"column":5}},"180":{"start":{"line":450,"column":8},"end":{"line":452,"column":9}},"181":{"start":{"line":451,"column":12},"end":{"line":451,"column":78}},"182":{"start":{"line":454,"column":27},"end":{"line":454,"column":37}},"183":{"start":{"line":455,"column":33},"end":{"line":455,"column":90}},"184":{"start":{"line":456,"column":23},"end":{"line":456,"column":36}},"185":{"start":{"line":458,"column":8},"end":{"line":460,"column":9}},"186":{"start":{"line":459,"column":12},"end":{"line":459,"column":65}},"187":{"start":{"line":462,"column":8},"end":{"line":464,"column":9}},"188":{"start":{"line":463,"column":12},"end":{"line":463,"column":89}},"189":{"start":{"line":466,"column":21},"end":{"line":466,"column":48}},"190":{"start":{"line":468,"column":8},"end":{"line":470,"column":9}},"191":{"start":{"line":469,"column":12},"end":{"line":469,"column":60}},"192":{"start":{"line":472,"column":8},"end":{"line":474,"column":9}},"193":{"start":{"line":473,"column":12},"end":{"line":473,"column":69}},"194":{"start":{"line":476,"column":30},"end":{"line":476,"column":57}},"195":{"start":{"line":478,"column":8},"end":{"line":485,"column":9}},"196":{"start":{"line":479,"column":12},"end":{"line":484,"column":14}},"197":{"start":{"line":487,"column":39},"end":{"line":487,"column":40}},"198":{"start":{"line":489,"column":27},"end":{"line":489,"column":31}},"199":{"start":{"line":491,"column":8},"end":{"line":513,"column":9}},"200":{"start":{"line":492,"column":12},"end":{"line":494,"column":13}},"201":{"start":{"line":493,"column":16},"end":{"line":493,"column":46}},"202":{"start":{"line":496,"column":12},"end":{"line":498,"column":13}},"203":{"start":{"line
[...]
rt":{"line":76,"column":2},"end":{"line":76,"column":21}},"51":{"start":{"line":77,"column":2},"end":{"line":77,"column":25}},"52":{"start":{"line":78,"column":2},"end":{"line":78,"column":31}},"53":{"start":{"line":79,"column":2},"end":{"line":79,"column":26}},"54":{"start":{"line":80,"column":2},"end":{"line":80,"column":53}},"55":{"start":{"line":82,"column":2},"end":{"line":82,"column":22}},"56":{"start":{"line":84,"column":2},"end":{"line":86,"column":3}},"57":{"start":{"line":85,"column":4},"end":{"line":85,"column":50}},"58":{"start":{"line":88,"column":2},"end":{"line":88,"column":16}},"59":{"start":{"line":91,"column":25},"end":{"line":119,"column":1}},"60":{"start":{"line":92,"column":17},"end":{"line":92,"column":49}},"61":{"start":{"line":93,"column":2},"end":{"line":97,"column":3}},"62":{"start":{"line":94,"column":16},"end":{"line":94,"column":54}},"63":{"start":{"line":95,"column":4},"end":{"line":95,"column":31}},"64":{"start":{"line":96,"column":4},"end":{"line":96,"column":14}},"65":{"start":{"line":99,"column":2},"end":{"line":104,"column":3}},"66":{"start":{"line":100,"column":4},"end":{"line":100,"column":40}},"67":{"start":{"line":101,"column":16},"end":{"line":101,"column":67}},"68":{"start":{"line":102,"column":4},"end":{"line":102,"column":29}},"69":{"start":{"line":103,"column":4},"end":{"line":103,"column":14}},"70":{"start":{"line":106,"column":2},"end":{"line":112,"column":3}},"71":{"start":{"line":107,"column":4},"end":{"line":107,"column":49}},"72":{"start":{"line":108,"column":4},"end":{"line":108,"column":24}},"73":{"start":{"line":109,"column":16},"end":{"line":109,"column":46}},"74":{"start":{"line":110,"column":4},"end":{"line":110,"column":29}},"75":{"start":{"line":111,"column":4},"end":{"line":111,"column":14}},"76":{"start":{"line":114,"column":22},"end":{"line":114,"column":40}},"77":{"start":{"line":116,"column":2},"end":{"line":116,"column":38}},"78":{"start":{"line":118,"column":2},"end":{"line":118,"column":21}}},"fnMap":{"0":{"name":"(anonymous_0)","decl":{"start":{"line":6,"column":20},"end":{"line":6,"column":21}},"loc":{"start":{"line":6,"column":28},"end":{"line":6,"column":44}},"line":6},"1":{"name":"(anonymous_1)","decl":{"start":{"line":8,"column":27},"end":{"line":8,"column":28}},"loc":{"start":{"line":8,"column":33},"end":{"line":10,"column":1}},"line":8},"2":{"name":"(anonymous_2)","decl":{"start":{"line":12,"column":32},"end":{"line":12,"column":33}},"loc":{"start":{"line":12,"column":79},"end":{"line":46,"column":1}},"line":12},"3":{"name":"(anonymous_3)","decl":{"start":{"line":48,"column":28},"end":{"line":48,"column":29}},"loc":{"start":{"line":48,"column":40},"end":{"line":53,"column":1}},"line":48},"4":{"name":"(anonymous_4)","decl":{"start":{"line":55,"column":25},"end":{"line":55,"column":26}},"loc":{"start":{"line":55,"column":59},"end":{"line":89,"column":1}},"line":55},"5":{"name":"(anonymous_5)","decl":{"start":{"line":91,"column":25},"end":{"line":91,"column":26}},"loc":{"start":{"line":91,"column":52},"end":{"line":119,"column":1}},"line":91}},"branchMap":{"0":{"loc":{"start":{"line":3,"column":34},"end":{"line":3,"column":69}},"type":"binary-expr","locations":[{"start":{"line":3,"column":34},"end":{"line":3,"column":64}},{"start":{"line":3,"column":68},"end":{"line":3,"column":69}}],"line":3},"1":{"loc":{"start":{"line":4,"column":39},"end":{"line":4,"column":83}},"type":"binary-expr","locations":[{"start":{"line":4,"column":39},"end":{"line":4,"column":78}},{"start":{"line":4,"column":82},"end":{"line":4,"column":83}}],"line":4},"2":{"loc":{"start":{"line":13,"column":2},"end":{"line":15,"column":3}},"type":"if","locations":[{"start":{"line":13,"column":2},"end":{"line":15,"column":3}},{"start":{},"end":{}}],"line":13},"3":{"loc":{"start":{"line":17,"column":2},"end":{"line":19,"column":3}},"type":"if","locations":[{"start":{"line":17,"column":2},"end":{"line":19,"column":3}},{"start":{},"end":{}}],"line":17},"4":{"loc":{"start":{"line":27,"column":2},"end":{"line":29,"column":3}},"type":"if","locations":[{"start":{"line":27,"column":2},"end":{"line":29,"column":3}},{"start":{},"end":{}}],"line":27},"5":{"loc":{"start":{"line":41,"column":2},"end":{"line":43,"column":3}},"type":"if","locations":[{"start":{"line":41,"column":2},"end":{"line":43,"column":3}},{"start":{},"end":{}}],"line":41},"6":{"loc":{"start":{"line":49,"column":2},"end":{"line":49,"column":27}},"type":"if","locations":[{"start":{"line":49,"column":2},"end":{"line":49,"column":27}},{"start":{},"end":{}}],"line":49},"7":{"loc":{"start":{"line":59,"column":2},"end":{"line":63,"column":3}},"type":"if","locations":[{"start":{"line":59,"column":2},"end":{"line":63,"column":3}},{"start":{},"end":{}}],"line":59},"8":{"loc":{"start":{"line":65,"column":2},"end":{"line":72,"column":3}},"type":"if","locations":[{"start":{"line":65,"column":2},"end":{"line":72,"column":3}},{"start":{},"end":{}}],"line":65},"9":{"loc":{"start":{"line":80,"column":24},"end":{"line":80,"column":47}},"type":"binary-expr","locations":[{"start":{"line":80,"column":24},"end":{"line":80,"column":42}},{"start":{"line":80,"column":46},"end":{"line":80,"column":47}}],"line":80},"10":{"loc":{"start":{"line":84,"column":2},"end":{"line":86,"column":3}},"type":"if","locations":[{"start":{"line":84,"column":2},"end":{"line":86,"column":3}},{"start":{},"end":{}}],"line":84},"11":{"loc":{"start":{"line":93,"column":2},"end":{"line":97,"column":3}},"type":"if","locations":[{"start":{"line":93,"column":2},"end":{"line":97,"column":3}},{"start":{},"end":{}}],"line":93},"12":{"loc":{"start":{"line":99,"column":2},"end":{"line":104,"column":3}},"type":"if","locations":[{"start":{"line":99,"column":2},"end":{"line":104,"column":3}},{"start":{},"end":{}}],"line":99},"13":{"loc":{"start":{"line":106,"column":2},"end":{"line":112,"column":3}},"type":"if","locations":[{"start":{"line":106,"column":2},"end":{"line":112,"column":3}},{"start":{},"end":{}}],"line":106},"14":{"loc":{"start":{"line":107,"column":23},"end":{"line":107,"column":43}},"type":"binary-expr","locations":[{"start":{"line":107,"column":23},"end":{"line":107,"column":38}},{"start":{"line":107,"column":42},"end":{"line":107,"column":43}}],"line":107}},"s":{"0":1,"1":1,"2":1,"3":10,"4":1,"5":6,"6":1,"7":4,"8":0,"9":4,"10":0,"11":4,"12":4,"13":4,"14":4,"15":4,"16":4,"17":4,"18":4,"19":4,"20":4,"21":4,"22":4,"23":4,"24":4,"25":3,"26":3,"27":3,"28":1,"29":3,"30":0,"31":3,"32":3,"33":3,"34":1,"35":4,"36":4,"37":4,"38":1,"39":1,"40":1,"41":3,"42":1,"43":1,"44":1,"45":1,"46":1,"47":1,"48":2,"49":2,"50":2,"51":2,"52":2,"53":2,"54":2,"55":2,"56":2,"57":2,"58":2,"59":1,"60":6,"61":6,"62":1,"63":1,"64":1,"65":5,"66":1,"67":1,"68":1,"69":1,"70":4,"71":1,"72":1,"73":1,"74":1,"75":1,"76":3,"77":3,"78":3},"f":{"0":10,"1":6,"2":4,"3":3,"4":4,"5":6},"b":{"0":[1,0],"1":[1,0],"2":[0,4],"3":[0,4],"4":[4,0],"5":[3,0],"6":[0,3],"7":[1,3],"8":[1,2],"9":[2,2],"10":[2,0],"11":[1,5],"12":[1,4],"13":[1,3],"14":[1,1]},"inputSourceMap":null,"_coverageSchema":"1a1c01bbd47fc00a2c39e90264f33305004495a9","hash":"62a319fc2391cee08a6034f49c7583251563acac"}
,"C:\\Users\\ved\\OneDrive\\Desktop\\sepro\\Shabd-Setu-A-blogging-platform\\api\\utils\\createNotification.js": {"path":"C:\\Users\\ved\\OneDrive\\Desktop\\sepro\\Shabd-Setu-A-blogging-platform\\api\\utils\\createNotification.js","statementMap":{"0":{"start":{"line":6,"column":2},"end":{"line":6,"column":18}},"1":{"start":{"line":10,"column":16},"end":{"line":10,"column":18}},"2":{"start":{"line":12,"column":2},"end":{"line":30,"column":3}},"3":{"start":{"line":14,"column":6},"end":{"line":14,"column":75}},"4":{"start":{"line":15,"column":6},"end":{"line":15,"column":12}},"5":{"start":{"line":17,"column":6},"end":{"line":17,"column":82}},"6":{"start":{"line":18,"column":6},"end":{"line":18,"column":12}},"7":{"start":{"line":20,"column":6},"end":{"line":20,"column":62}},"8":{"start":{"line":21,"column":6},"end":{"line":21,"column":12}},"9":{"start":{"line":23,"column":6},"end":{"line":23,"column":60}},"10":{"start":{"line":24,"column":6},"end":{"line":24,"column":12}},"11":{"start":{"line":26,"column":6},"end":{"line":26,"column":78}},"12":{"start":{"line":27,"column":6},"end":{"line":27,"column":12}},"13":{"start":{"line":29,"column":6},"end":{"line":29,"column":46}},"14":{"start":{"line":32,"column":14},"end":{"line":38,"column":4}},"15":{"start":{"line":41,"column":2},"end":{"line":43,"column":3}},"16":{"start":{"line":42,"column":4},"end":{"line":42,"column":61}},"17":{"start":{"line":45,"column":2},"end":{"line":45,"column":13}}},"fnMap":{"0":{"name":"initNotificationIO","decl":{"start":{"line":5,"column":16},"end":{"line":5,"column":34}},"loc":{"start":{"line":5,"column":47},"end":{"line":7,"column":1}},"line":5},"1":{"name":"createNotification","decl":{"start":{"line":9,"column":22},"end":{"line":9,"column":40}},"loc":{"start":{"line":9,"column":92},"end":{"line":46,"column":1}},"line":9}},"branchMap":{"0":{"loc":{"start":{"line":9,"column":78},"end":{"line":9,"column":88}},"type":"default-arg","locations":[{"start":{"line":9,"column":86},"end":{"line":9,"column":88}}],"line":9},"1":{"loc":{"start":{"line":12,"column":2},"end":{"line":30,"column":3}},"type":"switch","locations":[{"start":{"line":13,"column":4},"end":{"line":15,"column":12}},{"start":{"line":16,"column":4},"end":{"line":18,"column":12}},{"start":{"line":19,"column":4},"end":{"line":21,"column":12}},{"start":{"line":22,"column":4},"end":{"line":24,"column":12}},{"start":{"line":25,"column":4},"end":{"line":27,"column":12}},{"start":{"line":28,"column":4},"end":{"line":29,"column":46}}],"line":12},"2":{"loc":{"start":{"line":41,"column":2},"end":{"line":43,"column":3}},"type":"if","locations":[{"start":{"line":41,"column":2},"end":{"line":43,"column":3}},{"start":{},"end":{}}],"line":41},"3":{"loc":{"start":{"line":41,"column":6},"end":{"line":41,"column":23}},"type":"binary-expr","locations":[{"start":{"line":41,"column":6},"end":{"line":41,"column":8}},{"start":{"line":41,"column":12},"end":{"line":41,"column":23}}],"line":41}},"s":{"0":0,"1":0,"2":0,"3":0,"4":0,"5":0,"6":0,"7":0,"8":0,"9":0,"10":0,"11":0,"12":0,"13":0,"14":0,"15":0,"16":0,"17":0},"f":{"0":0,"1":0},"b":{"0":[0],"1":[0,0,0,0,0,0],"2":[0,0],"3":[0,0]},"inputSourceMap":null}
,"C:\\Users\\ved\\OneDrive\\Desktop\\sepro\\Shabd-Setu-A-blogging-platform\\api\\utils\\mailer.js": {"path":"C:\\Users\\ved\\OneDrive\\Desktop\\sepro\\Shabd-Setu-A-blogging-platform\\api\\utils\\mailer.js","statementMap":{"0":{"start":{"line":2,"column":0},"end":{"line":2,"column":16}},"1":{"start":{"line":6,"column":20},"end":{"line":11,"column":2}},"2":{"start":{"line":13,"column":28},"end":{"line":22,"column":1}},"3":{"start":{"line":14,"column":22},"end":{"line":19,"column":3}},"4":{"start":{"line":21,"column":2},"end":{"line":21,"column":43}}},"fnMap":{"0":{"name":"(anonymous_0)","decl":{"start":{"line":13,"column":28},"end":{"line":13,"column":29}},"loc":{"start":{"line":13,"column":63},"end":{"line":22,"column":1}},"line":13}},"branchMap":{"0":{"loc":{"start":{"line":8,"column":15},"end":{"line":8,"column":43}},"type":"binary-expr","locations":[{"start":{"line":8,"column":15},"end":{"line":8,"column":36}},{"start":{"line":8,"column":40},"end":{"line":8,"column":43}}],"line":8}},"s":{"0":1,"1":1,"2":1,"3":5,"4":5},"f":{"0":5},"b":{"0":[1,0]},"inputSourceMap":null,"_coverageSchema":"1a1c01bbd47fc00a2c39e90264f33305004495a9","hash":"25a8210ec7eeea18ea8a487b8079c0771c6f1d49"}
,"C:\\Users\\ved\\OneDrive\\Desktop\\sepro\\Shabd-Setu-A-blogging-platform\\api\\utils\\notifyTriggers.js": {"path":"C:\\Users\\ved\\OneDrive\\Desktop\\sepro\\Shabd-Setu-A-blogging-platform\\api\\utils\\notifyTriggers.js","statementMap":{"0":{"start":{"line":7,"column":22},"end":{"line":20,"column":1}},"1":{"start":{"line":8,"column":2},"end":{"line":10,"column":3}},"2":{"start":{"line":9,"column":4},"end":{"line":9,"column":15}},"3":{"start":{"line":12,"column":21},"end":{"line":12,"column":74}},"4":{"start":{"line":13,"column":26},"end":{"line":13,"column":80}},"5":{"start":{"line":13,"column":56},"end":{"line":13,"column":79}},"6":{"start":{"line":15,"column":2},"end":{"line":17,"column":3}},"7":{"start":{"line":16,"column":4},"end":{"line":16,"column":56}},"8":{"start":{"line":19,"column":2},"end":{"line":19,"column":30}},"9":{"start":{"line":23,"column":15},"end":{"line":26,"column":4}},"10":{"start":{"line":27,"column":2},"end":{"line":27,"column":20}},"11":{"start":{"line":27,"column":13},"end":{"line":27,"column":20}},"12":{"start":{"line":28,"column":2},"end":{"line":28,"column":58}},"13":{"start":{"line":28,"column":51},"end":{"line":28,"column":58}},"14":{"start":{"line":30,"column":17},"end":{"line":30,"column":45}},"15":{"start":{"line":31,"column":2},"end":{"line":37,"column":5}},"16":{"start":{"line":41,"column":15},"end":{"line":44,"column":4}},"17":{"start":{"line":45,"column":2},"end":{"line":45,"column":20}},"18":{"start":{"line":45,"column":13},"end":{"line":45,"column":20}},"19":{"start":{"line":46,"column":2},"end":{"line":46,"column":62}},"20":{"start":{"line":46,"column":55},"end":{"line":46,"column":62}},"21":{"start":{"line":48,"column":17},"end":{"line":48,"column":49}},"22":{"start":{"line":49,"column":2},"end":{"line":55,"column":5}},"23":{"start":{"line":59,"column":2},"end":{"line":59,"column":66}},"24":{"start":{"line":59,"column":59},"end":{"line":59,"column":66}},"25":{"start":{"line":60,"column":17},"end":{"line":60,"column":47}},"26":{"start":{"line":61,"column":15},"end":{"line":63,"column":4}},"27":{"start":{"line":64,"column":2},"end":{"line":70,"column":5}},"28":{"start":{"line":74,"column":2},"end":{"line":74,"column":58}},"29":{"start":{"line":74,"column":51},"end":{"line":74,"column":58}},"30":{"start":{"line":75,"column":17},"end":{"line":75,"column":48}},"31":{"start":{"line":76,"column":2},"end":{"line":82,"column":5}},"32":{"start":{"line":86,"column":17},"end":{"line":86,"column":46}},"33":{"start":{"line":87,"column":15},"end":{"line":89,"column":4}},"34":{"start":{"line":90,"column":2},"end":{"line":90,"column":31}},"35":{"start":{"line":90,"column":24},"end":{"line":90,"column":31}},"36":{"start":{"line":92,"column":18},"end":{"line":92,"column":62}},"37":{"start":{"line":93,"column":22},"end":{"line":93,"column":62}},"38":{"start":{"line":93,"column":44},"end":{"line":93,"column":61}},"39":{"start":{"line":95,"column":2},"end":{"line":103,"column":3}},"40":{"start":{"line":96,"column":4},"end":{"line":102,"column":7}}},"fnMap":{"0":{"name":"(anonymous_0)","decl":{"start":{"line":7,"column":22},"end":{"line":7,"column":23}},"loc":{"start":{"line":7,"column":32},"end":{"line":20,"column":1}},"line":7},"1":{"name":"(anonymous_1)","decl":{"start":{"line":13,"column":42},"end":{"line":13,"column":43}},"loc":{"start":{"line":13,"column":56},"end":{"line":13,"column":79}},"line":13},"2":{"name":"notifyLike","decl":{"start":{"line":22,"column":22},"end":{"line":22,"column":32}},"loc":{"start":{"line":22,"column":54},"end":{"line":38,"column":1}},"line":22},"3":{"name":"notifyComment","decl":{"start":{"line":40,"column":22},"end":{"line":40,"column":35}},"loc":{"start":{"line":40,"column":61},"end":{"line":56,"column":1}},"line":40},"4":{"name":"notifyReply","decl":{"start":{"line":58,"column":22},"end":{"line":58,"column":33}},"loc":{"start":{"line":58,"column":80},"end":{"line":71,"column":1}},"line":58},"5":{"name":"notifyFollow","decl":{"start":{"line":73,"column":22},"end":{"line":73,"column":34}},"loc":{"start":{"line":73,"column":65},"end":{"line":83,"column":1}},"line":73},"6":{"name":"notifyFollowersNewPost","decl":{"start":{"line":85,"column":22},"end":{"line":85,"column":44}},"loc":{"start":{"line":85,"column":67},"end":{"line":104,"column":1}},"line":85},"7":{"name":"(anonymous_7)","decl":{"start":{"line":93,"column":34},"end":{"line":93,"column":35}},"loc":{"start":{"line":93,"column":44},"end":{"line":93,"column":61}},"line":93}},"branchMap":{"0":{"loc":{"start":{"line":8,"column":2},"end":{"line":10,"column":3}},"type":"if","locations":[{"start":{"line":8,"column":2},"end":{"line":10,"column":3}},{"start":{},"end":{}}],"line":8},"1":{"loc":{"start":{"line":12,"column":21},"end":{"line":12,"column":74}},"type":"cond-expr","locations":[{"start":{"line":12,"column":54},"end":{"line":12,"column":69}},{"start":{"line":12,"column":72},"end":{"line":12,"column":74}}],"line":12},"2":{"loc":{"start":{"line":15,"column":2},"end":{"line":17,"column":3}},"type":"if","locations":[{"start":{"line":15,"column":2},"end":{"line":17,"column":3}},{"start":{},"end":{}}],"line":15},"3":{"loc":{"start":{"line":27,"column":2},"end":{"line":27,"column":20}},"type":"if","locations":[{"start":{"line":27,"column":2},"end":{"line":27,"column":20}},{"start":{},"end":{}}],"line":27},"4":{"loc":{"start":{"line":28,"column":2},"end":{"line":28,"column":58}},"type":"if","locations":[{"start":{"line":28,"column":2},"end":{"line":28,"column":58}},{"start":{},"end":{}}],"line":28},"5":{"loc":{"start":{"line":36,"column":25},"end":{"line":36,"column":50}},"type":"binary-expr","locations":[{"start":{"line":36,"column":25},"end":{"line":36,"column":37}},{"start":{"line":36,"column":41},"end":{"line":36,"column":50}}],"line":36},"6":{"loc":{"start":{"line":45,"column":2},"end":{"line":45,"column":20}},"type":"if","locations":[{"start":{"line":45,"column":2},"end":{"line":45,"column":20}},{"start":{},"end":{}}],"line":45},"7":{"loc":{"start":{"line":46,"column":2},"end":{"line":46,"column":62}},"type":"if","locations":[{"start":{"line":46,"column":2},"end":{"line":46,"column":62}},{"start":{},"end":{}}],"line":46},"8":{"loc":{"start":{"line":54,"column":25},"end":{"line":54,"column":50}},"type":"binary-expr","locations":[{"start":{"line":54,"column":25},"end":{"line":54,"column":37}},{"start":{"line":54,"column":41},"end":{"line":54,"column":50}}],"line":54},"9":{"loc":{"start":{"line":59,"column":2},"end":{"line":59,"column":66}},"type":"if","locations":[{"start":{"line":59,"column":2},"end":{"line":59,"column":66}},{"start":{},"end":{}}],"line":59},"10":{"loc":{"start":{"line":69,"column":25},"end":{"line":69,"column":50}},"type":"binary-expr","locations":[{"start":{"line":69,"column":25},"end":{"line":69,"column":37}},{"start":{"line":69,"column":41},"end":{"line":69,"column":50}}],"line":69},"11":{"loc":{"start":{"line":74,"column":2},"end":{"line":74,"column":58}},"type":"if","locations":[{"start":{"line":74,"column":2},"end":{"line":74,"column":58}},{"start":{},"end":{}}],"line":74},"12":{"loc":{"start":{"line":81,"column":25},"end":{"line":81,"column":50}},"type":"binary-expr","locations":[{"start":{"line":81,"column":25},"end":{"line":81,"column":37}},{"start":{"line":81,"column":41},"end":{"line":81,"column":50}}],"line":81},"13":{"loc":{"start":{"line":90,"column":2},"end":{"line":90,"column":31}},"type":"if","locations":[{"start":{"line":90,"column":2},"end":{"line":90,"column":31}},{"start":{},"end":{}}],"line":90},"14":{"loc":{"start":{"line":90,"column":6},"end":{"line":90,"column":22}},"type":"binary-expr","locations":[{"start":{"line":90,"column":6},"end":{"line":90,"column":13}},{"start":{"line":90,"column":17},"end":{"line":90,"column":22}}],"line":90},"15":{"loc":{"start":{"line":101,"column":27},"end":{"line":101,"column":51}},"type":"binary-expr","locations":[{"start":{"line":101,"column":27},"end":{"line":101,"column":38}},{"start":{"line":101,"column":42},"end":{"line":101,"column":51}}],"line":101}},"s":{"0":0,"1":0,"2":0,"3":0,"4":0,"5":0,"6":0,"7":0,"8":0,"9":0,"10":0,"11":0,"12":0,"13":0,"14":0,"15":0,"16":0,"17":0,"18":0,"19":0,"20":0,"21":0,"22":0,"23":0,"24":0,"25":0,"26":0,"27":0,"28":0,"29":0,"30":0,"31":0,"32":0,"33":0,"34":0,"35":0,"36":0,"37":0,"38":0,"39":0,"40":0},"f":{"0":0,"1":0,"2":0,"3":0,"4":0,"5":0,"6":0,"7":0},"b":{"0":[0,0],"1":[0,0],"2":[0,0],"3":[0,0],"4":[0,0],"5":[0,0],"6":[0,0],"7":[0,0],"8":[0,0],"9":[0,0],"10":[0,0],"11":[0,0],"12":[0,0],"13":[0,0],"14":[0,0],"15":[0,0]},"inputSourceMap":null}
}
