TN:
SF:controllers\Auth.controller.js
FN:13,(anonymous_0)
FN:15,(anonymous_1)
FN:39,(anonymous_2)
FN:59,(anonymous_3)
FN:102,(anonymous_4)
FN:114,(anonymous_5)
FN:150,(anonymous_6)
FN:189,(anonymous_7)
FN:239,(anonymous_8)
FNF:9
FNH:3
FNDA:0,(anonymous_0)
FNDA:0,(anonymous_1)
FNDA:0,(anonymous_2)
FNDA:0,(anonymous_3)
FNDA:0,(anonymous_4)
FNDA:0,(anonymous_5)
FNDA:5,(anonymous_6)
FNDA:4,(anonymous_7)
FNDA:2,(anonymous_8)
DA:9,1
DA:10,1
DA:13,1
DA:15,1
DA:16,0
DA:17,0
DA:19,0
DA:20,0
DA:23,0
DA:25,0
DA:26,0
DA:27,0
DA:30,0
DA:32,0
DA:40,0
DA:44,0
DA:55,0
DA:59,1
DA:60,0
DA:61,0
DA:62,0
DA:63,0
DA:66,0
DA:68,0
DA:70,0
DA:71,0
DA:74,0
DA:75,0
DA:76,0
DA:79,0
DA:80,0
DA:83,0
DA:91,0
DA:93,0
DA:95,0
DA:96,0
DA:98,0
DA:102,1
DA:103,0
DA:104,0
DA:105,0
DA:106,0
DA:109,0
DA:111,0
DA:112,0
DA:115,0
DA:119,0
DA:121,0
DA:133,0
DA:134,0
DA:135,0
DA:137,0
DA:138,0
DA:140,0
DA:144,0
DA:150,1
DA:151,5
DA:152,5
DA:153,5
DA:154,5
DA:155,1
DA:157,4
DA:158,4
DA:159,1
DA:162,3
DA:169,3
DA:176,3
DA:177,3
DA:178,3
DA:185,0
DA:189,1
DA:190,4
DA:191,4
DA:192,4
DA:194,4
DA:195,4
DA:197,3
DA:198,3
DA:199,3
DA:206,3
DA:211,4
DA:219,4
DA:226,4
DA:227,4
DA:228,4
DA:235,0
DA:239,1
DA:240,2
DA:242,2
DA:249,2
DA:255,0
LF:91
LH:39
BRDA:9,0,0,1
BRDA:9,0,1,0
BRDA:10,1,0,1
BRDA:10,1,1,0
BRDA:19,2,0,0
BRDA:19,2,1,0
BRDA:19,3,0,0
BRDA:19,3,1,0
BRDA:19,3,2,0
BRDA:26,4,0,0
BRDA:26,4,1,0
BRDA:62,5,0,0
BRDA:62,5,1,0
BRDA:62,6,0,0
BRDA:62,6,1,0
BRDA:70,7,0,0
BRDA:70,7,1,0
BRDA:75,8,0,0
BRDA:75,8,1,0
BRDA:79,9,0,0
BRDA:79,9,1,0
BRDA:79,10,0,0
BRDA:79,10,1,0
BRDA:87,11,0,0
BRDA:87,11,1,0
BRDA:95,12,0,0
BRDA:95,12,1,0
BRDA:95,13,0,0
BRDA:95,13,1,0
BRDA:95,13,2,0
BRDA:105,14,0,0
BRDA:105,14,1,0
BRDA:133,15,0,0
BRDA:133,15,1,0
BRDA:134,16,0,0
BRDA:134,16,1,0
BRDA:137,17,0,0
BRDA:137,17,1,0
BRDA:154,18,0,1
BRDA:154,18,1,4
BRDA:158,19,0,1
BRDA:158,19,1,3
BRDA:172,20,0,0
BRDA:172,20,1,3
BRDA:195,21,0,3
BRDA:195,21,1,1
BRDA:222,22,0,0
BRDA:222,22,1,4
BRDA:245,23,0,0
BRDA:245,23,1,2
BRF:50
BRH:11
end_of_record
TN:
SF:controllers\BlogLike.controller.js
FN:7,(anonymous_0)
FN:46,(anonymous_1)
FN:69,(anonymous_2)
FNF:3
FNH:2
FNDA:2,(anonymous_0)
FNDA:1,(anonymous_1)
FNDA:0,(anonymous_2)
DA:7,1
DA:8,2
DA:9,2
DA:10,2
DA:11,2
DA:12,2
DA:14,2
DA:15,0
DA:18,2
DA:19,2
DA:21,2
DA:22,1
DA:23,1
DA:25,1
DA:28,2
DA:30,2
DA:31,1
DA:32,1
DA:34,0
DA:38,2
DA:43,0
DA:46,1
DA:47,1
DA:48,1
DA:49,1
DA:51,1
DA:52,1
DA:53,1
DA:54,1
DA:55,1
DA:60,1
DA:65,0
DA:69,1
DA:70,0
DA:71,0
DA:72,0
DA:74,0
DA:75,0
DA:78,0
DA:80,0
DA:81,0
DA:82,0
DA:85,0
DA:87,0
DA:88,0
DA:89,0
DA:95,0
DA:97,0
DA:98,0
LF:49
LH:29
BRDA:12,0,0,2
BRDA:12,0,1,0
BRDA:14,1,0,0
BRDA:14,1,1,2
BRDA:21,2,0,1
BRDA:21,2,1,1
BRDA:30,3,0,1
BRDA:30,3,1,1
BRDA:30,4,0,2
BRDA:30,4,1,1
BRDA:52,5,0,1
BRDA:52,5,1,0
BRDA:54,6,0,1
BRDA:54,6,1,0
BRDA:74,7,0,0
BRDA:74,7,1,0
BRDA:80,8,0,0
BRDA:80,8,1,0
BRDA:88,9,0,0
BRDA:88,9,1,0
BRDA:88,10,0,0
BRDA:88,10,1,0
BRF:22
BRH:10
end_of_record
TN:
SF:controllers\Category.controller.js
FN:4,(anonymous_0)
FN:28,(anonymous_1)
FN:43,(anonymous_2)
FN:61,(anonymous_3)
FN:74,(anonymous_4)
FNF:5
FNH:5
FNDA:2,(anonymous_0)
FNDA:2,(anonymous_1)
FNDA:1,(anonymous_2)
FNDA:1,(anonymous_3)
FNDA:2,(anonymous_4)
DA:4,1
DA:5,2
DA:6,2
DA:7,2
DA:8,2
DA:9,1
DA:12,1
DA:13,1
DA:15,1
DA:21,0
DA:22,0
DA:23,0
DA:25,0
DA:28,1
DA:29,2
DA:30,2
DA:31,2
DA:32,2
DA:33,1
DA:35,2
DA:39,0
DA:40,0
DA:43,1
DA:44,1
DA:45,1
DA:46,1
DA:47,1
DA:51,1
DA:57,0
DA:58,0
DA:61,1
DA:62,1
DA:63,1
DA:64,1
DA:65,1
DA:70,0
DA:71,0
DA:74,1
DA:75,2
DA:76,2
DA:77,2
DA:81,0
DA:82,0
LF:43
LH:31
BRDA:8,0,0,1
BRDA:8,0,1,1
BRDA:22,1,0,0
BRDA:22,1,1,0
BRDA:22,2,0,0
BRDA:22,2,1,0
BRDA:22,2,2,0
BRDA:22,3,0,0
BRDA:22,3,1,0
BRDA:32,4,0,1
BRDA:32,4,1,1
BRF:11
BRH:4
end_of_record
TN:
SF:controllers\Comment.controller.js
FN:8,(anonymous_0)
FN:50,(anonymous_1)
FN:64,(anonymous_2)
FN:77,(anonymous_3)
FN:120,(anonymous_4)
FN:134,(anonymous_5)
FN:166,(anonymous_6)
FNF:7
FNH:3
FNDA:4,(anonymous_0)
FNDA:2,(anonymous_1)
FNDA:0,(anonymous_2)
FNDA:0,(anonymous_3)
FNDA:1,(anonymous_4)
FNDA:0,(anonymous_5)
FNDA:0,(anonymous_6)
DA:8,1
DA:9,4
DA:10,4
DA:12,4
DA:13,1
DA:16,3
DA:17,1
DA:20,2
DA:26,2
DA:29,2
DA:31,2
DA:32,2
DA:33,2
DA:35,0
DA:39,2
DA:46,0
DA:50,1
DA:51,2
DA:52,2
DA:53,2
DA:55,2
DA:59,0
DA:64,1
DA:65,0
DA:66,0
DA:67,0
DA:69,0
DA:73,0
DA:77,1
DA:78,0
DA:79,0
DA:81,0
DA:82,0
DA:96,0
DA:111,0
DA:115,0
DA:120,1
DA:121,1
DA:122,1
DA:123,1
DA:125,1
DA:130,0
DA:134,1
DA:135,0
DA:136,0
DA:137,0
DA:138,0
DA:140,0
DA:141,0
DA:144,0
DA:150,0
DA:151,0
DA:152,0
DA:158,0
DA:160,0
DA:161,0
DA:166,1
DA:167,0
DA:168,0
DA:169,0
DA:170,0
DA:172,0
DA:173,0
DA:175,0
DA:183,0
DA:184,0
DA:191,0
DA:193,0
DA:194,0
LF:69
LH:28
BRDA:12,0,0,1
BRDA:12,0,1,3
BRDA:12,1,0,4
BRDA:12,1,1,3
BRDA:16,2,0,1
BRDA:16,2,1,2
BRDA:31,3,0,2
BRDA:31,3,1,0
BRDA:81,4,0,0
BRDA:81,4,1,0
BRDA:140,5,0,0
BRDA:140,5,1,0
BRDA:151,6,0,0
BRDA:151,6,1,0
BRDA:151,7,0,0
BRDA:151,7,1,0
BRDA:173,8,0,0
BRDA:173,8,1,0
BRDA:183,9,0,0
BRDA:183,9,1,0
BRF:20
BRH:7
end_of_record
TN:
SF:controllers\User.controller.js
FN:10,(anonymous_0)
FN:28,(anonymous_1)
FN:50,(anonymous_2)
FN:72,(anonymous_3)
FN:87,(anonymous_4)
FN:104,(anonymous_5)
FN:164,(anonymous_6)
FN:181,(anonymous_7)
FN:199,(anonymous_8)
FN:231,(anonymous_9)
FN:234,(anonymous_10)
FN:254,(anonymous_11)
FN:271,(anonymous_12)
FN:278,(anonymous_13)
FN:296,(anonymous_14)
FN:298,(anonymous_15)
FN:305,(anonymous_16)
FN:316,(anonymous_17)
FN:324,(anonymous_18)
FN:334,(anonymous_19)
FN:370,(anonymous_20)
FNF:21
FNH:12
FNDA:3,(anonymous_0)
FNDA:0,(anonymous_1)
FNDA:0,(anonymous_2)
FNDA:4,(anonymous_3)
FNDA:2,(anonymous_4)
FNDA:4,(anonymous_5)
FNDA:1,(anonymous_6)
FNDA:372,(anonymous_7)
FNDA:3,(anonymous_8)
FNDA:1,(anonymous_9)
FNDA:1,(anonymous_10)
FNDA:0,(anonymous_11)
FNDA:1,(anonymous_12)
FNDA:0,(anonymous_13)
FNDA:0,(anonymous_14)
FNDA:0,(anonymous_15)
FNDA:1,(anonymous_16)
FNDA:0,(anonymous_17)
FNDA:0,(anonymous_18)
FNDA:0,(anonymous_19)
FNDA:6,(anonymous_20)
DA:10,1
DA:11,3
DA:12,3
DA:13,3
DA:14,2
DA:15,1
DA:17,2
DA:23,1
DA:28,1
DA:29,0
DA:30,0
DA:31,0
DA:33,0
DA:34,0
DA:35,0
DA:36,0
DA:38,0
DA:39,0
DA:40,0
DA:43,0
DA:45,0
DA:51,0
DA:54,0
DA:57,0
DA:59,0
DA:60,0
DA:61,0
DA:67,0
DA:72,1
DA:73,4
DA:74,4
DA:75,2
DA:78,2
DA:79,2
DA:84,0
DA:87,1
DA:88,2
DA:89,2
DA:90,1
DA:93,1
DA:94,1
DA:95,1
DA:100,0
DA:104,1
DA:105,4
DA:106,4
DA:108,4
DA:109,1
DA:112,3
DA:113,1
DA:116,2
DA:117,2
DA:121,2
DA:123,2
DA:124,2
DA:126,2
DA:127,2
DA:128,2
DA:130,2
DA:164,2
DA:165,1
DA:166,1
DA:169,2
DA:170,2
DA:172,2
DA:173,372
DA:174,372
DA:178,372
DA:181,372
DA:183,2
DA:195,0
DA:199,1
DA:200,3
DA:201,3
DA:203,3
DA:204,0
DA:207,3
DA:208,0
DA:211,3
DA:213,3
DA:226,3
DA:227,1
DA:230,2
DA:231,2
DA:232,2
DA:234,2
DA:236,2
DA:237,2
DA:239,2
DA:240,1
DA:254,1
DA:255,0
DA:256,0
DA:258,0
DA:259,0
DA:260,0
DA:264,2
DA:269,2
DA:271,2
DA:272,1
DA:273,1
DA:274,1
DA:278,0
DA:279,0
DA:280,0
DA:281,0
DA:284,0
DA:290,0
DA:291,0
DA:295,2
DA:296,0
DA:298,0
DA:305,2
DA:306,1
DA:308,1
DA:316,0
DA:324,2
DA:326,2
DA:334,0
DA:340,2
DA:366,0
DA:370,1
DA:371,6
DA:372,6
DA:373,0
DA:376,6
DA:377,6
DA:379,6
DA:380,1
DA:383,5
DA:384,1
DA:387,4
DA:389,4
DA:390,1
DA:393,3
DA:394,1
DA:397,2
DA:398,2
DA:400,2
DA:401,2
DA:403,2
DA:409,0
LF:142
LH:99
BRDA:14,0,0,1
BRDA:14,0,1,1
BRDA:38,1,0,0
BRDA:38,1,1,0
BRDA:38,2,0,0
BRDA:38,2,1,0
BRDA:43,3,0,0
BRDA:43,3,1,0
BRDA:74,4,0,2
BRDA:74,4,1,2
BRDA:74,5,0,4
BRDA:74,5,1,3
BRDA:89,6,0,1
BRDA:89,6,1,1
BRDA:89,7,0,2
BRDA:89,7,1,2
BRDA:108,8,0,1
BRDA:108,8,1,3
BRDA:112,9,0,1
BRDA:112,9,1,2
BRDA:117,10,0,1
BRDA:117,10,1,1
BRDA:117,11,0,2
BRDA:117,11,1,1
BRDA:176,12,0,372
BRDA:176,12,1,371
BRDA:203,13,0,0
BRDA:203,13,1,3
BRDA:207,14,0,0
BRDA:207,14,1,3
BRDA:226,15,0,1
BRDA:226,15,1,2
BRDA:231,16,0,1
BRDA:231,16,1,0
BRDA:232,17,0,1
BRDA:232,17,1,1
BRDA:239,18,0,1
BRDA:239,18,1,1
BRDA:255,19,0,0
BRDA:255,19,1,0
BRDA:259,20,0,0
BRDA:259,20,1,0
BRDA:260,21,0,0
BRDA:260,21,1,0
BRDA:273,22,0,1
BRDA:273,22,1,0
BRDA:273,23,0,1
BRDA:273,23,1,1
BRDA:273,23,2,1
BRDA:279,24,0,0
BRDA:279,24,1,0
BRDA:280,25,0,0
BRDA:280,25,1,0
BRDA:284,26,0,0
BRDA:284,26,1,0
BRDA:285,27,0,0
BRDA:285,27,1,0
BRDA:286,28,0,0
BRDA:286,28,1,0
BRDA:302,29,0,0
BRDA:302,29,1,0
BRDA:306,30,0,1
BRDA:306,30,1,0
BRDA:313,31,0,1
BRDA:313,31,1,0
BRDA:314,32,0,1
BRDA:314,32,1,1
BRDA:315,33,0,1
BRDA:315,33,1,0
BRDA:316,34,0,1
BRDA:316,34,1,0
BRDA:320,35,0,1
BRDA:320,35,1,1
BRDA:324,36,0,0
BRDA:324,36,1,0
BRDA:324,37,0,0
BRDA:324,37,1,0
BRDA:326,38,0,1
BRDA:326,38,1,1
BRDA:330,39,0,1
BRDA:330,39,1,0
BRDA:331,40,0,1
BRDA:331,40,1,1
BRDA:333,41,0,1
BRDA:333,41,1,0
BRDA:334,42,0,1
BRDA:334,42,1,0
BRDA:372,43,0,0
BRDA:372,43,1,6
BRDA:372,44,0,6
BRDA:372,44,1,6
BRDA:379,45,0,1
BRDA:379,45,1,5
BRDA:383,46,0,1
BRDA:383,46,1,4
BRDA:389,47,0,1
BRDA:389,47,1,3
BRDA:393,48,0,1
BRDA:393,48,1,2
BRDA:393,49,0,3
BRDA:393,49,1,1
BRDA:405,50,0,1
BRDA:405,50,1,1
BRF:103
BRH:63
end_of_record
TN:
SF:controllers\blog.controller.js
FN:13,(anonymous_0)
FN:16,(anonymous_1)
FN:18,(anonymous_2)
FN:25,(anonymous_3)
FN:36,(anonymous_4)
FN:85,(anonymous_5)
FN:99,(anonymous_6)
FN:132,(anonymous_7)
FN:153,(anonymous_8)
FN:165,(anonymous_9)
FN:182,(anonymous_10)
FN:194,(anonymous_11)
FN:203,(anonymous_12)
FN:225,(anonymous_13)
FN:239,(anonymous_14)
FN:248,(anonymous_15)
FN:252,(anonymous_16)
FN:271,(anonymous_17)
FN:290,(anonymous_18)
FN:326,(anonymous_19)
FN:412,(anonymous_20)
FN:420,(anonymous_21)
FN:448,(anonymous_22)
FN:496,(anonymous_23)
FN:570,(anonymous_24)
FN:630,(anonymous_25)
FN:685,(anonymous_26)
FN:728,(anonymous_27)
FNF:28
FNH:0
FNDA:0,(anonymous_0)
FNDA:0,(anonymous_1)
FNDA:0,(anonymous_2)
FNDA:0,(anonymous_3)
FNDA:0,(anonymous_4)
FNDA:0,(anonymous_5)
FNDA:0,(anonymous_6)
FNDA:0,(anonymous_7)
FNDA:0,(anonymous_8)
FNDA:0,(anonymous_9)
FNDA:0,(anonymous_10)
FNDA:0,(anonymous_11)
FNDA:0,(anonymous_12)
FNDA:0,(anonymous_13)
FNDA:0,(anonymous_14)
FNDA:0,(anonymous_15)
FNDA:0,(anonymous_16)
FNDA:0,(anonymous_17)
FNDA:0,(anonymous_18)
FNDA:0,(anonymous_19)
FNDA:0,(anonymous_20)
FNDA:0,(anonymous_21)
FNDA:0,(anonymous_22)
FNDA:0,(anonymous_23)
FNDA:0,(anonymous_24)
FNDA:0,(anonymous_25)
FNDA:0,(anonymous_26)
FNDA:0,(anonymous_27)
DA:13,0
DA:14,0
DA:16,0
DA:18,0
DA:25,0
DA:26,0
DA:27,0
DA:28,0
DA:29,0
DA:31,0
DA:37,0
DA:40,0
DA:43,0
DA:49,0
DA:51,0
DA:52,0
DA:55,0
DA:67,0
DA:70,0
DA:71,0
DA:73,0
DA:76,0
DA:82,0
DA:85,0
DA:86,0
DA:87,0
DA:88,0
DA:89,0
DA:90,0
DA:92,0
DA:96,0
DA:99,0
DA:100,0
DA:101,0
DA:102,0
DA:104,0
DA:106,0
DA:112,0
DA:114,0
DA:115,0
DA:118,0
DA:119,0
DA:120,0
DA:121,0
DA:123,0
DA:125,0
DA:127,0
DA:133,0
DA:136,0
DA:139,0
DA:141,0
DA:144,0
DA:150,0
DA:153,0
DA:154,0
DA:155,0
DA:156,0
DA:157,0
DA:162,0
DA:165,0
DA:166,0
DA:167,0
DA:169,0
DA:170,0
DA:172,0
DA:174,0
DA:178,0
DA:182,0
DA:183,0
DA:184,0
DA:185,0
DA:186,0
DA:190,0
DA:194,0
DA:195,0
DA:203,0
DA:204,0
DA:205,0
DA:207,0
DA:208,0
DA:209,0
DA:211,0
DA:212,0
DA:217,0
DA:221,0
DA:225,0
DA:226,0
DA:227,0
DA:228,0
DA:231,0
DA:232,0
DA:234,0
DA:235,0
DA:236,0
DA:237,0
DA:238,0
DA:239,0
DA:246,0
DA:248,0
DA:252,0
DA:253,0
DA:254,0
DA:256,0
DA:263,0
DA:267,0
DA:271,0
DA:272,0
DA:273,0
DA:275,0
DA:276,0
DA:277,0
DA:279,0
DA:280,0
DA:281,0
DA:286,0
DA:290,0
DA:291,0
DA:292,0
DA:293,0
DA:296,0
DA:297,0
DA:298,0
DA:301,0
DA:302,0
DA:303,0
DA:305,0
DA:306,0
DA:309,0
DA:311,0
DA:312,0
DA:315,0
DA:317,0
DA:318,0
DA:321,0
DA:325,0
DA:326,0
DA:329,0
DA:353,0
DA:354,0
DA:366,0
DA:369,0
DA:370,0
DA:371,0
DA:378,0
DA:380,0
DA:390,0
DA:391,0
DA:392,0
DA:395,0
DA:399,0
DA:400,0
DA:401,0
DA:402,0
DA:408,0
DA:411,0
DA:412,0
DA:413,0
DA:414,0
DA:417,0
DA:418,0
DA:420,0
DA:421,0
DA:422,0
DA:423,0
DA:425,0
DA:426,0
DA:427,0
DA:429,0
DA:430,0
DA:431,0
DA:433,0
DA:434,0
DA:437,0
DA:444,0
DA:448,0
DA:449,0
DA:450,0
DA:451,0
DA:454,0
DA:455,0
DA:456,0
DA:458,0
DA:459,0
DA:462,0
DA:463,0
DA:466,0
DA:468,0
DA:469,0
DA:472,0
DA:473,0
DA:476,0
DA:478,0
DA:479,0
DA:487,0
DA:489,0
DA:491,0
DA:492,0
DA:493,0
DA:496,0
DA:497,0
DA:500,0
DA:501,0
DA:502,0
DA:511,0
DA:515,0
DA:516,0
DA:519,0
DA:521,0
DA:522,0
DA:523,0
DA:524,0
DA:526,0
DA:529,0
DA:531,0
DA:532,0
DA:535,0
DA:539,0
DA:543,0
DA:549,0
DA:568,0
DA:570,0
DA:571,0
DA:578,0
DA:580,0
DA:585,0
DA:592,0
DA:607,0
DA:608,0
DA:609,0
DA:610,0
DA:612,0
DA:616,0
DA:617,0
DA:618,0
DA:619,0
DA:625,0
DA:630,0
DA:635,0
DA:636,0
DA:637,0
DA:638,0
DA:640,0
DA:641,0
DA:642,0
DA:643,0
DA:644,0
DA:648,0
DA:649,0
DA:652,0
DA:653,0
DA:654,0
DA:656,0
DA:659,0
DA:661,0
DA:663,0
DA:672,0
DA:673,0
DA:675,0
DA:682,0
DA:685,0
DA:686,0
DA:687,0
DA:688,0
DA:690,0
DA:691,0
DA:697,0
DA:699,0
DA:710,0
DA:719,0
DA:724,0
DA:728,0
DA:729,0
DA:730,0
DA:731,0
DA:732,0
DA:736,0
LF:276
LH:0
BRDA:13,0,0,0
BRDA:16,1,0,0
BRDA:18,2,0,0
BRDA:29,3,0,0
BRDA:29,3,1,0
BRDA:43,4,0,0
BRDA:43,4,1,0
BRDA:45,5,0,0
BRDA:45,5,1,0
BRDA:51,6,0,0
BRDA:51,6,1,0
BRDA:57,7,0,0
BRDA:57,7,1,0
BRDA:89,8,0,0
BRDA:89,8,1,0
BRDA:106,9,0,0
BRDA:106,9,1,0
BRDA:108,10,0,0
BRDA:108,10,1,0
BRDA:114,11,0,0
BRDA:114,11,1,0
BRDA:125,12,0,0
BRDA:125,12,1,0
BRDA:169,13,0,0
BRDA:169,13,1,0
BRDA:194,14,0,0
BRDA:208,15,0,0
BRDA:208,15,1,0
BRDA:225,16,0,0
BRDA:227,17,0,0
BRDA:227,17,1,0
BRDA:234,18,0,0
BRDA:234,18,1,0
BRDA:234,19,0,0
BRDA:234,19,1,0
BRDA:234,19,2,0
BRDA:238,20,0,0
BRDA:238,20,1,0
BRDA:276,21,0,0
BRDA:276,21,1,0
BRDA:292,22,0,0
BRDA:292,22,1,0
BRDA:297,23,0,0
BRDA:297,23,1,0
BRDA:301,24,0,0
BRDA:301,24,1,0
BRDA:302,25,0,0
BRDA:302,25,1,0
BRDA:303,26,0,0
BRDA:303,26,1,0
BRDA:305,27,0,0
BRDA:305,27,1,0
BRDA:311,28,0,0
BRDA:311,28,1,0
BRDA:317,29,0,0
BRDA:317,29,1,0
BRDA:321,30,0,0
BRDA:321,30,1,0
BRDA:353,31,0,0
BRDA:353,31,1,0
BRDA:386,32,0,0
BRDA:386,32,1,0
BRDA:390,33,0,0
BRDA:390,33,1,0
BRDA:391,34,0,0
BRDA:391,34,1,0
BRDA:399,35,0,0
BRDA:399,35,1,0
BRDA:400,36,0,0
BRDA:400,36,1,0
BRDA:401,37,0,0
BRDA:401,37,1,0
BRDA:422,38,0,0
BRDA:422,38,1,0
BRDA:426,39,0,0
BRDA:426,39,1,0
BRDA:430,40,0,0
BRDA:430,40,1,0
BRDA:444,41,0,0
BRDA:444,41,1,0
BRDA:450,42,0,0
BRDA:450,42,1,0
BRDA:455,43,0,0
BRDA:455,43,1,0
BRDA:458,44,0,0
BRDA:458,44,1,0
BRDA:462,45,0,0
BRDA:462,45,1,0
BRDA:468,46,0,0
BRDA:468,46,1,0
BRDA:472,47,0,0
BRDA:472,47,1,0
BRDA:476,48,0,0
BRDA:476,48,1,0
BRDA:478,49,0,0
BRDA:478,49,1,0
BRDA:478,50,0,0
BRDA:478,50,1,0
BRDA:491,51,0,0
BRDA:491,51,1,0
BRDA:492,52,0,0
BRDA:492,52,1,0
BRDA:497,53,0,0
BRDA:497,53,1,0
BRDA:500,54,0,0
BRDA:500,54,1,0
BRDA:501,55,0,0
BRDA:501,55,1,0
BRDA:515,56,0,0
BRDA:515,56,1,0
BRDA:515,57,0,0
BRDA:515,57,1,0
BRDA:521,58,0,0
BRDA:521,58,1,0
BRDA:523,59,0,0
BRDA:523,59,1,0
BRDA:531,60,0,0
BRDA:531,60,1,0
BRDA:535,61,0,0
BRDA:535,61,1,0
BRDA:568,62,0,0
BRDA:568,62,1,0
BRDA:616,63,0,0
BRDA:616,63,1,0
BRDA:617,64,0,0
BRDA:617,64,1,0
BRDA:618,65,0,0
BRDA:618,65,1,0
BRDA:642,66,0,0
BRDA:642,66,1,0
BRDA:648,67,0,0
BRDA:648,67,1,0
BRDA:652,68,0,0
BRDA:652,68,1,0
BRDA:653,69,0,0
BRDA:653,69,1,0
BRDA:661,70,0,0
BRDA:661,70,1,0
BRDA:682,71,0,0
BRDA:682,71,1,0
BRDA:687,72,0,0
BRDA:687,72,1,0
BRDA:690,73,0,0
BRDA:690,73,1,0
BRF:144
BRH:0
end_of_record
TN:
SF:controllers\follow.controller.js
FN:7,(anonymous_0)
FN:56,(anonymous_1)
FN:80,(anonymous_2)
FN:92,(anonymous_3)
FN:100,(anonymous_4)
FN:112,(anonymous_5)
FN:120,(anonymous_6)
FN:139,(anonymous_7)
FNF:8
FNH:4
FNDA:3,(anonymous_0)
FNDA:1,(anonymous_1)
FNDA:1,(anonymous_2)
FNDA:0,(anonymous_3)
FNDA:1,(anonymous_4)
FNDA:0,(anonymous_5)
FNDA:0,(anonymous_6)
FNDA:0,(anonymous_7)
DA:7,1
DA:8,3
DA:9,3
DA:10,3
DA:12,3
DA:13,0
DA:17,3
DA:18,1
DA:22,2
DA:23,2
DA:24,0
DA:28,2
DA:33,2
DA:35,1
DA:36,1
DA:40,1
DA:43,1
DA:44,1
DA:47,0
DA:50,1
DA:52,0
DA:56,1
DA:57,1
DA:58,1
DA:59,1
DA:62,1
DA:67,1
DA:68,0
DA:71,1
DA:76,0
DA:80,1
DA:81,1
DA:82,1
DA:84,1
DA:90,1
DA:92,0
DA:96,0
DA:100,1
DA:101,1
DA:102,1
DA:104,1
DA:110,1
DA:112,0
DA:116,0
DA:120,1
DA:121,0
DA:122,0
DA:123,0
DA:125,0
DA:130,0
DA:135,0
DA:139,1
DA:140,0
DA:141,0
DA:143,0
DA:144,0
DA:146,0
DA:152,0
LF:58
LH:36
BRDA:12,0,0,0
BRDA:12,0,1,3
BRDA:17,1,0,1
BRDA:17,1,1,2
BRDA:23,2,0,0
BRDA:23,2,1,2
BRDA:33,3,0,1
BRDA:33,3,1,1
BRDA:67,4,0,0
BRDA:67,4,1,1
BRF:10
BRH:7
end_of_record
TN:
SF:controllers\notification.controller.js
FN:3,(anonymous_0)
FN:14,(anonymous_1)
FN:26,(anonymous_2)
FN:38,(anonymous_3)
FNF:4
FNH:4
FNDA:2,(anonymous_0)
FNDA:2,(anonymous_1)
FNDA:2,(anonymous_2)
FNDA:2,(anonymous_3)
DA:3,1
DA:4,2
DA:5,2
DA:8,1
DA:10,1
DA:14,1
DA:15,2
DA:16,2
DA:20,1
DA:22,1
DA:26,1
DA:27,2
DA:28,2
DA:32,1
DA:34,1
DA:38,1
DA:39,2
DA:40,2
DA:41,1
DA:43,1
LF:20
LH:20
BRF:0
BRH:0
end_of_record
TN:
SF:controllers\save.controller.js
FN:6,(anonymous_0)
FN:9,(anonymous_1)
FN:30,(anonymous_2)
FN:57,(anonymous_3)
FN:87,(anonymous_4)
FN:103,(anonymous_5)
FNF:6
FNH:6
FNDA:12,(anonymous_0)
FNDA:7,(anonymous_1)
FNDA:1,(anonymous_2)
FNDA:5,(anonymous_3)
FNDA:6,(anonymous_4)
FNDA:2,(anonymous_5)
DA:6,1
DA:7,12
DA:9,1
DA:10,7
DA:11,7
DA:13,7
DA:14,1
DA:17,6
DA:18,6
DA:19,1
DA:22,5
DA:23,4
DA:24,1
DA:27,3
DA:29,3
DA:30,1
DA:33,3
DA:34,3
DA:36,3
DA:37,1
DA:38,1
DA:39,1
DA:41,2
DA:44,3
DA:46,3
DA:53,1
DA:57,1
DA:58,5
DA:59,5
DA:70,4
DA:71,1
DA:74,3
DA:76,3
DA:78,3
DA:83,1
DA:87,1
DA:88,6
DA:89,6
DA:91,6
DA:92,1
DA:95,5
DA:96,4
DA:97,1
DA:100,3
DA:102,3
DA:103,2
DA:106,3
DA:111,1
LF:48
LH:48
BRDA:7,0,0,8
BRDA:7,0,1,4
BRDA:13,1,0,1
BRDA:13,1,1,6
BRDA:18,2,0,1
BRDA:18,2,1,5
BRDA:23,3,0,1
BRDA:23,3,1,3
BRDA:36,4,0,1
BRDA:36,4,1,2
BRDA:70,5,0,1
BRDA:70,5,1,3
BRDA:91,6,0,1
BRDA:91,6,1,5
BRDA:96,7,0,1
BRDA:96,7,1,3
BRF:16
BRH:16
end_of_record
TN:
SF:controllers\view.controller.js
FN:5,(anonymous_0)
FN:40,(anonymous_1)
FN:64,(anonymous_2)
FNF:3
FNH:2
FNDA:2,(anonymous_0)
FNDA:0,(anonymous_1)
FNDA:1,(anonymous_2)
DA:5,1
DA:6,2
DA:7,2
DA:8,2
DA:10,2
DA:11,2
DA:12,0
DA:15,2
DA:16,2
DA:18,2
DA:24,2
DA:25,0
DA:32,2
DA:38,2
DA:40,0
DA:41,0
DA:44,2
DA:51,0
DA:52,0
DA:53,0
DA:54,0
DA:60,0
DA:64,1
DA:65,1
DA:66,1
DA:67,1
DA:69,1
DA:70,1
DA:72,1
DA:74,0
LF:30
LH:20
BRDA:8,0,0,0
BRDA:8,0,1,2
BRDA:11,1,0,0
BRDA:11,1,1,2
BRDA:16,2,0,0
BRDA:16,2,1,2
BRDA:24,3,0,0
BRDA:24,3,1,2
BRDA:27,4,0,0
BRDA:27,4,1,0
BRDA:38,5,0,0
BRDA:38,5,1,2
BRDA:46,6,0,2
BRDA:46,6,1,0
BRDA:51,7,0,0
BRDA:51,7,1,0
BRDA:52,8,0,0
BRDA:52,8,1,0
BRDA:56,9,0,0
BRDA:56,9,1,0
BRDA:67,10,0,0
BRDA:67,10,1,1
BRDA:70,11,0,0
BRDA:70,11,1,1
BRDA:72,12,0,1
BRDA:72,12,1,1
BRF:26
BRH:10
end_of_record
TN:
SF:helpers\handleError.js
FN:1,(anonymous_0)
FNF:1
FNH:1
FNDA:26,(anonymous_0)
DA:1,6
DA:2,26
DA:3,26
DA:4,26
DA:5,26
LF:5
LH:5
BRF:0
BRH:0
end_of_record
TN:
SF:middleware\authenticate.js
FN:5,(anonymous_0)
FNF:1
FNH:0
FNDA:0,(anonymous_0)
DA:5,0
DA:6,0
DA:7,0
DA:8,0
DA:9,0
DA:12,0
DA:13,0
DA:15,0
DA:16,0
DA:19,0
DA:20,0
DA:23,0
DA:31,0
DA:33,0
DA:34,0
DA:36,0
LF:16
LH:0
BRDA:8,0,0,0
BRDA:8,0,1,0
BRDA:15,1,0,0
BRDA:15,1,1,0
BRDA:19,2,0,0
BRDA:19,2,1,0
BRDA:33,3,0,0
BRDA:33,3,1,0
BRDA:33,4,0,0
BRDA:33,4,1,0
BRF:10
BRH:0
end_of_record
TN:
SF:models\OtpCode.model.js
FNF:0
FNH:0
DA:3,1
DA:20,1
DA:22,1
LF:3
LH:3
BRF:0
BRH:0
end_of_record
TN:
SF:models\blog.model.js
FNF:0
FNH:0
DA:3,4
DA:64,4
LF:2
LH:2
BRF:0
BRH:0
end_of_record
TN:
SF:models\bloglike.model.js
FNF:0
FNH:0
DA:3,2
DA:16,2
LF:2
LH:2
BRF:0
BRH:0
end_of_record
TN:
SF:models\category.model.js
FNF:0
FNH:0
DA:3,5
DA:17,5
LF:2
LH:2
BRF:0
BRH:0
end_of_record
TN:
SF:models\comment.model.js
FNF:0
FNH:0
DA:3,1
DA:21,1
LF:2
LH:2
BRF:0
BRH:0
end_of_record
TN:
SF:models\follow.model.js
FNF:0
FNH:0
DA:3,3
DA:17,3
DA:19,3
LF:3
LH:3
BRF:0
BRH:0
end_of_record
TN:
SF:models\notification.model.js
FNF:0
FNH:0
DA:3,3
DA:17,3
LF:2
LH:2
BRF:0
BRH:0
end_of_record
TN:
SF:models\user.model.js
FNF:0
FNH:0
DA:3,6
DA:47,6
LF:2
LH:2
BRF:0
BRH:0
end_of_record
TN:
SF:models\view.model.js
FNF:0
FNH:0
DA:3,1
DA:20,1
DA:22,1
LF:3
LH:3
BRF:0
BRH:0
end_of_record
TN:
SF:routes\Auth.route.js
FNF:0
FNH:0
DA:6,0
DA:8,0
DA:9,0
DA:10,0
DA:11,0
DA:13,0
DA:14,0
LF:7
LH:0
BRF:0
BRH:0
end_of_record
TN:
SF:routes\Blog.route.js
FNF:0
FNH:0
DA:6,0
DA:8,0
DA:9,0
DA:10,0
DA:11,0
DA:12,0
DA:13,0
DA:15,0
DA:16,0
DA:17,0
DA:18,0
DA:19,0
DA:20,0
DA:22,0
LF:14
LH:0
BRF:0
BRH:0
end_of_record
TN:
SF:routes\Bloglike.route.js
FNF:0
FNH:0
DA:5,0
DA:7,0
DA:8,0
DA:9,0
LF:4
LH:0
BRF:0
BRH:0
end_of_record
TN:
SF:routes\Category.route.js
FNF:0
FNH:0
DA:4,0
DA:6,0
DA:7,0
DA:8,0
DA:9,0
DA:10,0
LF:6
LH:0
BRF:0
BRH:0
end_of_record
TN:
SF:routes\Comment.route.js
FNF:0
FNH:0
DA:5,0
DA:7,0
DA:8,0
DA:9,0
DA:10,0
DA:11,0
LF:6
LH:0
BRF:0
BRH:0
end_of_record
TN:
SF:routes\User.route.js
FNF:0
FNH:0
DA:6,0
DA:8,0
DA:10,0
DA:11,0
DA:12,0
DA:13,0
DA:14,0
DA:15,0
DA:16,0
LF:9
LH:0
BRF:0
BRH:0
end_of_record
TN:
SF:routes\follow.route.js
FNF:0
FNH:0
DA:5,0
DA:7,0
DA:9,0
DA:10,0
DA:11,0
DA:12,0
DA:13,0
DA:14,0
LF:8
LH:0
BRF:0
BRH:0
end_of_record
TN:
SF:routes\notification.route.js
FNF:0
FNH:0
DA:10,0
DA:12,0
DA:13,0
DA:14,0
DA:15,0
LF:5
LH:0
BRF:0
BRH:0
end_of_record
TN:
SF:routes\save.route.js
FNF:0
FNH:0
DA:5,0
DA:7,0
DA:8,0
DA:9,0
LF:4
LH:0
BRF:0
BRH:0
end_of_record
TN:
SF:routes\view.route.js
FNF:0
FNH:0
DA:5,0
DA:7,0
DA:8,0
LF:3
LH:0
BRF:0
BRH:0
end_of_record
TN:
SF:utils\EmailTemplate.js
FNF:0
FNH:0
DA:1,1
LF:1
LH:1
BRF:0
BRH:0
end_of_record
TN:
SF:utils\Otp.js
FN:6,(anonymous_0)
FN:8,(anonymous_1)
FN:12,(anonymous_2)
FN:48,(anonymous_3)
FN:55,(anonymous_4)
FN:91,(anonymous_5)
FNF:6
FNH:0
FNDA:0,(anonymous_0)
FNDA:0,(anonymous_1)
FNDA:0,(anonymous_2)
FNDA:0,(anonymous_3)
FNDA:0,(anonymous_4)
FNDA:0,(anonymous_5)
DA:3,1
DA:4,1
DA:6,1
DA:8,1
DA:9,0
DA:12,1
DA:13,0
DA:14,0
DA:17,0
DA:18,0
DA:21,0
DA:22,0
DA:23,0
DA:25,0
DA:27,0
DA:28,0
DA:31,0
DA:32,0
DA:33,0
DA:34,0
DA:35,0
DA:36,0
DA:37,0
DA:39,0
DA:41,0
DA:42,0
DA:45,0
DA:48,1
DA:49,0
DA:50,0
DA:51,0
DA:52,0
DA:55,1
DA:56,0
DA:57,0
DA:59,0
DA:60,0
DA:61,0
DA:62,0
DA:65,0
DA:66,0
DA:67,0
DA:68,0
DA:69,0
DA:70,0
DA:71,0
DA:74,0
DA:75,0
DA:76,0
DA:77,0
DA:78,0
DA:79,0
DA:80,0
DA:82,0
DA:84,0
DA:85,0
DA:88,0
DA:91,1
DA:92,0
DA:93,0
DA:94,0
DA:95,0
DA:96,0
DA:99,0
DA:100,0
DA:101,0
DA:102,0
DA:103,0
DA:106,0
DA:107,0
DA:108,0
DA:109,0
DA:110,0
DA:111,0
DA:114,0
DA:116,0
DA:118,0
LF:77
LH:8
BRDA:3,0,0,1
BRDA:3,0,1,0
BRDA:4,1,0,1
BRDA:4,1,1,0
BRDA:13,2,0,0
BRDA:13,2,1,0
BRDA:17,3,0,0
BRDA:17,3,1,0
BRDA:27,4,0,0
BRDA:27,4,1,0
BRDA:41,5,0,0
BRDA:41,5,1,0
BRDA:49,6,0,0
BRDA:49,6,1,0
BRDA:59,7,0,0
BRDA:59,7,1,0
BRDA:65,8,0,0
BRDA:65,8,1,0
BRDA:80,9,0,0
BRDA:80,9,1,0
BRDA:84,10,0,0
BRDA:84,10,1,0
BRDA:93,11,0,0
BRDA:93,11,1,0
BRDA:99,12,0,0
BRDA:99,12,1,0
BRDA:106,13,0,0
BRDA:106,13,1,0
BRDA:107,14,0,0
BRDA:107,14,1,0
BRF:30
BRH:2
end_of_record
TN:
SF:utils\createNotification.js
FN:5,initNotificationIO
FN:9,createNotification
FNF:2
FNH:1
FNDA:0,initNotificationIO
FNDA:1,createNotification
DA:6,0
DA:10,1
DA:12,1
DA:14,0
DA:15,0
DA:17,0
DA:18,0
DA:20,0
DA:21,0
DA:23,1
DA:24,1
DA:26,0
DA:27,0
DA:29,0
DA:32,1
DA:41,1
DA:42,0
DA:45,1
LF:18
LH:7
BRDA:9,0,0,0
BRDA:12,1,0,0
BRDA:12,1,1,0
BRDA:12,1,2,0
BRDA:12,1,3,1
BRDA:12,1,4,0
BRDA:12,1,5,0
BRDA:41,2,0,0
BRDA:41,2,1,1
BRDA:41,3,0,1
BRDA:41,3,1,0
BRF:11
BRH:3
end_of_record
TN:
SF:utils\mailer.js
FN:13,(anonymous_0)
FNF:1
FNH:0
FNDA:0,(anonymous_0)
DA:2,1
DA:6,1
DA:13,1
DA:14,0
DA:21,0
LF:5
LH:3
BRDA:8,0,0,1
BRDA:8,0,1,0
BRF:2
BRH:1
end_of_record
TN:
SF:utils\notifyTriggers.js
FN:7,(anonymous_0)
FN:13,(anonymous_1)
FN:22,notifyLike
FN:40,notifyComment
FN:58,notifyReply
FN:73,notifyFollow
FN:85,notifyFollowersNewPost
FN:93,(anonymous_7)
FNF:8
FNH:3
FNDA:0,(anonymous_0)
FNDA:0,(anonymous_1)
FNDA:1,notifyLike
FNDA:2,notifyComment
FNDA:0,notifyReply
FNDA:1,notifyFollow
FNDA:0,notifyFollowersNewPost
FNDA:0,(anonymous_7)
DA:7,2
DA:8,0
DA:9,0
DA:12,0
DA:13,0
DA:15,0
DA:16,0
DA:19,0
DA:23,1
DA:27,1
DA:28,1
DA:30,0
DA:31,0
DA:41,2
DA:45,2
DA:46,2
DA:48,0
DA:49,0
DA:59,0
DA:60,0
DA:61,0
DA:64,0
DA:74,1
DA:75,1
DA:76,1
DA:86,0
DA:87,0
DA:90,0
DA:92,0
DA:93,0
DA:95,0
DA:96,0
LF:32
LH:10
BRDA:8,0,0,0
BRDA:8,0,1,0
BRDA:12,1,0,0
BRDA:12,1,1,0
BRDA:15,2,0,0
BRDA:15,2,1,0
BRDA:27,3,0,0
BRDA:27,3,1,1
BRDA:28,4,0,1
BRDA:28,4,1,0
BRDA:36,5,0,0
BRDA:36,5,1,0
BRDA:45,6,0,0
BRDA:45,6,1,2
BRDA:46,7,0,2
BRDA:46,7,1,0
BRDA:54,8,0,0
BRDA:54,8,1,0
BRDA:59,9,0,0
BRDA:59,9,1,0
BRDA:69,10,0,0
BRDA:69,10,1,0
BRDA:74,11,0,0
BRDA:74,11,1,1
BRDA:81,12,0,1
BRDA:81,12,1,0
BRDA:90,13,0,0
BRDA:90,13,1,0
BRDA:90,14,0,0
BRDA:90,14,1,0
BRDA:101,15,0,0
BRDA:101,15,1,0
BRF:32
BRH:6
end_of_record
