TN:
SF:controllers\Auth.controller.js
FN:13,(anonymous_0)
FN:15,(anonymous_1)
FN:39,(anonymous_2)
FN:59,(anonymous_3)
FN:102,(anonymous_4)
FN:114,(anonymous_5)
FN:150,(anonymous_6)
FN:189,(anonymous_7)
FN:239,(anonymous_8)
FNF:9
FNH:9
FNDA:2,(anonymous_0)
FNDA:6,(anonymous_1)
FNDA:3,(anonymous_2)
FNDA:15,(anonymous_3)
FNDA:8,(anonymous_4)
FNDA:2,(anonymous_5)
FNDA:7,(anonymous_6)
FNDA:6,(anonymous_7)
FNDA:4,(anonymous_8)
DA:9,6
DA:10,6
DA:13,6
DA:15,6
DA:16,6
DA:17,6
DA:19,6
DA:20,1
DA:23,5
DA:25,5
DA:26,5
DA:27,1
DA:30,4
DA:32,4
DA:40,3
DA:44,3
DA:55,1
DA:59,6
DA:60,15
DA:61,15
DA:62,15
DA:63,1
DA:66,14
DA:68,14
DA:70,11
DA:71,1
DA:74,10
DA:75,9
DA:76,1
DA:79,8
DA:80,2
DA:83,6
DA:91,6
DA:93,6
DA:95,4
DA:96,3
DA:98,1
DA:102,6
DA:103,8
DA:104,8
DA:105,7
DA:106,1
DA:109,6
DA:111,6
DA:112,6
DA:115,2
DA:119,2
DA:121,2
DA:133,4
DA:134,2
DA:135,2
DA:137,2
DA:138,1
DA:140,1
DA:144,1
DA:150,6
DA:151,7
DA:152,7
DA:153,7
DA:154,6
DA:155,1
DA:157,5
DA:158,5
DA:159,1
DA:162,4
DA:169,4
DA:176,4
DA:177,4
DA:178,4
DA:185,1
DA:189,6
DA:190,6
DA:191,6
DA:192,6
DA:194,6
DA:195,5
DA:197,4
DA:198,4
DA:199,4
DA:206,4
DA:211,5
DA:219,5
DA:226,5
DA:227,5
DA:228,5
DA:235,1
DA:239,6
DA:240,4
DA:242,4
DA:249,3
DA:255,1
LF:91
LH:91
BRDA:9,0,0,6
BRDA:9,0,1,1
BRDA:10,1,0,6
BRDA:10,1,1,1
BRDA:19,2,0,1
BRDA:19,2,1,5
BRDA:19,3,0,6
BRDA:19,3,1,5
BRDA:19,3,2,5
BRDA:26,4,0,1
BRDA:26,4,1,4
BRDA:62,5,0,1
BRDA:62,5,1,14
BRDA:62,6,0,15
BRDA:62,6,1,15
BRDA:70,7,0,1
BRDA:70,7,1,10
BRDA:75,8,0,1
BRDA:75,8,1,8
BRDA:79,9,0,2
BRDA:79,9,1,6
BRDA:79,10,0,8
BRDA:79,10,1,7
BRDA:87,11,0,6
BRDA:87,11,1,2
BRDA:95,12,0,3
BRDA:95,12,1,1
BRDA:95,13,0,4
BRDA:95,13,1,3
BRDA:95,13,2,2
BRDA:105,14,0,1
BRDA:105,14,1,6
BRDA:133,15,0,2
BRDA:133,15,1,2
BRDA:134,16,0,2
BRDA:134,16,1,1
BRDA:137,17,0,1
BRDA:137,17,1,1
BRDA:154,18,0,1
BRDA:154,18,1,5
BRDA:158,19,0,1
BRDA:158,19,1,4
BRDA:172,20,0,1
BRDA:172,20,1,3
BRDA:195,21,0,4
BRDA:195,21,1,1
BRDA:222,22,0,1
BRDA:222,22,1,4
BRDA:245,23,0,1
BRDA:245,23,1,3
BRF:50
BRH:50
end_of_record
TN:
SF:controllers\BlogLike.controller.js
FN:7,(anonymous_0)
FN:46,(anonymous_1)
FN:69,(anonymous_2)
FNF:3
FNH:3
FNDA:7,(anonymous_0)
FNDA:9,(anonymous_1)
FNDA:6,(anonymous_2)
DA:7,2
DA:8,7
DA:9,7
DA:10,7
DA:11,7
DA:12,7
DA:14,7
DA:15,1
DA:18,6
DA:19,5
DA:21,5
DA:22,4
DA:23,4
DA:25,1
DA:28,5
DA:30,5
DA:31,4
DA:32,4
DA:34,1
DA:38,5
DA:43,1
DA:46,2
DA:47,9
DA:48,9
DA:49,9
DA:51,7
DA:52,7
DA:53,4
DA:54,4
DA:55,2
DA:60,7
DA:65,2
DA:69,2
DA:70,6
DA:71,6
DA:72,6
DA:74,6
DA:75,1
DA:78,5
DA:80,4
DA:81,1
DA:82,1
DA:85,3
DA:87,3
DA:88,3
DA:89,1
DA:95,3
DA:97,1
DA:98,1
LF:49
LH:49
BRDA:12,0,0,7
BRDA:12,0,1,2
BRDA:14,1,0,1
BRDA:14,1,1,6
BRDA:21,2,0,4
BRDA:21,2,1,1
BRDA:30,3,0,4
BRDA:30,3,1,1
BRDA:30,4,0,5
BRDA:30,4,1,4
BRDA:52,5,0,4
BRDA:52,5,1,3
BRDA:54,6,0,2
BRDA:54,6,1,2
BRDA:74,7,0,1
BRDA:74,7,1,5
BRDA:80,8,0,1
BRDA:80,8,1,3
BRDA:88,9,0,1
BRDA:88,9,1,2
BRDA:88,10,0,3
BRDA:88,10,1,3
BRF:22
BRH:22
end_of_record
TN:
SF:controllers\Category.controller.js
FN:4,(anonymous_0)
FN:28,(anonymous_1)
FN:43,(anonymous_2)
FN:61,(anonymous_3)
FN:74,(anonymous_4)
FNF:5
FNH:5
FNDA:5,(anonymous_0)
FNDA:3,(anonymous_1)
FNDA:2,(anonymous_2)
FNDA:2,(anonymous_3)
FNDA:4,(anonymous_4)
DA:4,2
DA:5,5
DA:6,5
DA:7,5
DA:8,5
DA:9,1
DA:12,4
DA:13,4
DA:15,1
DA:21,3
DA:22,3
DA:23,1
DA:25,2
DA:28,2
DA:29,3
DA:30,3
DA:31,3
DA:32,2
DA:33,1
DA:35,2
DA:39,1
DA:40,1
DA:43,2
DA:44,2
DA:45,2
DA:46,2
DA:47,2
DA:51,1
DA:57,1
DA:58,1
DA:61,2
DA:62,2
DA:63,2
DA:64,2
DA:65,1
DA:70,1
DA:71,1
DA:74,2
DA:75,4
DA:76,4
DA:77,3
DA:81,1
DA:82,1
LF:43
LH:43
BRDA:8,0,0,1
BRDA:8,0,1,4
BRDA:22,1,0,1
BRDA:22,1,1,2
BRDA:22,2,0,3
BRDA:22,2,1,3
BRDA:22,2,2,2
BRDA:22,3,0,2
BRDA:22,3,1,1
BRDA:32,4,0,1
BRDA:32,4,1,1
BRF:11
BRH:11
end_of_record
TN:
SF:controllers\Comment.controller.js
FN:8,(anonymous_0)
FN:49,(anonymous_1)
FN:63,(anonymous_2)
FN:76,(anonymous_3)
FN:119,(anonymous_4)
FN:133,(anonymous_5)
FN:165,(anonymous_6)
FNF:7
FNH:7
FNDA:7,(anonymous_0)
FNDA:3,(anonymous_1)
FNDA:3,(anonymous_2)
FNDA:3,(anonymous_3)
FNDA:2,(anonymous_4)
FNDA:5,(anonymous_5)
FNDA:5,(anonymous_6)
DA:8,2
DA:9,7
DA:10,7
DA:12,7
DA:13,1
DA:16,6
DA:17,1
DA:20,5
DA:26,5
DA:29,4
DA:32,4
DA:33,4
DA:35,2
DA:38,4
DA:45,1
DA:49,2
DA:50,3
DA:51,3
DA:52,3
DA:54,2
DA:58,1
DA:63,2
DA:64,3
DA:65,3
DA:66,3
DA:68,2
DA:72,1
DA:76,2
DA:77,3
DA:78,3
DA:80,3
DA:81,2
DA:95,1
DA:110,2
DA:114,1
DA:119,2
DA:120,2
DA:121,2
DA:122,2
DA:124,1
DA:129,1
DA:133,2
DA:134,5
DA:135,5
DA:136,5
DA:137,5
DA:139,5
DA:140,1
DA:143,4
DA:149,3
DA:150,3
DA:151,1
DA:157,3
DA:159,1
DA:160,1
DA:165,2
DA:166,5
DA:167,5
DA:168,5
DA:169,5
DA:171,5
DA:172,4
DA:174,3
DA:182,3
DA:183,2
DA:190,3
DA:192,1
DA:193,1
LF:68
LH:68
BRDA:12,0,0,1
BRDA:12,0,1,6
BRDA:12,1,0,7
BRDA:12,1,1,6
BRDA:16,2,0,1
BRDA:16,2,1,5
BRDA:80,3,0,2
BRDA:80,3,1,1
BRDA:139,4,0,1
BRDA:139,4,1,4
BRDA:150,5,0,1
BRDA:150,5,1,2
BRDA:150,6,0,3
BRDA:150,6,1,3
BRDA:172,7,0,1
BRDA:172,7,1,3
BRDA:182,8,0,2
BRDA:182,8,1,1
BRF:18
BRH:18
end_of_record
TN:
SF:controllers\User.controller.js
FN:10,(anonymous_0)
FN:28,(anonymous_1)
FN:50,(anonymous_2)
FN:72,(anonymous_3)
FN:87,(anonymous_4)
FN:104,(anonymous_5)
FN:164,(anonymous_6)
FN:181,(anonymous_7)
FN:199,(anonymous_8)
FN:231,(anonymous_9)
FN:234,(anonymous_10)
FN:254,(anonymous_11)
FN:271,(anonymous_12)
FN:278,(anonymous_13)
FN:296,(anonymous_14)
FN:298,(anonymous_15)
FN:305,(anonymous_16)
FN:316,(anonymous_17)
FN:324,(anonymous_18)
FN:334,(anonymous_19)
FN:370,(anonymous_20)
FNF:21
FNH:21
FNDA:3,(anonymous_0)
FNDA:6,(anonymous_1)
FNDA:1,(anonymous_2)
FNDA:5,(anonymous_3)
FNDA:3,(anonymous_4)
FNDA:8,(anonymous_5)
FNDA:1,(anonymous_6)
FNDA:1467,(anonymous_7)
FNDA:24,(anonymous_8)
FNDA:32,(anonymous_9)
FNDA:33,(anonymous_10)
FNDA:4,(anonymous_11)
FNDA:33,(anonymous_12)
FNDA:13,(anonymous_13)
FNDA:4,(anonymous_14)
FNDA:9,(anonymous_15)
FNDA:27,(anonymous_16)
FNDA:12,(anonymous_17)
FNDA:15,(anonymous_18)
FNDA:7,(anonymous_19)
FNDA:8,(anonymous_20)
DA:10,2
DA:11,3
DA:12,3
DA:13,3
DA:14,2
DA:15,1
DA:17,2
DA:23,1
DA:28,2
DA:29,6
DA:30,6
DA:31,6
DA:33,6
DA:34,5
DA:35,5
DA:36,5
DA:38,5
DA:39,1
DA:40,1
DA:43,5
DA:45,2
DA:51,1
DA:54,2
DA:57,4
DA:59,4
DA:60,4
DA:61,4
DA:67,2
DA:72,2
DA:73,5
DA:74,5
DA:75,2
DA:78,3
DA:79,2
DA:84,1
DA:87,2
DA:88,3
DA:89,3
DA:90,1
DA:93,2
DA:94,2
DA:95,1
DA:100,1
DA:104,2
DA:105,8
DA:106,8
DA:108,8
DA:109,1
DA:112,7
DA:113,1
DA:116,6
DA:117,6
DA:121,6
DA:123,6
DA:124,6
DA:126,6
DA:127,6
DA:128,6
DA:130,6
DA:164,5
DA:165,1
DA:166,1
DA:169,5
DA:170,5
DA:172,5
DA:173,1467
DA:174,1467
DA:178,1467
DA:181,1467
DA:183,5
DA:195,1
DA:199,2
DA:200,24
DA:201,24
DA:203,24
DA:204,1
DA:207,23
DA:208,1
DA:211,22
DA:213,22
DA:226,21
DA:227,1
DA:230,20
DA:231,32
DA:232,20
DA:234,33
DA:236,20
DA:237,20
DA:239,20
DA:240,17
DA:254,17
DA:255,4
DA:256,1
DA:258,3
DA:259,3
DA:260,3
DA:264,20
DA:269,20
DA:271,20
DA:272,33
DA:273,33
DA:274,22
DA:278,11
DA:279,13
DA:280,13
DA:281,2
DA:284,11
DA:290,11
DA:291,11
DA:295,20
DA:296,4
DA:298,9
DA:305,20
DA:306,27
DA:308,27
DA:316,12
DA:324,20
DA:326,20
DA:334,7
DA:340,20
DA:366,1
DA:370,2
DA:371,8
DA:372,8
DA:373,1
DA:376,7
DA:377,7
DA:379,7
DA:380,1
DA:383,6
DA:384,1
DA:387,5
DA:389,4
DA:390,1
DA:393,3
DA:394,1
DA:397,2
DA:398,2
DA:400,2
DA:401,2
DA:403,2
DA:409,1
LF:142
LH:142
BRDA:14,0,0,1
BRDA:14,0,1,1
BRDA:38,1,0,1
BRDA:38,1,1,4
BRDA:38,2,0,5
BRDA:38,2,1,2
BRDA:43,3,0,2
BRDA:43,3,1,3
BRDA:74,4,0,2
BRDA:74,4,1,3
BRDA:74,5,0,5
BRDA:74,5,1,4
BRDA:89,6,0,1
BRDA:89,6,1,2
BRDA:89,7,0,3
BRDA:89,7,1,3
BRDA:108,8,0,1
BRDA:108,8,1,7
BRDA:112,9,0,1
BRDA:112,9,1,6
BRDA:117,10,0,2
BRDA:117,10,1,4
BRDA:117,11,0,6
BRDA:117,11,1,3
BRDA:176,12,0,1467
BRDA:176,12,1,1466
BRDA:203,13,0,1
BRDA:203,13,1,23
BRDA:207,14,0,1
BRDA:207,14,1,22
BRDA:226,15,0,1
BRDA:226,15,1,20
BRDA:231,16,0,32
BRDA:231,16,1,26
BRDA:232,17,0,17
BRDA:232,17,1,3
BRDA:239,18,0,17
BRDA:239,18,1,3
BRDA:255,19,0,1
BRDA:255,19,1,3
BRDA:259,20,0,3
BRDA:259,20,1,1
BRDA:260,21,0,3
BRDA:260,21,1,1
BRDA:273,22,0,22
BRDA:273,22,1,11
BRDA:273,23,0,33
BRDA:273,23,1,31
BRDA:273,23,2,31
BRDA:279,24,0,13
BRDA:279,24,1,1
BRDA:280,25,0,2
BRDA:280,25,1,11
BRDA:284,26,0,11
BRDA:284,26,1,10
BRDA:285,27,0,10
BRDA:285,27,1,2
BRDA:286,28,0,10
BRDA:286,28,1,2
BRDA:302,29,0,8
BRDA:302,29,1,1
BRDA:306,30,0,27
BRDA:306,30,1,1
BRDA:313,31,0,27
BRDA:313,31,1,21
BRDA:314,32,0,27
BRDA:314,32,1,25
BRDA:315,33,0,27
BRDA:315,33,1,2
BRDA:316,34,0,25
BRDA:316,34,1,2
BRDA:320,35,0,27
BRDA:320,35,1,27
BRDA:324,36,0,15
BRDA:324,36,1,14
BRDA:324,37,0,15
BRDA:324,37,1,14
BRDA:326,38,0,17
BRDA:326,38,1,3
BRDA:330,39,0,17
BRDA:330,39,1,12
BRDA:331,40,0,17
BRDA:331,40,1,15
BRDA:333,41,0,17
BRDA:333,41,1,2
BRDA:334,42,0,15
BRDA:334,42,1,2
BRDA:372,43,0,1
BRDA:372,43,1,7
BRDA:372,44,0,8
BRDA:372,44,1,8
BRDA:379,45,0,1
BRDA:379,45,1,6
BRDA:383,46,0,1
BRDA:383,46,1,5
BRDA:389,47,0,1
BRDA:389,47,1,3
BRDA:393,48,0,1
BRDA:393,48,1,2
BRDA:393,49,0,3
BRDA:393,49,1,1
BRDA:405,50,0,1
BRDA:405,50,1,1
BRF:103
BRH:103
end_of_record
TN:
SF:controllers\blog.controller.js
FN:9,(anonymous_0)
FN:10,(anonymous_1)
FN:66,(anonymous_2)
FN:80,(anonymous_3)
FN:132,(anonymous_4)
FN:144,(anonymous_5)
FN:161,(anonymous_6)
FN:173,(anonymous_7)
FN:195,(anonymous_8)
FN:214,(anonymous_9)
FN:233,(anonymous_10)
FN:276,(anonymous_11)
FNF:12
FNH:12
FNDA:4,(anonymous_0)
FNDA:8,(anonymous_1)
FNDA:3,(anonymous_2)
FNDA:8,(anonymous_3)
FNDA:2,(anonymous_4)
FNDA:3,(anonymous_5)
FNDA:2,(anonymous_6)
FNDA:3,(anonymous_7)
FNDA:2,(anonymous_8)
FNDA:3,(anonymous_9)
FNDA:7,(anonymous_10)
FNDA:2,(anonymous_11)
DA:9,4
DA:10,2
DA:11,8
DA:12,8
DA:13,7
DA:14,7
DA:15,5
DA:16,5
DA:20,4
DA:22,1
DA:26,6
DA:32,6
DA:34,6
DA:35,2
DA:38,4
DA:48,4
DA:51,4
DA:52,4
DA:54,1
DA:57,4
DA:63,1
DA:66,2
DA:67,3
DA:68,3
DA:69,3
DA:70,2
DA:71,1
DA:73,2
DA:77,1
DA:80,2
DA:81,8
DA:82,8
DA:83,8
DA:85,8
DA:87,7
DA:93,7
DA:95,7
DA:96,2
DA:99,5
DA:100,5
DA:101,5
DA:102,5
DA:104,5
DA:106,5
DA:107,3
DA:108,3
DA:112,1
DA:114,2
DA:118,3
DA:120,3
DA:123,3
DA:129,1
DA:132,2
DA:133,2
DA:134,2
DA:135,2
DA:136,1
DA:141,1
DA:144,2
DA:145,3
DA:146,3
DA:148,3
DA:149,2
DA:151,1
DA:153,2
DA:157,1
DA:161,2
DA:162,2
DA:163,2
DA:164,2
DA:165,1
DA:169,1
DA:173,2
DA:174,3
DA:175,3
DA:177,3
DA:178,2
DA:179,1
DA:181,1
DA:182,1
DA:187,1
DA:191,1
DA:195,2
DA:196,2
DA:197,2
DA:199,2
DA:206,1
DA:210,1
DA:214,2
DA:215,3
DA:216,3
DA:218,3
DA:219,2
DA:220,1
DA:222,1
DA:223,1
DA:224,1
DA:229,1
DA:233,2
DA:234,7
DA:235,7
DA:236,7
DA:238,7
DA:239,4
DA:245,3
DA:247,3
DA:258,2
DA:267,2
DA:272,1
DA:276,2
DA:277,2
DA:278,2
DA:279,2
DA:280,1
DA:284,1
LF:115
LH:115
BRDA:9,0,0,1
BRDA:14,1,0,5
BRDA:14,1,1,2
BRDA:26,2,0,4
BRDA:26,2,1,2
BRDA:28,3,0,1
BRDA:28,3,1,1
BRDA:34,4,0,2
BRDA:34,4,1,4
BRDA:40,5,0,4
BRDA:40,5,1,1
BRDA:70,6,0,1
BRDA:70,6,1,1
BRDA:87,7,0,5
BRDA:87,7,1,2
BRDA:89,8,0,1
BRDA:89,8,1,1
BRDA:95,9,0,2
BRDA:95,9,1,5
BRDA:106,10,0,3
BRDA:106,10,1,2
BRDA:148,11,0,2
BRDA:148,11,1,1
BRDA:178,12,0,1
BRDA:178,12,1,1
BRDA:219,13,0,1
BRDA:219,13,1,1
BRDA:235,14,0,7
BRDA:235,14,1,3
BRDA:238,15,0,4
BRDA:238,15,1,3
BRF:31
BRH:31
end_of_record
TN:
SF:controllers\blogAI.controller.js
FN:18,(anonymous_0)
FN:20,(anonymous_1)
FN:27,(anonymous_2)
FN:35,(anonymous_3)
FN:49,(anonymous_4)
FN:59,(anonymous_5)
FN:63,(anonymous_6)
FN:99,(anonymous_7)
FN:190,(anonymous_8)
FN:198,(anonymous_9)
FN:228,(anonymous_10)
FN:276,(anonymous_11)
FN:350,(anonymous_12)
FN:416,(anonymous_13)
FNF:14
FNH:14
FNDA:38,(anonymous_0)
FNDA:53,(anonymous_1)
FNDA:33,(anonymous_2)
FNDA:23,(anonymous_3)
FNDA:17,(anonymous_4)
FNDA:12,(anonymous_5)
FNDA:21,(anonymous_6)
FNDA:28,(anonymous_7)
FNDA:18,(anonymous_8)
FNDA:16,(anonymous_9)
FNDA:29,(anonymous_10)
FNDA:3,(anonymous_11)
FNDA:60,(anonymous_12)
FNDA:10,(anonymous_13)
DA:10,2
DA:16,2
DA:18,38
DA:20,53
DA:27,33
DA:35,2
DA:36,23
DA:37,23
DA:38,3
DA:41,20
DA:42,20
DA:44,20
DA:45,14
DA:46,14
DA:47,14
DA:48,13
DA:49,17
DA:57,8
DA:59,12
DA:63,2
DA:64,21
DA:65,21
DA:66,1
DA:69,20
DA:70,20
DA:71,1
DA:74,19
DA:75,19
DA:76,19
DA:78,19
DA:79,1
DA:82,18
DA:84,16
DA:85,1
DA:88,15
DA:90,15
DA:91,1
DA:94,14
DA:98,14
DA:99,28
DA:102,14
DA:126,14
DA:127,14
DA:139,14
DA:141,14
DA:142,14
DA:144,14
DA:145,51
DA:146,51
DA:147,51
DA:154,51
DA:156,51
DA:166,27
DA:167,27
DA:168,9
DA:171,24
DA:173,51
DA:176,14
DA:177,5
DA:178,5
DA:179,5
DA:180,5
DA:186,9
DA:189,9
DA:190,9
DA:191,18
DA:192,18
DA:195,9
DA:196,9
DA:198,9
DA:199,16
DA:200,16
DA:201,2
DA:203,14
DA:204,14
DA:205,2
DA:207,12
DA:208,12
DA:209,1
DA:211,11
DA:212,11
DA:215,9
DA:222,7
DA:223,7
DA:224,7
DA:228,2
DA:229,29
DA:230,29
DA:231,1
DA:234,28
DA:235,28
DA:236,28
DA:238,28
DA:239,1
DA:242,27
DA:243,1
DA:246,26
DA:248,24
DA:249,1
DA:252,23
DA:253,1
DA:256,22
DA:258,22
DA:259,1
DA:267,21
DA:269,21
DA:271,21
DA:272,6
DA:273,1
DA:276,6
DA:277,3
DA:280,6
DA:281,2
DA:282,1
DA:291,1
DA:295,19
DA:296,1
DA:299,18
DA:301,18
DA:302,2
DA:303,2
DA:304,1
DA:306,1
DA:309,17
DA:311,17
DA:312,1
DA:315,16
DA:319,16
DA:323,16
DA:329,16
DA:348,16
DA:350,16
DA:351,60
DA:358,60
DA:360,60
DA:365,60
DA:371,16
DA:385,16
DA:386,16
DA:388,16
DA:389,60
DA:390,60
DA:391,60
DA:392,18
DA:393,10
DA:396,42
DA:398,60
DA:401,16
DA:402,6
DA:403,6
DA:404,6
DA:405,6
DA:411,10
DA:416,10
DA:421,10
DA:422,10
DA:423,10
DA:424,10
DA:426,10
DA:427,530
DA:428,530
DA:429,1
DA:430,1
DA:434,10
DA:435,1
DA:438,10
DA:439,4
DA:440,1
DA:442,3
DA:445,4
DA:447,4
DA:449,4
DA:458,6
DA:459,6
DA:461,6
DA:468,8
DA:469,8
DA:470,8
LF:178
LH:178
BRDA:18,0,0,1
BRDA:20,1,0,1
BRDA:27,2,0,1
BRDA:35,3,0,1
BRDA:37,4,0,3
BRDA:37,4,1,20
BRDA:44,5,0,14
BRDA:44,5,1,6
BRDA:44,6,0,20
BRDA:44,6,1,14
BRDA:44,6,2,14
BRDA:48,7,0,12
BRDA:48,7,1,1
BRDA:65,8,0,1
BRDA:65,8,1,20
BRDA:70,9,0,1
BRDA:70,9,1,19
BRDA:74,10,0,19
BRDA:74,10,1,18
BRDA:75,11,0,19
BRDA:75,11,1,4
BRDA:76,12,0,19
BRDA:76,12,1,1
BRDA:78,13,0,1
BRDA:78,13,1,18
BRDA:84,14,0,1
BRDA:84,14,1,15
BRDA:90,15,0,1
BRDA:90,15,1,14
BRDA:94,16,0,1
BRDA:94,16,1,13
BRDA:126,17,0,14
BRDA:126,17,1,1
BRDA:144,18,0,65
BRDA:144,18,1,60
BRDA:162,19,0,51
BRDA:162,19,1,1
BRDA:166,20,0,27
BRDA:166,20,1,18
BRDA:167,21,0,9
BRDA:167,21,1,18
BRDA:176,22,0,5
BRDA:176,22,1,9
BRDA:177,23,0,5
BRDA:177,23,1,2
BRDA:178,24,0,5
BRDA:178,24,1,3
BRDA:179,25,0,1
BRDA:179,25,1,4
BRDA:200,26,0,2
BRDA:200,26,1,14
BRDA:204,27,0,2
BRDA:204,27,1,12
BRDA:208,28,0,1
BRDA:208,28,1,11
BRDA:222,29,0,5
BRDA:222,29,1,2
BRDA:223,30,0,6
BRDA:223,30,1,1
BRDA:230,31,0,1
BRDA:230,31,1,28
BRDA:235,32,0,28
BRDA:235,32,1,22
BRDA:238,33,0,1
BRDA:238,33,1,27
BRDA:242,34,0,1
BRDA:242,34,1,26
BRDA:248,35,0,1
BRDA:248,35,1,23
BRDA:252,36,0,1
BRDA:252,36,1,22
BRDA:256,37,0,22
BRDA:256,37,1,20
BRDA:258,38,0,1
BRDA:258,38,1,21
BRDA:258,39,0,22
BRDA:258,39,1,16
BRDA:271,40,0,6
BRDA:271,40,1,15
BRDA:272,41,0,1
BRDA:272,41,1,5
BRDA:277,42,0,3
BRDA:277,42,1,3
BRDA:280,43,0,2
BRDA:280,43,1,4
BRDA:281,44,0,1
BRDA:281,44,1,1
BRDA:295,45,0,1
BRDA:295,45,1,18
BRDA:295,46,0,19
BRDA:295,46,1,3
BRDA:301,47,0,2
BRDA:301,47,1,16
BRDA:303,48,0,1
BRDA:303,48,1,1
BRDA:311,49,0,1
BRDA:311,49,1,16
BRDA:315,50,0,1
BRDA:315,50,1,15
BRDA:348,51,0,16
BRDA:348,51,1,1
BRDA:388,52,0,76
BRDA:388,52,1,70
BRDA:392,53,0,10
BRDA:392,53,1,8
BRDA:401,54,0,6
BRDA:401,54,1,10
BRDA:402,55,0,6
BRDA:402,55,1,1
BRDA:403,56,0,6
BRDA:403,56,1,5
BRDA:404,57,0,1
BRDA:404,57,1,5
BRDA:428,58,0,1
BRDA:428,58,1,529
BRDA:434,59,0,1
BRDA:434,59,1,9
BRDA:438,60,0,4
BRDA:438,60,1,6
BRDA:439,61,0,1
BRDA:439,61,1,3
BRDA:447,62,0,1
BRDA:447,62,1,3
BRDA:468,63,0,6
BRDA:468,63,1,2
BRDA:469,64,0,7
BRDA:469,64,1,1
BRF:127
BRH:127
end_of_record
TN:
SF:controllers\follow.controller.js
FN:7,(anonymous_0)
FN:56,(anonymous_1)
FN:80,(anonymous_2)
FN:92,(anonymous_3)
FN:100,(anonymous_4)
FN:112,(anonymous_5)
FN:120,(anonymous_6)
FN:139,(anonymous_7)
FNF:8
FNH:8
FNDA:9,(anonymous_0)
FNDA:4,(anonymous_1)
FNDA:4,(anonymous_2)
FNDA:2,(anonymous_3)
FNDA:4,(anonymous_4)
FNDA:2,(anonymous_5)
FNDA:3,(anonymous_6)
FNDA:3,(anonymous_7)
DA:7,2
DA:8,9
DA:9,9
DA:10,9
DA:12,8
DA:13,1
DA:17,7
DA:18,1
DA:22,6
DA:23,6
DA:24,2
DA:28,4
DA:33,4
DA:35,1
DA:36,1
DA:40,3
DA:43,3
DA:44,3
DA:47,1
DA:50,3
DA:52,1
DA:56,2
DA:57,4
DA:58,4
DA:59,4
DA:62,4
DA:67,3
DA:68,1
DA:71,2
DA:76,1
DA:80,2
DA:81,4
DA:82,4
DA:84,4
DA:90,3
DA:92,2
DA:96,1
DA:100,2
DA:101,4
DA:102,4
DA:104,4
DA:110,3
DA:112,2
DA:116,1
DA:120,2
DA:121,3
DA:122,3
DA:123,3
DA:125,3
DA:130,2
DA:135,1
DA:139,2
DA:140,3
DA:141,3
DA:143,3
DA:144,2
DA:146,2
DA:152,1
LF:58
LH:58
BRDA:12,0,0,1
BRDA:12,0,1,7
BRDA:17,1,0,1
BRDA:17,1,1,6
BRDA:23,2,0,2
BRDA:23,2,1,4
BRDA:33,3,0,1
BRDA:33,3,1,3
BRDA:67,4,0,1
BRDA:67,4,1,2
BRF:10
BRH:10
end_of_record
TN:
SF:controllers\notification.controller.js
FN:3,(anonymous_0)
FN:14,(anonymous_1)
FN:26,(anonymous_2)
FN:38,(anonymous_3)
FNF:4
FNH:4
FNDA:2,(anonymous_0)
FNDA:2,(anonymous_1)
FNDA:2,(anonymous_2)
FNDA:2,(anonymous_3)
DA:3,2
DA:4,2
DA:5,2
DA:8,1
DA:10,1
DA:14,2
DA:15,2
DA:16,2
DA:20,1
DA:22,1
DA:26,2
DA:27,2
DA:28,2
DA:32,1
DA:34,1
DA:38,2
DA:39,2
DA:40,2
DA:41,1
DA:43,1
LF:20
LH:20
BRF:0
BRH:0
end_of_record
TN:
SF:controllers\save.controller.js
FN:6,(anonymous_0)
FN:9,(anonymous_1)
FN:30,(anonymous_2)
FN:57,(anonymous_3)
FN:87,(anonymous_4)
FN:103,(anonymous_5)
FNF:6
FNH:6
FNDA:12,(anonymous_0)
FNDA:7,(anonymous_1)
FNDA:1,(anonymous_2)
FNDA:5,(anonymous_3)
FNDA:6,(anonymous_4)
FNDA:2,(anonymous_5)
DA:6,2
DA:7,12
DA:9,2
DA:10,7
DA:11,7
DA:13,7
DA:14,1
DA:17,6
DA:18,6
DA:19,1
DA:22,5
DA:23,4
DA:24,1
DA:27,3
DA:29,3
DA:30,1
DA:33,3
DA:34,3
DA:36,3
DA:37,1
DA:38,1
DA:39,1
DA:41,2
DA:44,3
DA:46,3
DA:53,1
DA:57,2
DA:58,5
DA:59,5
DA:70,4
DA:71,1
DA:74,3
DA:76,3
DA:78,3
DA:83,1
DA:87,2
DA:88,6
DA:89,6
DA:91,6
DA:92,1
DA:95,5
DA:96,4
DA:97,1
DA:100,3
DA:102,3
DA:103,2
DA:106,3
DA:111,1
LF:48
LH:48
BRDA:7,0,0,8
BRDA:7,0,1,4
BRDA:13,1,0,1
BRDA:13,1,1,6
BRDA:18,2,0,1
BRDA:18,2,1,5
BRDA:23,3,0,1
BRDA:23,3,1,3
BRDA:36,4,0,1
BRDA:36,4,1,2
BRDA:70,5,0,1
BRDA:70,5,1,3
BRDA:91,6,0,1
BRDA:91,6,1,5
BRDA:96,7,0,1
BRDA:96,7,1,3
BRF:16
BRH:16
end_of_record
TN:
SF:controllers\view.controller.js
FN:5,(anonymous_0)
FN:40,(anonymous_1)
FN:73,(anonymous_2)
FNF:3
FNH:3
FNDA:13,(anonymous_0)
FNDA:1,(anonymous_1)
FNDA:4,(anonymous_2)
DA:5,2
DA:6,13
DA:7,13
DA:8,13
DA:10,12
DA:11,12
DA:12,1
DA:15,11
DA:16,10
DA:18,9
DA:24,6
DA:25,1
DA:32,5
DA:38,5
DA:40,2
DA:41,2
DA:44,3
DA:51,4
DA:52,3
DA:53,3
DA:54,3
DA:55,1
DA:61,2
DA:67,3
DA:69,1
DA:73,2
DA:74,4
DA:75,4
DA:76,4
DA:78,3
DA:79,2
DA:81,1
DA:83,1
LF:33
LH:33
BRDA:8,0,0,1
BRDA:8,0,1,12
BRDA:11,1,0,1
BRDA:11,1,1,11
BRDA:16,2,0,1
BRDA:16,2,1,9
BRDA:24,3,0,1
BRDA:24,3,1,5
BRDA:27,4,0,1
BRDA:27,4,1,1
BRDA:38,5,0,2
BRDA:38,5,1,3
BRDA:46,6,0,3
BRDA:46,6,1,1
BRDA:51,7,0,3
BRDA:51,7,1,1
BRDA:52,8,0,3
BRDA:52,8,1,1
BRDA:54,9,0,1
BRDA:54,9,1,2
BRDA:54,10,0,3
BRDA:54,10,1,2
BRDA:76,11,0,1
BRDA:76,11,1,3
BRDA:79,12,0,1
BRDA:79,12,1,1
BRDA:81,13,0,1
BRDA:81,13,1,1
BRF:28
BRH:28
end_of_record
TN:
SF:helpers\handleError.js
FN:1,(anonymous_0)
FNF:1
FNH:1
FNDA:158,(anonymous_0)
DA:1,26
DA:2,158
DA:3,158
DA:4,158
DA:5,158
LF:5
LH:5
BRF:0
BRH:0
end_of_record
TN:
SF:middleware\authenticate.js
FN:5,(anonymous_0)
FNF:1
FNH:1
FNDA:10,(anonymous_0)
DA:5,11
DA:6,10
DA:7,10
DA:8,10
DA:9,2
DA:12,8
DA:13,4
DA:15,4
DA:16,1
DA:19,3
DA:20,1
DA:23,2
DA:31,2
DA:33,4
DA:34,2
DA:36,2
LF:16
LH:16
BRDA:8,0,0,2
BRDA:8,0,1,8
BRDA:15,1,0,1
BRDA:15,1,1,3
BRDA:19,2,0,1
BRDA:19,2,1,2
BRDA:33,3,0,2
BRDA:33,3,1,2
BRDA:33,4,0,4
BRDA:33,4,1,3
BRF:10
BRH:10
end_of_record
TN:
SF:models\OtpCode.model.js
FNF:0
FNH:0
DA:3,3
DA:20,3
DA:22,3
LF:3
LH:3
BRF:0
BRH:0
end_of_record
TN:
SF:models\blog.model.js
FNF:0
FNH:0
DA:3,16
DA:64,16
LF:2
LH:2
BRF:0
BRH:0
end_of_record
TN:
SF:models\bloglike.model.js
FNF:0
FNH:0
DA:3,4
DA:16,4
LF:2
LH:2
BRF:0
BRH:0
end_of_record
TN:
SF:models\category.model.js
FNF:0
FNH:0
DA:3,13
DA:17,13
LF:2
LH:2
BRF:0
BRH:0
end_of_record
TN:
SF:models\comment.model.js
FNF:0
FNH:0
DA:3,2
DA:21,2
LF:2
LH:2
BRF:0
BRH:0
end_of_record
TN:
SF:models\follow.model.js
FNF:0
FNH:0
DA:3,8
DA:17,8
DA:19,8
LF:3
LH:3
BRF:0
BRH:0
end_of_record
TN:
SF:models\notification.model.js
FNF:0
FNH:0
DA:3,7
DA:17,7
LF:2
LH:2
BRF:0
BRH:0
end_of_record
TN:
SF:models\user.model.js
FNF:0
FNH:0
DA:3,27
DA:47,27
LF:2
LH:2
BRF:0
BRH:0
end_of_record
TN:
SF:models\view.model.js
FNF:0
FNH:0
DA:3,2
DA:20,2
DA:22,2
LF:3
LH:3
BRF:0
BRH:0
end_of_record
TN:
SF:routes\Auth.route.js
FNF:0
FNH:0
DA:6,1
DA:8,1
DA:9,1
DA:10,1
DA:11,1
DA:13,1
DA:14,1
LF:7
LH:7
BRF:0
BRH:0
end_of_record
TN:
SF:routes\Blog.route.js
FNF:0
FNH:0
DA:6,1
DA:8,1
DA:9,1
DA:10,1
DA:11,1
DA:12,1
DA:14,1
DA:15,1
DA:16,1
DA:17,1
DA:18,1
DA:20,1
LF:12
LH:12
BRF:0
BRH:0
end_of_record
TN:
SF:routes\Bloglike.route.js
FNF:0
FNH:0
DA:5,1
DA:7,1
DA:8,1
DA:9,1
LF:4
LH:4
BRF:0
BRH:0
end_of_record
TN:
SF:routes\Category.route.js
FNF:0
FNH:0
DA:4,1
DA:6,1
DA:7,1
DA:8,1
DA:9,1
DA:10,1
LF:6
LH:6
BRF:0
BRH:0
end_of_record
TN:
SF:routes\Comment.route.js
FNF:0
FNH:0
DA:5,1
DA:7,1
DA:8,1
DA:9,1
DA:10,1
DA:11,1
LF:6
LH:6
BRF:0
BRH:0
end_of_record
TN:
SF:routes\User.route.js
FNF:0
FNH:0
DA:6,1
DA:8,1
DA:10,1
DA:11,1
DA:12,1
DA:13,1
DA:14,1
DA:15,1
DA:16,1
LF:9
LH:9
BRF:0
BRH:0
end_of_record
TN:
SF:routes\blogAI.route.js
FNF:0
FNH:0
DA:5,1
DA:7,1
DA:8,1
LF:3
LH:3
BRF:0
BRH:0
end_of_record
TN:
SF:routes\follow.route.js
FNF:0
FNH:0
DA:5,1
DA:7,1
DA:9,1
DA:10,1
DA:11,1
DA:12,1
DA:13,1
DA:14,1
LF:8
LH:8
BRF:0
BRH:0
end_of_record
TN:
SF:routes\notification.route.js
FNF:0
FNH:0
DA:10,1
DA:12,1
DA:13,1
DA:14,1
DA:15,1
LF:5
LH:5
BRF:0
BRH:0
end_of_record
TN:
SF:routes\save.route.js
FNF:0
FNH:0
DA:5,1
DA:7,1
DA:8,1
DA:9,1
LF:4
LH:4
BRF:0
BRH:0
end_of_record
TN:
SF:routes\view.route.js
FNF:0
FNH:0
DA:5,1
DA:7,1
DA:8,1
LF:3
LH:3
BRF:0
BRH:0
end_of_record
TN:
SF:utils\EmailTemplate.js
FNF:0
FNH:0
DA:1,3
LF:1
LH:1
BRF:0
BRH:0
end_of_record
TN:
SF:utils\Otp.js
FN:6,(anonymous_0)
FN:8,(anonymous_1)
FN:12,(anonymous_2)
FN:48,(anonymous_3)
FN:55,(anonymous_4)
FN:91,(anonymous_5)
FNF:6
FNH:6
FNDA:34,(anonymous_0)
FNDA:26,(anonymous_1)
FNDA:21,(anonymous_2)
FNDA:11,(anonymous_3)
FNDA:9,(anonymous_4)
FNDA:19,(anonymous_5)
DA:3,3
DA:4,3
DA:6,34
DA:8,3
DA:9,26
DA:12,3
DA:13,21
DA:14,2
DA:17,19
DA:18,1
DA:21,18
DA:22,18
DA:23,18
DA:25,18
DA:27,18
DA:28,16
DA:31,18
DA:32,18
DA:33,18
DA:34,18
DA:35,18
DA:36,18
DA:37,18
DA:39,18
DA:41,17
DA:42,9
DA:45,17
DA:48,3
DA:49,11
DA:50,9
DA:51,9
DA:52,9
DA:55,3
DA:56,9
DA:57,9
DA:59,9
DA:60,2
DA:61,2
DA:62,2
DA:65,7
DA:66,2
DA:67,2
DA:68,2
DA:69,2
DA:70,2
DA:71,2
DA:74,5
DA:75,5
DA:76,5
DA:77,5
DA:78,5
DA:79,5
DA:80,5
DA:82,5
DA:84,5
DA:85,3
DA:88,5
DA:91,3
DA:92,19
DA:93,19
DA:94,2
DA:95,2
DA:96,2
DA:99,17
DA:100,2
DA:101,2
DA:102,2
DA:103,2
DA:106,15
DA:107,2
DA:108,2
DA:109,2
DA:110,2
DA:111,2
DA:114,13
DA:116,13
DA:118,13
LF:77
LH:77
BRDA:3,0,0,3
BRDA:3,0,1,1
BRDA:4,1,0,3
BRDA:4,1,1,1
BRDA:13,2,0,2
BRDA:13,2,1,19
BRDA:17,3,0,1
BRDA:17,3,1,18
BRDA:27,4,0,16
BRDA:27,4,1,2
BRDA:41,5,0,9
BRDA:41,5,1,8
BRDA:49,6,0,2
BRDA:49,6,1,9
BRDA:59,7,0,2
BRDA:59,7,1,7
BRDA:65,8,0,2
BRDA:65,8,1,5
BRDA:80,9,0,5
BRDA:80,9,1,5
BRDA:84,10,0,3
BRDA:84,10,1,2
BRDA:93,11,0,2
BRDA:93,11,1,17
BRDA:99,12,0,2
BRDA:99,12,1,15
BRDA:106,13,0,2
BRDA:106,13,1,13
BRDA:107,14,0,2
BRDA:107,14,1,2
BRF:30
BRH:30
end_of_record
TN:
SF:utils\createNotification.js
FN:5,initNotificationIO
FN:9,createNotification
FNF:2
FNH:2
FNDA:15,initNotificationIO
FNDA:12,createNotification
DA:6,15
DA:10,12
DA:12,12
DA:14,7
DA:15,7
DA:17,1
DA:18,1
DA:20,1
DA:21,1
DA:23,1
DA:24,1
DA:26,1
DA:27,1
DA:29,1
DA:32,12
DA:41,11
DA:42,3
DA:45,11
LF:18
LH:18
BRDA:9,0,0,1
BRDA:12,1,0,7
BRDA:12,1,1,1
BRDA:12,1,2,1
BRDA:12,1,3,1
BRDA:12,1,4,1
BRDA:12,1,5,1
BRDA:41,2,0,3
BRDA:41,2,1,8
BRDA:41,3,0,11
BRDA:41,3,1,3
BRF:11
BRH:11
end_of_record
TN:
SF:utils\mailer.js
FN:13,(anonymous_0)
FNF:1
FNH:1
FNDA:8,(anonymous_0)
DA:2,3
DA:6,3
DA:13,3
DA:14,8
DA:21,8
LF:5
LH:5
BRDA:8,0,0,3
BRDA:8,0,1,1
BRF:2
BRH:2
end_of_record
TN:
SF:utils\notifyTriggers.js
FN:7,(anonymous_0)
FN:13,(anonymous_1)
FN:22,notifyLike
FN:40,notifyComment
FN:58,notifyReply
FN:73,notifyFollow
FN:85,notifyFollowersNewPost
FN:93,(anonymous_7)
FNF:8
FNH:8
FNDA:16,(anonymous_0)
FNDA:3,(anonymous_1)
FNDA:10,notifyLike
FNDA:4,notifyComment
FNDA:4,notifyReply
FNDA:3,notifyFollow
FNDA:5,notifyFollowersNewPost
FNDA:3,(anonymous_7)
DA:7,5
DA:8,16
DA:9,1
DA:12,15
DA:13,15
DA:15,15
DA:16,1
DA:19,14
DA:23,10
DA:27,10
DA:28,9
DA:30,8
DA:31,8
DA:41,4
DA:45,4
DA:46,3
DA:48,2
DA:49,2
DA:59,4
DA:60,3
DA:61,3
DA:64,3
DA:74,3
DA:75,2
DA:76,2
DA:86,5
DA:87,5
DA:90,5
DA:92,3
DA:93,3
DA:95,3
DA:96,3
LF:32
LH:32
BRDA:8,0,0,1
BRDA:8,0,1,15
BRDA:12,1,0,14
BRDA:12,1,1,1
BRDA:15,2,0,1
BRDA:15,2,1,14
BRDA:27,3,0,1
BRDA:27,3,1,9
BRDA:28,4,0,1
BRDA:28,4,1,8
BRDA:36,5,0,8
BRDA:36,5,1,2
BRDA:45,6,0,1
BRDA:45,6,1,3
BRDA:46,7,0,1
BRDA:46,7,1,2
BRDA:54,8,0,2
BRDA:54,8,1,1
BRDA:59,9,0,1
BRDA:59,9,1,3
BRDA:69,10,0,3
BRDA:69,10,1,1
BRDA:74,11,0,1
BRDA:74,11,1,2
BRDA:81,12,0,2
BRDA:81,12,1,1
BRDA:90,13,0,2
BRDA:90,13,1,3
BRDA:90,14,0,5
BRDA:90,14,1,4
BRDA:101,15,0,3
BRDA:101,15,1,1
BRF:32
BRH:32
end_of_record
